<?xml version="1.0" encoding="utf-8"?><testsuites name="pytest tests"><testsuite name="pytest" errors="0" failures="2" skipped="0" tests="7" time="2.178" timestamp="2026-05-21T20:46:24.957155+00:00" hostname="agent-env-38880476-a138-476b-9072-edd20dcc467d"><testcase classname="backend.tests.test_bf_all_schools" name="test_admin_no_school_id_returns_all_schools_consolidated" time="0.588" /><testcase classname="backend.tests.test_bf_all_schools" name="test_admin_all_schools_students_have_school_id_and_name" time="0.132"><failure message="AssertionError: missing school_name on student 62b43fd8-0040-460a-b3e7-ae0557a4112e (school_id=operational-diary)&#10;assert ''&#10; +  where '' = &lt;built-in method get of dict object at 0xf807d42df100&gt;('school_name')&#10; +    where &lt;built-in method get of dict object at 0xf807d42df100&gt; = {'birth_date': '2015-01-01', 'class_name': '', 'contact': '', 'full_name': 'Teste Final Dup', ...}.get">backend/tests/test_bf_all_schools.py:67: in test_admin_all_schools_students_have_school_id_and_name
    assert s.get("school_name"), f"missing school_name on student {s.get('id')} (school_id={s.get('school_id')})"
E   AssertionError: missing school_name on student 62b43fd8-0040-460a-b3e7-ae0557a4112e (school_id=operational-diary)
E   assert ''
E    +  where '' = &lt;built-in method get of dict object at 0xf807d42df100&gt;('school_name')
E    +    where &lt;built-in method get of dict object at 0xf807d42df100&gt; = {'birth_date': '2015-01-01', 'class_name': '', 'contact': '', 'full_name': 'Teste Final Dup', ...}.get</failure></testcase><testcase classname="backend.tests.test_bf_all_schools" name="test_admin_all_schools_covers_multiple_schools" time="0.137" /><testcase classname="backend.tests.test_bf_all_schools" name="test_admin_class_id_ignored_in_all_schools_mode" time="0.340"><failure message="AssertionError: class_id must be ignored in all-schools mode; totals diverge&#10;assert 1 == 6">backend/tests/test_bf_all_schools.py:104: in test_admin_class_id_ignored_in_all_schools_mode
    assert r_with_class.json()["total"] == r_no_class.json()["total"], (
E   AssertionError: class_id must be ignored in all-schools mode; totals diverge
E   assert 1 == 6</failure></testcase><testcase classname="backend.tests.test_bf_all_schools" name="test_admin_with_school_id_normal_mode" time="0.138" /><testcase classname="backend.tests.test_bf_all_schools" name="test_ass_social_2_no_school_id_returns_403" time="0.588" /><testcase classname="backend.tests.test_bf_all_schools" name="test_ass_social_2_with_school_id_still_works" time="0.178" /></testsuite></testsuites>