<?xml version="1.0" encoding="utf-8"?><testsuites name="pytest tests"><testsuite name="pytest" errors="0" failures="0" skipped="0" tests="12" time="4.902" timestamp="2026-07-28T17:08:19.197183+00:00" hostname="agent-env-d0424b6b-e770-40f3-9f50-0a03f8720de2"><testcase classname="tests.test_ctue_dossie" name="test_dossie_default_returns_valid_pdf" time="1.834" /><testcase classname="tests.test_ctue_dossie" name="test_dossie_profile_mp_returns_valid_pdf" time="0.186" /><testcase classname="tests.test_ctue_dossie" name="test_dossie_contains_all_required_sections" time="0.271" /><testcase classname="tests.test_ctue_dossie" name="test_dossie_has_gestor_and_summary_table_headers" time="0.227" /><testcase classname="tests.test_ctue_dossie" name="test_dossie_no_out_of_scope_content" time="0.255" /><testcase classname="tests.test_ctue_dossie" name="test_dossie_uses_nao_informado_for_missing_values" time="0.317" /><testcase classname="tests.test_ctue_dossie" name="test_profile_changes_conformity_numbers" time="0.788" /><testcase classname="tests.test_ctue_dossie" name="test_pdf_section_rows_match_service" time="0.396" /><testcase classname="tests.test_ctue_dossie" name="test_dossie_requires_auth" time="0.107" /><testcase classname="tests.test_ctue_dossie" name="test_dossie_invalid_token" time="0.118" /><testcase classname="tests.test_ctue_dossie" name="test_dossie_school_not_found" time="0.140" /><testcase classname="tests.test_ctue_dossie" name="test_dossie_invalid_profile_does_not_500" time="0.170" /></testsuite></testsuites>