<?xml version="1.0" encoding="utf-8"?><testsuites name="pytest tests"><testsuite name="pytest" errors="0" failures="0" skipped="0" tests="13" time="4.228" timestamp="2026-07-28T16:54:41.392520+00:00" hostname="agent-env-d0424b6b-e770-40f3-9f50-0a03f8720de2"><testcase classname="tests.test_ctue_network_panel.TestContract" name="test_top_level_keys" time="1.516" /><testcase classname="tests.test_ctue_network_panel.TestContract" name="test_executive_keys" time="0.133" /><testcase classname="tests.test_ctue_network_panel.TestContract" name="test_alerts_shape" time="0.137" /><testcase classname="tests.test_ctue_network_panel.TestContract" name="test_priorities_shape" time="0.134" /><testcase classname="tests.test_ctue_network_panel.TestContract" name="test_comparativos_and_map" time="0.149" /><testcase classname="tests.test_ctue_network_panel.TestContract" name="test_evolucao_slot" time="0.143" /><testcase classname="tests.test_ctue_network_panel.TestProfiles" name="test_profile_changes_metrics" time="0.353" /><testcase classname="tests.test_ctue_network_panel.TestProfiles" name="test_profile_echoed" time="0.145" /><testcase classname="tests.test_ctue_network_panel.TestOrdering" name="test_alerts_sorted_by_severity" time="0.142" /><testcase classname="tests.test_ctue_network_panel.TestOrdering" name="test_priorities_sorted_and_sequential" time="0.135" /><testcase classname="tests.test_ctue_network_panel.TestCacheInvalidation" name="test_two_calls_consistent" time="0.286" /><testcase classname="tests.test_ctue_network_panel.TestCacheInvalidation" name="test_school_update_invalidates_cache" time="0.746" /><testcase classname="tests.test_ctue_network_panel" name="test_requires_auth" time="0.107" /></testsuite></testsuites>