<?xml version="1.0" encoding="utf-8"?><testsuites name="pytest tests"><testsuite name="pytest" errors="0" failures="0" skipped="0" tests="9" time="3.832" timestamp="2026-07-29T16:00:19.586122+00:00" hostname="agent-env-d0424b6b-e770-40f3-9f50-0a03f8720de2"><testcase classname="tests.test_ctue_secoes_informativas.TestSecoesInformativas" name="test_01_baseline_conformity" time="1.690" /><testcase classname="tests.test_ctue_secoes_informativas.TestSecoesInformativas" name="test_02_put_persiste_arrays" time="0.292" /><testcase classname="tests.test_ctue_secoes_informativas.TestSecoesInformativas" name="test_03_list_schools_retorna_arrays" time="0.163" /><testcase classname="tests.test_ctue_secoes_informativas.TestSecoesInformativas" name="test_04_conformidade_inalterada" time="0.134" /><testcase classname="tests.test_ctue_secoes_informativas.TestSecoesInformativas" name="test_05_secoes_permanecem_nao_avaliadas" time="0.168" /><testcase classname="tests.test_ctue_secoes_informativas.TestSecoesInformativas" name="test_06_label_localizacao_georreferenciamento" time="0.176" /><testcase classname="tests.test_ctue_secoes_informativas.TestSecoesInformativas" name="test_07_dossie_secoes_9_10_11" time="0.556" /><testcase classname="tests.test_ctue_secoes_informativas.TestSecoesInformativas" name="test_08_remocao_persiste" time="0.295" /><testcase classname="tests.test_ctue_secoes_informativas.TestSecoesInformativas" name="test_09_put_sem_token_401" time="0.259" /></testsuite></testsuites>