<?xml version="1.0" encoding="utf-8"?><testsuites name="pytest tests"><testsuite name="pytest" errors="0" failures="0" skipped="0" tests="46" time="16.737" timestamp="2026-07-29T16:00:30.126513+00:00" hostname="agent-env-d0424b6b-e770-40f3-9f50-0a03f8720de2"><testcase classname="tests.test_ctue_conformity.TestProfiles" name="test_profiles_list" time="1.559" /><testcase classname="tests.test_ctue_conformity.TestProfiles" name="test_profiles_requires_auth" time="0.141" /><testcase classname="tests.test_ctue_conformity.TestOverview" name="test_contract" time="0.134" /><testcase classname="tests.test_ctue_conformity.TestOverview" name="test_no_mongo_objectid_leak" time="0.000" /><testcase classname="tests.test_ctue_conformity.TestOverview" name="test_profile_changes_overview_numbers" time="0.147" /><testcase classname="tests.test_ctue_conformity.TestSchoolConformity" name="test_full_contract" time="0.187" /><testcase classname="tests.test_ctue_conformity.TestSchoolConformity" name="test_fase_d_sections_nao_avaliado" time="0.125" /><testcase classname="tests.test_ctue_conformity.TestSchoolConformity" name="test_fase_d_does_not_reduce_conformity" time="0.128" /><testcase classname="tests.test_ctue_conformity.TestSchoolConformity" name="test_all_profiles_work[default]" time="0.144" /><testcase classname="tests.test_ctue_conformity.TestSchoolConformity" name="test_all_profiles_work[educacao_integral]" time="0.140" /><testcase classname="tests.test_ctue_conformity.TestSchoolConformity" name="test_all_profiles_work[fnde]" time="0.141" /><testcase classname="tests.test_ctue_conformity.TestSchoolConformity" name="test_all_profiles_work[infraestrutura]" time="0.133" /><testcase classname="tests.test_ctue_conformity.TestSchoolConformity" name="test_all_profiles_work[mp]" time="0.140" /><testcase classname="tests.test_ctue_conformity.TestSchoolConformity" name="test_all_profiles_work[seguranca]" time="0.127" /><testcase classname="tests.test_ctue_conformity.TestSchoolConformity" name="test_all_profiles_work[tcm]" time="0.138" /><testcase classname="tests.test_ctue_conformity.TestSchoolConformity" name="test_profile_changes_same_school" time="0.427" /><testcase classname="tests.test_ctue_conformity.TestSchoolConformity" name="test_school_not_found" time="0.115" /><testcase classname="tests.test_ctue_conformity.TestSchoolConformity" name="test_requires_auth" time="0.133" /><testcase classname="tests.test_ctue_conformity.TestEditRaisesConformity" name="test_seguranca_fields_raise_conformity_and_refresh" time="0.680" /><testcase classname="tests.test_ctue_conformity.TestEditRaisesConformity" name="test_schools_crud_regression" time="1.120" /><testcase classname="tests.test_ctue_conformity.TestEditRaisesConformity" name="test_gestor_principal_persists_and_appears_in_overview" time="0.728" /><testcase classname="tests.test_ctue_network_panel.TestContract" name="test_top_level_keys" time="1.522" /><testcase classname="tests.test_ctue_network_panel.TestContract" name="test_executive_keys" time="0.136" /><testcase classname="tests.test_ctue_network_panel.TestContract" name="test_alerts_shape" time="0.114" /><testcase classname="tests.test_ctue_network_panel.TestContract" name="test_priorities_shape" time="0.159" /><testcase classname="tests.test_ctue_network_panel.TestContract" name="test_comparativos_and_map" time="0.108" /><testcase classname="tests.test_ctue_network_panel.TestContract" name="test_evolucao_slot" time="0.122" /><testcase classname="tests.test_ctue_network_panel.TestProfiles" name="test_profile_changes_metrics" time="0.535" /><testcase classname="tests.test_ctue_network_panel.TestProfiles" name="test_profile_echoed" time="0.119" /><testcase classname="tests.test_ctue_network_panel.TestOrdering" name="test_alerts_sorted_by_severity" time="0.160" /><testcase classname="tests.test_ctue_network_panel.TestOrdering" name="test_priorities_sorted_and_sequential" time="0.140" /><testcase classname="tests.test_ctue_network_panel.TestCacheInvalidation" name="test_two_calls_consistent" time="0.312" /><testcase classname="tests.test_ctue_network_panel.TestCacheInvalidation" name="test_school_update_invalidates_cache" time="0.821" /><testcase classname="tests.test_ctue_network_panel" name="test_requires_auth" time="0.224" /><testcase classname="tests.test_ctue_dossie" name="test_dossie_default_returns_valid_pdf" time="1.801" /><testcase classname="tests.test_ctue_dossie" name="test_dossie_profile_mp_returns_valid_pdf" time="0.255" /><testcase classname="tests.test_ctue_dossie" name="test_dossie_contains_all_required_sections" time="0.390" /><testcase classname="tests.test_ctue_dossie" name="test_dossie_has_gestor_and_summary_table_headers" time="0.373" /><testcase classname="tests.test_ctue_dossie" name="test_dossie_no_out_of_scope_content" time="0.359" /><testcase classname="tests.test_ctue_dossie" name="test_dossie_uses_nao_informado_for_missing_values" time="0.334" /><testcase classname="tests.test_ctue_dossie" name="test_profile_changes_conformity_numbers" time="1.034" /><testcase classname="tests.test_ctue_dossie" name="test_pdf_section_rows_match_service" time="0.468" /><testcase classname="tests.test_ctue_dossie" name="test_dossie_requires_auth" time="0.148" /><testcase classname="tests.test_ctue_dossie" name="test_dossie_invalid_token" time="0.137" /><testcase classname="tests.test_ctue_dossie" name="test_dossie_school_not_found" time="0.134" /><testcase classname="tests.test_ctue_dossie" name="test_dossie_invalid_profile_does_not_500" time="0.114" /></testsuite></testsuites>