<?xml version="1.0" encoding="utf-8"?><testsuites name="pytest tests"><testsuite name="pytest" errors="0" failures="1" skipped="0" tests="8" time="7.402" timestamp="2026-04-26T22:23:53.305543+00:00" hostname="agent-env-0a4e9b17-869d-44b8-b432-0e35910b8d0e"><testcase classname="tests.test_freeze_origin_and_migration" name="test_copy_data_marks_migration_for_attendance_and_grades" time="0.598" /><testcase classname="tests.test_freeze_origin_and_migration" name="test_blocked_after_action_includes_bimestre_of_action_date" time="0.114" /><testcase classname="tests.test_freeze_migration_extra" name="test_professor_cannot_edit_migrated_grade" time="1.326" /><testcase classname="tests.test_freeze_migration_extra" name="test_super_admin_can_edit_migrated_grade_preserving_flag" time="0.113" /><testcase classname="tests.test_freeze_migration_extra" name="test_attendance_pdf_bimestre_returns_pdf" time="1.270" /><testcase classname="tests.test_freeze_migration_extra" name="test_attendance_pdf_origin_class_with_action_date" time="1.275" /><testcase classname="tests.test_freeze_migration_extra" name="test_cross_tenant_guard_blocks_school_from_other_mantenedora" time="0.879" /><testcase classname="tests.test_designar_gerente_security" name="test_old_token_revoked_after_designar_gerente" time="1.751"><failure message="assert 401 == 200&#10; +  where 401 = &lt;Response [401]&gt;.status_code">tests/test_designar_gerente_security.py:199: in test_old_token_revoked_after_designar_gerente
    assert r.status_code == 200
E   assert 401 == 200
E    +  where 401 = &lt;Response [401]&gt;.status_code</failure></testcase></testsuite></testsuites>