<?xml version="1.0" encoding="utf-8"?><testsuites name="pytest tests"><testsuite name="pytest" errors="0" failures="0" skipped="0" tests="12" time="2.442" timestamp="2026-05-21T13:30:11.459261+00:00" hostname="agent-env-fe4fa549-6c2d-4202-99b4-a5a9237161ca"><testcase classname="tests.test_bolsa_familia_e2e_systemic" name="test_c6_seed_idempotent_25_groups" time="0.636" /><testcase classname="tests.test_bolsa_familia_e2e_systemic" name="test_c6_seed_idempotent_57_reasons_no_legacy" time="0.156" /><testcase classname="tests.test_bolsa_familia_e2e_systemic" name="test_c6_seed_mongo_no_duplicates" time="0.005" /><testcase classname="tests.test_bolsa_familia_e2e_systemic" name="test_c7_indexes_groups" time="0.001" /><testcase classname="tests.test_bolsa_familia_e2e_systemic" name="test_c7_indexes_reasons" time="0.000" /><testcase classname="tests.test_bolsa_familia_e2e_systemic" name="test_c7_indexes_bf_tracking" time="0.000" /><testcase classname="tests.test_bolsa_familia_e2e_systemic" name="test_c4_reasons_grouped_shape_25_with_subcodes" time="0.141" /><testcase classname="tests.test_bolsa_familia_e2e_systemic" name="test_c1_get_students_returns_canonical_shape" time="0.124" /><testcase classname="tests.test_bolsa_familia_e2e_systemic" name="test_c2_medical_certificate_creates_badge_and_counts" time="0.240" /><testcase classname="tests.test_bolsa_familia_e2e_systemic" name="test_c3_legacy_motive_returns_motive_legacy" time="0.002" /><testcase classname="tests.test_bolsa_familia_e2e_systemic" name="test_c4_pdf_renders_subcode_name_notes" time="0.502" /><testcase classname="tests.test_bolsa_familia_e2e_systemic" name="test_c8_badge_and_reason_coexist" time="0.462" /></testsuite></testsuites>