<?xml version="1.0" encoding="utf-8"?><testsuites name="pytest tests"><testsuite name="pytest" errors="0" failures="0" skipped="1" tests="5" time="2.925" timestamp="2026-05-08T17:04:12.650481+00:00" hostname="agent-env-99ae23de-be19-41d0-a870-522d00f094b1"><testcase classname="tests.test_diary_phase2_p0_e2e" name="test_a_observability_separates_technical_pedagogical" time="1.741" /><testcase classname="tests.test_diary_phase2_p0_e2e" name="test_b_analytics_not_contaminated_by_dependency" time="0.889"><skipped type="pytest.skip" message="/api/analytics/general not available">/app/backend/tests/test_diary_phase2_p0_e2e.py:102: /api/analytics/general not available</skipped></testcase><testcase classname="tests.test_diary_phase2_p0_e2e" name="test_c_post_grade_with_valid_dependency_accepted" time="0.075" /><testcase classname="tests.test_diary_phase2_p0_e2e" name="test_d_post_grade_student_mismatch_rejected" time="0.086" /><testcase classname="tests.test_diary_phase2_p0_e2e" name="test_e_grades_by_class_includes_heitor_as_dependency" time="0.075" /></testsuite></testsuites>