<?xml version="1.0" encoding="utf-8"?><testsuites name="pytest tests"><testsuite name="pytest" errors="0" failures="0" skipped="0" tests="8" time="1.798" timestamp="2026-05-21T20:28:56.071886+00:00" hostname="agent-env-38880476-a138-476b-9072-edd20dcc467d"><testcase classname="backend.tests.test_bf_class_filter" name="test_students_no_class_filter_returns_all_bf" time="0.653" /><testcase classname="backend.tests.test_bf_class_filter" name="test_students_with_class_2ano_returns_1" time="0.126" /><testcase classname="backend.tests.test_bf_class_filter" name="test_students_with_class_6ano_returns_2" time="0.145" /><testcase classname="backend.tests.test_bf_class_filter" name="test_students_with_class_aee_returns_0" time="0.122" /><testcase classname="backend.tests.test_bf_class_filter" name="test_pdf_no_class_returns_200_all" time="0.129" /><testcase classname="backend.tests.test_bf_class_filter" name="test_pdf_with_class_6ano_returns_200" time="0.136" /><testcase classname="backend.tests.test_bf_class_filter" name="test_pdf_with_class_aee_returns_404" time="0.153" /><testcase classname="backend.tests.test_bf_class_filter" name="test_pdf_size_differs_with_and_without_filter" time="0.275" /></testsuite></testsuites>