<?xml version="1.0" encoding="utf-8"?><testsuites name="pytest tests"><testsuite name="pytest" errors="0" failures="0" skipped="0" tests="11" time="2.869" timestamp="2026-06-26T11:33:26.311959+00:00" hostname="agent-env-18ad5a84-73ff-4a32-93e6-e326e3879408"><testcase classname="tests.test_pme_anos_finais.TestAnalytics" name="test_analytics_2026_super_admin" time="1.166" /><testcase classname="tests.test_pme_anos_finais.TestAnalytics" name="test_analytics_2024_empty_ok" time="0.112" /><testcase classname="tests.test_pme_anos_finais.TestAnalytics" name="test_analytics_zona_filter" time="0.143" /><testcase classname="tests.test_pme_anos_finais.TestAnalytics" name="test_analytics_default_year" time="0.138" /><testcase classname="tests.test_pme_anos_finais.TestExternalIndicators" name="test_get_external_2026" time="0.126" /><testcase classname="tests.test_pme_anos_finais.TestExternalIndicators" name="test_put_external_creates_2025_and_persists" time="0.211" /><testcase classname="tests.test_pme_anos_finais.TestExternalIndicators" name="test_put_without_csrf_rejected" time="0.098" /><testcase classname="tests.test_pme_anos_finais.TestRBAC" name="test_professor_analytics_403" time="0.446" /><testcase classname="tests.test_pme_anos_finais.TestRBAC" name="test_professor_external_get_403" time="0.137" /><testcase classname="tests.test_pme_anos_finais.TestRBAC" name="test_professor_external_put_blocked" time="0.100" /><testcase classname="tests.test_pme_anos_finais.TestRBAC" name="test_no_auth_returns_401" time="0.125" /></testsuite></testsuites>