<?xml version="1.0" encoding="utf-8"?><testsuites name="pytest tests"><testsuite name="pytest" errors="0" failures="0" skipped="0" tests="14" time="2.827" timestamp="2026-06-26T12:59:24.200293+00:00" hostname="agent-env-18ad5a84-73ff-4a32-93e6-e326e3879408"><testcase classname="backend.tests.test_pme_anos_finais.TestAnalytics" name="test_analytics_2026_super_admin" time="0.643" /><testcase classname="backend.tests.test_pme_anos_finais.TestAnalytics" name="test_analytics_2024_empty_ok" time="0.106" /><testcase classname="backend.tests.test_pme_anos_finais.TestAnalytics" name="test_analytics_zona_filter" time="0.135" /><testcase classname="backend.tests.test_pme_anos_finais.TestAnalytics" name="test_analytics_default_year" time="0.098" /><testcase classname="backend.tests.test_pme_anos_finais.TestAnalytics" name="test_analytics_cor_raca_uses_color_race_field" time="0.097" /><testcase classname="backend.tests.test_pme_anos_finais.TestAnalytics" name="test_pme_cor_raca_matches_students_race_counts" time="0.253" /><testcase classname="backend.tests.test_pme_anos_finais.TestAnalytics" name="test_rendimento_por_cor_raca_keys" time="0.176" /><testcase classname="backend.tests.test_pme_anos_finais.TestExternalIndicators" name="test_get_external_2026" time="0.101" /><testcase classname="backend.tests.test_pme_anos_finais.TestExternalIndicators" name="test_put_external_creates_2025_and_persists" time="0.257" /><testcase classname="backend.tests.test_pme_anos_finais.TestExternalIndicators" name="test_put_without_csrf_rejected" time="0.100" /><testcase classname="backend.tests.test_pme_anos_finais.TestRBAC" name="test_professor_analytics_403" time="0.472" /><testcase classname="backend.tests.test_pme_anos_finais.TestRBAC" name="test_professor_external_get_403" time="0.106" /><testcase classname="backend.tests.test_pme_anos_finais.TestRBAC" name="test_professor_external_put_blocked" time="0.104" /><testcase classname="backend.tests.test_pme_anos_finais.TestRBAC" name="test_no_auth_returns_401" time="0.103" /></testsuite></testsuites>