<?xml version="1.0" encoding="utf-8"?><testsuites name="pytest tests"><testsuite name="pytest" errors="0" failures="0" skipped="0" tests="16" time="4.732" timestamp="2026-06-30T11:00:24.950569+00:00" hostname="agent-env-18ad5a84-73ff-4a32-93e6-e326e3879408"><testcase classname="backend.tests.test_pme_levels.TestAnalyticsByLevel" name="test_analytics_returns_level[educacao_infantil-Educa\xe7\xe3o Infantil]" time="0.616" /><testcase classname="backend.tests.test_pme_levels.TestAnalyticsByLevel" name="test_analytics_returns_level[fundamental_anos_iniciais-Anos Iniciais]" time="0.164" /><testcase classname="backend.tests.test_pme_levels.TestAnalyticsByLevel" name="test_analytics_returns_level[fundamental_anos_finais-Anos Finais]" time="0.135" /><testcase classname="backend.tests.test_pme_levels.TestAnalyticsByLevel" name="test_analytics_returns_level[eja-EJA]" time="0.150" /><testcase classname="backend.tests.test_pme_levels.TestAnalyticsByLevel" name="test_default_level_anos_finais" time="0.110" /><testcase classname="backend.tests.test_pme_levels.TestAnalyticsByLevel" name="test_invalid_level_falls_back_to_default" time="0.171" /><testcase classname="backend.tests.test_pme_levels.TestAnalyticsByLevel" name="test_distorcao_only_for_fundamental" time="0.218" /><testcase classname="backend.tests.test_pme_levels.TestSchoolsByLevel" name="test_schools_endpoint_returns_only_for_level[educacao_infantil]" time="0.100" /><testcase classname="backend.tests.test_pme_levels.TestSchoolsByLevel" name="test_schools_endpoint_returns_only_for_level[fundamental_anos_iniciais]" time="0.105" /><testcase classname="backend.tests.test_pme_levels.TestSchoolsByLevel" name="test_schools_endpoint_returns_only_for_level[fundamental_anos_finais]" time="0.110" /><testcase classname="backend.tests.test_pme_levels.TestSchoolsByLevel" name="test_schools_endpoint_returns_only_for_level[eja]" time="0.104" /><testcase classname="backend.tests.test_pme_levels.TestSchoolsByLevel" name="test_schools_consistency_with_analytics" time="0.842" /><testcase classname="backend.tests.test_pme_levels.TestExternalIndicatorsByLevel" name="test_put_then_get_per_level_isolated" time="1.150" /><testcase classname="backend.tests.test_pme_levels.TestExternalIndicatorsByLevel" name="test_get_missing_level_returns_exists_false" time="0.101" /><testcase classname="backend.tests.test_pme_levels.TestExternalIndicatorsByLevel" name="test_put_without_csrf_rejected" time="0.099" /><testcase classname="backend.tests.test_pme_levels.TestRBACLevels" name="test_professor_blocked_on_schools_endpoint" time="0.457" /></testsuite></testsuites>