<?xml version="1.0" encoding="utf-8"?><testsuites name="pytest tests"><testsuite name="pytest" errors="0" failures="0" skipped="0" tests="6" time="0.260" timestamp="2026-05-11T21:33:47.112432+00:00" hostname="agent-env-719edaa5-a3b2-450d-9491-d87295decc15"><testcase classname="backend.tests.test_dependency_bulletin_phase1" name="test_catalog_none_mode_regular_only" time="0.073" /><testcase classname="backend.tests.test_dependency_bulletin_phase1" name="test_catalog_with_dependency_regular_plus_deps" time="0.032" /><testcase classname="backend.tests.test_dependency_bulletin_phase1" name="test_catalog_dependency_only_excludes_regular" time="0.009" /><testcase classname="backend.tests.test_dependency_bulletin_phase1" name="test_dependency_bulletin_only_dep_course_ids" time="0.018" /><testcase classname="backend.tests.test_dependency_bulletin_phase1" name="test_dependency_bulletin_warns_when_no_active_deps" time="0.008" /><testcase classname="backend.tests.test_dependency_bulletin_phase1" name="test_dependency_bulletin_class_not_found" time="0.007" /></testsuite></testsuites>