<?xml version="1.0" encoding="utf-8"?><testsuites name="pytest tests"><testsuite name="pytest" errors="0" failures="0" skipped="0" tests="4" time="1.840" timestamp="2026-06-25T19:01:05.103536+00:00" hostname="agent-env-18ad5a84-73ff-4a32-93e6-e326e3879408"><testcase classname="backend.tests.test_recon_ui_backend_iter106" name="test_super_admin_dryrun_school_scope" time="0.781" /><testcase classname="backend.tests.test_recon_ui_backend_iter106" name="test_coordenador_forbidden_dryrun" time="0.788" /><testcase classname="backend.tests.test_recon_ui_backend_iter106" name="test_coordenador_forbidden_execute" time="0.108" /><testcase classname="backend.tests.test_recon_ui_backend_iter106" name="test_coordenador_forbidden_receipt" time="0.110" /></testsuite></testsuites>