<?xml version="1.0" encoding="utf-8"?><testsuites name="pytest tests"><testsuite name="pytest" errors="0" failures="0" skipped="0" tests="19" time="2.456" timestamp="2026-05-21T13:28:43.732036+00:00" hostname="agent-env-fe4fa549-6c2d-4202-99b4-a5a9237161ca"><testcase classname="tests.test_bolsa_familia_mec" name="test_reason_groups_returns_25" time="0.595" /><testcase classname="tests.test_bolsa_familia_mec" name="test_reasons_returns_57_without_legacy" time="0.158" /><testcase classname="tests.test_bolsa_familia_mec" name="test_reasons_with_legacy_returns_58" time="0.125" /><testcase classname="tests.test_bolsa_familia_mec" name="test_reasons_filtered_by_group" time="0.234" /><testcase classname="tests.test_bolsa_familia_mec" name="test_reasons_grouped_shape" time="0.129" /><testcase classname="tests.test_bolsa_familia_mec" name="test_tracking_save_with_reason_id" time="0.259" /><testcase classname="tests.test_bolsa_familia_mec" name="test_tracking_save_invalid_reason_id_returns_422" time="0.142" /><testcase classname="tests.test_bolsa_familia_mec" name="test_tracking_save_legacy_motive_backward_compat" time="0.202" /><testcase classname="tests.test_bolsa_familia_mec" name="test_tracking_bulk_with_reason_id" time="0.256" /><testcase classname="tests.test_bolsa_familia_mec" name="test_tracking_list_returns_new_schema" time="0.292" /><testcase classname="tests.test_bolsa_familia_frequency_canonical" name="test_case1_20days_5_common_faults_returns_75pct" time="0.000" /><testcase classname="tests.test_bolsa_familia_frequency_canonical" name="test_case2_20days_5_medical_certificates_returns_100pct" time="0.000" /><testcase classname="tests.test_bolsa_familia_frequency_canonical" name="test_case3_20days_5_justified_returns_100pct" time="0.000" /><testcase classname="tests.test_bolsa_familia_frequency_canonical" name="test_case4_20days_3_faults_2_medical_returns_85pct" time="0.000" /><testcase classname="tests.test_bolsa_familia_frequency_canonical" name="test_dependency_records_are_ignored" time="0.001" /><testcase classname="tests.test_bolsa_familia_frequency_canonical" name="test_records_from_other_students_ignored_when_filter_set" time="0.001" /><testcase classname="tests.test_bolsa_familia_frequency_canonical" name="test_absences_split_per_month" time="0.000" /><testcase classname="tests.test_bolsa_familia_frequency_canonical" name="test_empty_records_returns_empty" time="0.001" /><testcase classname="tests.test_bolsa_familia_frequency_canonical" name="test_alternative_status_aliases" time="0.000" /></testsuite></testsuites>