<?xml version="1.0" encoding="utf-8"?><testsuites name="pytest tests"><testsuite name="pytest" errors="0" failures="0" skipped="0" tests="5" time="1.151" timestamp="2026-05-30T05:02:38.000040+00:00" hostname="agent-env-b4641e5b-f08f-4186-b0bd-6be5f4aa47fe"><testcase classname="backend.tests.test_network_indicators_reconciliation" name="test_login_ok" time="0.522" /><testcase classname="backend.tests.test_network_indicators_reconciliation" name="test_schools_list" time="0.049" /><testcase classname="backend.tests.test_network_indicators_reconciliation" name="test_indicators_schema_and_reconciliation_all_schools" time="0.358" /><testcase classname="backend.tests.test_network_indicators_reconciliation" name="test_fix_school_v1_unmapped" time="0.106" /><testcase classname="backend.tests.test_network_indicators_reconciliation" name="test_multisseriada_school" time="0.059" /></testsuite></testsuites>