<?xml version="1.0" encoding="utf-8"?><testsuites name="pytest tests"><testsuite name="pytest" errors="13" failures="2" skipped="0" tests="72" time="2.434" timestamp="2026-05-08T19:32:27.657467+00:00" hostname="agent-env-99ae23de-be19-41d0-a870-522d00f094b1"><testcase classname="tests.test_academic_event_lens" name="test_origin_teacher_can_edit_before_effective_date" time="0.013" /><testcase classname="tests.test_academic_event_lens" name="test_origin_teacher_blocked_after_effective_date" time="0.007" /><testcase classname="tests.test_academic_event_lens" name="test_destination_teacher_readonly_before_effective_date" time="0.006" /><testcase classname="tests.test_academic_event_lens" name="test_destination_teacher_editable_after_effective_date" time="0.006" /><testcase classname="tests.test_academic_event_lens" name="test_superseded_event_not_deleted" time="0.007" /><testcase classname="tests.test_academic_event_lens" name="test_governing_event_precedence" time="0.004" /><testcase classname="tests.test_academic_event_lens" name="test_historical_visibility_preserved_after_transfer" time="0.007" /><testcase classname="tests.test_academic_event_lens" name="test_annotate_items_does_not_filter" time="0.006" /><testcase classname="tests.test_academic_event_lens" name="test_no_event_returns_default_decision" time="0.005" /><testcase classname="tests.test_academic_event_lens" name="test_pending_event_ignored_by_lens" time="0.006" /><testcase classname="tests.test_academic_event_lens" name="test_precedence_constant_order" time="0.000" /><testcase classname="tests.test_academic_event_lens" name="test_decision_version_is_v1" time="0.000" /><testcase classname="tests.test_academic_events_e2e_http" name="test_01_rationale_too_short_returns_422" time="0.645" /><testcase classname="tests.test_academic_events_e2e_http" name="test_02_origin_equals_destination_returns_422" time="0.082" /><testcase classname="tests.test_academic_events_e2e_http" name="test_03_create_pending_then_approve" time="0.159" /><testcase classname="tests.test_academic_events_e2e_http" name="test_04_supersede_without_header_returns_428" time="0.071" /><testcase classname="tests.test_academic_events_e2e_http" name="test_05_supersede_with_header_marks_old_superseded" time="0.147" /><testcase classname="tests.test_academic_events_e2e_http" name="test_06_grade_post_blocked_by_event_lock" time="0.077" /><testcase classname="tests.test_academic_events_e2e_http" name="test_07_attendance_post_blocked_by_event_lock" time="0.077" /><testcase classname="tests.test_academic_events_e2e_http" name="test_08_audit_log_has_block_entries" time="0.004" /><testcase classname="tests.test_academic_events_e2e_http" name="test_09_diary_annotates_without_filtering" time="0.110" /><testcase classname="tests.test_dependency_completions" name="test_document_hash_is_deterministic" time="0.000" /><testcase classname="tests.test_dependency_completions" name="test_document_hash_ignores_volatile_fields" time="0.000" /><testcase classname="tests.test_dependency_completions" name="test_document_hash_different_for_different_content" time="0.000" /><testcase classname="tests.test_dependency_completions" name="test_signature_hash_references_original_document" time="0.000" /><testcase classname="tests.test_dependency_completions" name="test_verify_document_hash_detects_tampering" time="0.000" /><testcase classname="tests.test_dependency_completions" name="test_completion_snapshot_created_on_status_transition" time="0.008" /><testcase classname="tests.test_dependency_completions" name="test_completion_snapshot_idempotent" time="0.008" /><testcase classname="tests.test_dependency_completions" name="test_cancelled_requires_status_reason" time="0.005" /><testcase classname="tests.test_dependency_completions" name="test_cancelled_with_reason_creates_snapshot_incomplete" time="0.007" /><testcase classname="tests.test_dependency_completions" name="test_failed_creates_snapshot" time="0.007" /><testcase classname="tests.test_dependency_completions" name="test_completion_data_quality_incomplete_when_no_grade_no_attendance" time="0.006" /><testcase classname="tests.test_dependency_completions" name="test_completion_data_quality_complete_when_both_present" time="0.008" /><testcase classname="tests.test_dependency_completions" name="test_document_status_mapping" time="0.000" /><testcase classname="tests.test_dependency_completions" name="test_verification_token_uniqueness_index_exists" time="0.004" /><testcase classname="tests.test_dependency_completions" name="test_document_hash_persists_through_revocation" time="0.007" /><testcase classname="tests.test_dependency_completions" name="test_snapshot_has_required_fields" time="0.007" /><testcase classname="tests.test_dependency_completions" name="test_audit_trail_has_creation_entry" time="0.007" /><testcase classname="tests.test_diary_phase2" name="test_c01_aluno_regular_puro" time="0.018" /><testcase classname="tests.test_diary_phase2" name="test_c02_apenas_dependencia_aparece_no_componente_vinculado" time="0.020" /><testcase classname="tests.test_diary_phase2" name="test_c03_with_dependency_aparece_apenas_uma_vez" time="0.016" /><testcase classname="tests.test_diary_phase2" name="test_c06_dep_cancelada_nao_aparece" time="0.016" /><testcase classname="tests.test_diary_phase2" name="test_c07_dep_completed_nao_aparece" time="0.016" /><testcase classname="tests.test_diary_phase2" name="test_meta_estrutura_e_dependency_ratio" time="0.016" /><testcase classname="tests.test_diary_phase2" name="test_payload_sem_divisor_fake" time="0.017" /><testcase classname="tests.test_diary_phase2" name="test_ordenacao_localecompare_pt_br" time="0.020" /><testcase classname="tests.test_diary_phase2" name="test_anti_n_plus_1" time="0.022" /><testcase classname="tests.test_diary_phase2" name="test_display_label_eh_constante_unica" time="0.017" /><testcase classname="tests.test_diary_phase2" name="test_warning_dep_greater_than_regular" time="0.020" /><testcase classname="tests.test_diary_phase2" name="test_validator_aceita_dep_valida" time="0.015" /><testcase classname="tests.test_diary_phase2" name="test_validator_rejeita_dep_inativa" time="0.015" /><testcase classname="tests.test_diary_phase2" name="test_validator_rejeita_student_mismatch" time="0.015" /><testcase classname="tests.test_diary_phase2" name="test_validator_rejeita_course_mismatch" time="0.016" /><testcase classname="tests.test_diary_phase2" name="test_validator_rejeita_tenant_mismatch" time="0.015" /><testcase classname="tests.test_diary_phase2" name="test_validator_rejeita_dep_inexistente" time="0.017" /><testcase classname="tests.test_diary_phase2" name="test_max_dependency_constant_value" time="0.015" /><testcase classname="tests.test_diary_phase2" name="test_label_constante_unica" time="0.012" /><testcase classname="tests.test_grades_blocking.TestAuthentication" name="test_admin_login_returns_access_token" time="0.000"><failure message="requests.exceptions.MissingSchema: Invalid URL '/api/auth/login': No scheme supplied. Perhaps you meant https:///api/auth/login?">E   requests.exceptions.MissingSchema: Invalid URL '/api/auth/login': No scheme supplied. Perhaps you meant https:///api/auth/login?</failure></testcase><testcase classname="tests.test_grades_blocking.TestAuthentication" name="test_secretario_login_returns_access_token" time="0.000"><failure message="requests.exceptions.MissingSchema: Invalid URL '/api/auth/login': No scheme supplied. Perhaps you meant https:///api/auth/login?">E   requests.exceptions.MissingSchema: Invalid URL '/api/auth/login': No scheme supplied. Perhaps you meant https:///api/auth/login?</failure></testcase><testcase classname="tests.test_grades_blocking.TestGradesByClassEndpoint" name="test_endpoint_returns_200" time="0.000"><error message="failed on setup with &quot;requests.exceptions.MissingSchema: Invalid URL '/api/auth/login': No scheme supplied. Perhaps you meant https:///api/auth/login?&quot;">E   requests.exceptions.MissingSchema: Invalid URL '/api/auth/login': No scheme supplied. Perhaps you meant https:///api/auth/login?</error></testcase><testcase classname="tests.test_grades_blocking.TestGradesByClassEndpoint" name="test_response_is_list" time="0.000"><error message="failed on setup with &quot;requests.exceptions.MissingSchema: Invalid URL '/api/auth/login': No scheme supplied. Perhaps you meant https:///api/auth/login?&quot;">E   requests.exceptions.MissingSchema: Invalid URL '/api/auth/login': No scheme supplied. Perhaps you meant https:///api/auth/login?</error></testcase><testcase classname="tests.test_grades_blocking.TestGradesByClassEndpoint" name="test_student_object_has_required_fields" time="0.000"><error message="failed on setup with &quot;requests.exceptions.MissingSchema: Invalid URL '/api/auth/login': No scheme supplied. Perhaps you meant https:///api/auth/login?&quot;">E   requests.exceptions.MissingSchema: Invalid URL '/api/auth/login': No scheme supplied. Perhaps you meant https:///api/auth/login?</error></testcase><testcase classname="tests.test_grades_blocking.TestGradesByClassEndpoint" name="test_blocked_after_action_contains_valid_bimestres" time="0.000"><error message="failed on setup with &quot;requests.exceptions.MissingSchema: Invalid URL '/api/auth/login': No scheme supplied. Perhaps you meant https:///api/auth/login?&quot;">E   requests.exceptions.MissingSchema: Invalid URL '/api/auth/login': No scheme supplied. Perhaps you meant https:///api/auth/login?</error></testcase><testcase classname="tests.test_grades_blocking.TestGradesByClassEndpoint" name="test_blocked_before_enrollment_contains_valid_bimestres" time="0.000"><error message="failed on setup with &quot;requests.exceptions.MissingSchema: Invalid URL '/api/auth/login': No scheme supplied. Perhaps you meant https:///api/auth/login?&quot;">E   requests.exceptions.MissingSchema: Invalid URL '/api/auth/login': No scheme supplied. Perhaps you meant https:///api/auth/login?</error></testcase><testcase classname="tests.test_grades_blocking.TestBlockedAfterActionLogic" name="test_transferred_student_has_blocked_after_action" time="0.000"><error message="failed on setup with &quot;requests.exceptions.MissingSchema: Invalid URL '/api/auth/login': No scheme supplied. Perhaps you meant https:///api/auth/login?&quot;">E   requests.exceptions.MissingSchema: Invalid URL '/api/auth/login': No scheme supplied. Perhaps you meant https:///api/auth/login?</error></testcase><testcase classname="tests.test_grades_blocking.TestBlockedAfterActionLogic" name="test_student_without_action_has_empty_blocked_after" time="0.000"><error message="failed on setup with &quot;requests.exceptions.MissingSchema: Invalid URL '/api/auth/login': No scheme supplied. Perhaps you meant https:///api/auth/login?&quot;">E   requests.exceptions.MissingSchema: Invalid URL '/api/auth/login': No scheme supplied. Perhaps you meant https:///api/auth/login?</error></testcase><testcase classname="tests.test_grades_blocking.TestBlockedBeforeEnrollmentLogic" name="test_enrollment_date_is_returned" time="0.000"><error message="failed on setup with &quot;requests.exceptions.MissingSchema: Invalid URL '/api/auth/login': No scheme supplied. Perhaps you meant https:///api/auth/login?&quot;">E   requests.exceptions.MissingSchema: Invalid URL '/api/auth/login': No scheme supplied. Perhaps you meant https:///api/auth/login?</error></testcase><testcase classname="tests.test_grades_blocking.TestBlockedBeforeEnrollmentLogic" name="test_late_enrollment_blocks_early_bimestres" time="0.000"><error message="failed on setup with &quot;requests.exceptions.MissingSchema: Invalid URL '/api/auth/login': No scheme supplied. Perhaps you meant https:///api/auth/login?&quot;">E   requests.exceptions.MissingSchema: Invalid URL '/api/auth/login': No scheme supplied. Perhaps you meant https:///api/auth/login?</error></testcase><testcase classname="tests.test_grades_blocking.TestGradeObjectStructure" name="test_grade_object_has_bimestre_fields" time="0.000"><error message="failed on setup with &quot;requests.exceptions.MissingSchema: Invalid URL '/api/auth/login': No scheme supplied. Perhaps you meant https:///api/auth/login?&quot;">E   requests.exceptions.MissingSchema: Invalid URL '/api/auth/login': No scheme supplied. Perhaps you meant https:///api/auth/login?</error></testcase><testcase classname="tests.test_grades_blocking.TestGradeObjectStructure" name="test_grade_object_has_recovery_fields" time="0.000"><error message="failed on setup with &quot;requests.exceptions.MissingSchema: Invalid URL '/api/auth/login': No scheme supplied. Perhaps you meant https:///api/auth/login?&quot;">E   requests.exceptions.MissingSchema: Invalid URL '/api/auth/login': No scheme supplied. Perhaps you meant https:///api/auth/login?</error></testcase><testcase classname="tests.test_grades_blocking.TestGradeObjectStructure" name="test_grade_object_has_status_and_average" time="0.000"><error message="failed on setup with &quot;requests.exceptions.MissingSchema: Invalid URL '/api/auth/login': No scheme supplied. Perhaps you meant https:///api/auth/login?&quot;">E   requests.exceptions.MissingSchema: Invalid URL '/api/auth/login': No scheme supplied. Perhaps you meant https:///api/auth/login?</error></testcase><testcase classname="tests.test_grades_blocking.TestSecretarioAccess" name="test_secretario_can_access_grades_by_class" time="0.000"><error message="failed on setup with &quot;requests.exceptions.MissingSchema: Invalid URL '/api/auth/login': No scheme supplied. Perhaps you meant https:///api/auth/login?&quot;">E   requests.exceptions.MissingSchema: Invalid URL '/api/auth/login': No scheme supplied. Perhaps you meant https:///api/auth/login?</error></testcase></testsuite></testsuites>