<?xml version="1.0" encoding="utf-8"?><testsuites name="pytest tests"><testsuite name="pytest" errors="0" failures="0" skipped="0" tests="21" time="9.407" timestamp="2026-07-28T16:27:12.353189+00:00" hostname="agent-env-d0424b6b-e770-40f3-9f50-0a03f8720de2"><testcase classname="tests.test_ctue_conformity.TestProfiles" name="test_profiles_list" time="3.834" /><testcase classname="tests.test_ctue_conformity.TestProfiles" name="test_profiles_requires_auth" time="0.738" /><testcase classname="tests.test_ctue_conformity.TestOverview" name="test_contract" time="0.139" /><testcase classname="tests.test_ctue_conformity.TestOverview" name="test_no_mongo_objectid_leak" time="0.000" /><testcase classname="tests.test_ctue_conformity.TestOverview" name="test_profile_changes_overview_numbers" time="0.166" /><testcase classname="tests.test_ctue_conformity.TestSchoolConformity" name="test_full_contract" time="0.153" /><testcase classname="tests.test_ctue_conformity.TestSchoolConformity" name="test_fase_d_sections_nao_avaliado" time="0.156" /><testcase classname="tests.test_ctue_conformity.TestSchoolConformity" name="test_fase_d_does_not_reduce_conformity" time="0.130" /><testcase classname="tests.test_ctue_conformity.TestSchoolConformity" name="test_all_profiles_work[default]" time="0.143" /><testcase classname="tests.test_ctue_conformity.TestSchoolConformity" name="test_all_profiles_work[educacao_integral]" time="0.134" /><testcase classname="tests.test_ctue_conformity.TestSchoolConformity" name="test_all_profiles_work[fnde]" time="0.159" /><testcase classname="tests.test_ctue_conformity.TestSchoolConformity" name="test_all_profiles_work[infraestrutura]" time="0.138" /><testcase classname="tests.test_ctue_conformity.TestSchoolConformity" name="test_all_profiles_work[mp]" time="0.142" /><testcase classname="tests.test_ctue_conformity.TestSchoolConformity" name="test_all_profiles_work[seguranca]" time="0.154" /><testcase classname="tests.test_ctue_conformity.TestSchoolConformity" name="test_all_profiles_work[tcm]" time="0.142" /><testcase classname="tests.test_ctue_conformity.TestSchoolConformity" name="test_profile_changes_same_school" time="0.449" /><testcase classname="tests.test_ctue_conformity.TestSchoolConformity" name="test_school_not_found" time="0.145" /><testcase classname="tests.test_ctue_conformity.TestSchoolConformity" name="test_requires_auth" time="0.133" /><testcase classname="tests.test_ctue_conformity.TestEditRaisesConformity" name="test_seguranca_fields_raise_conformity_and_refresh" time="0.678" /><testcase classname="tests.test_ctue_conformity.TestEditRaisesConformity" name="test_schools_crud_regression" time="1.094" /><testcase classname="tests.test_ctue_conformity.TestEditRaisesConformity" name="test_gestor_principal_persists_and_appears_in_overview" time="0.468" /></testsuite></testsuites>