<?xml version="1.0" encoding="utf-8"?><testsuites name="pytest tests"><testsuite name="pytest" errors="0" failures="0" skipped="0" tests="7" time="2.613" timestamp="2026-06-29T23:59:03.475666+00:00" hostname="agent-env-18ad5a84-73ff-4a32-93e6-e326e3879408"><testcase classname="backend.tests.test_multisseriada_grades.TestGradesByClassFallback" name="test_grid_returns_three_students" time="0.556" /><testcase classname="backend.tests.test_multisseriada_grades.TestGradesByClassFallback" name="test_first_year_students_use_grade_level_fallback" time="0.151" /><testcase classname="backend.tests.test_multisseriada_grades.TestGradesByClassFallback" name="test_second_year_student_preserves_enrollment_series" time="0.152" /><testcase classname="backend.tests.test_multisseriada_grades.TestGradesByClassFallback" name="test_filter_by_first_year_series_lists_two" time="0.165" /><testcase classname="backend.tests.test_multisseriada_grades.TestGradesByClassFallback" name="test_filter_by_second_year_series_lists_one" time="0.105" /><testcase classname="backend.tests.test_multisseriada_grades.TestClassDetailsDropdown" name="test_details_lists_two_distinct_series" time="0.139" /><testcase classname="backend.tests.test_multisseriada_grades.TestClassDetailsDropdown" name="test_dropdown_matches_grid_series_set" time="1.280" /></testsuite></testsuites>