<?xml version="1.0" encoding="utf-8"?><testsuites name="pytest tests"><testsuite name="pytest" errors="0" failures="0" skipped="0" tests="128" time="1.058" timestamp="2026-05-08T19:03:06.102896+00:00" hostname="agent-env-99ae23de-be19-41d0-a870-522d00f094b1"><testcase classname="tests.test_dependency_completions" name="test_document_hash_is_deterministic" time="0.001" /><testcase classname="tests.test_dependency_completions" name="test_document_hash_ignores_volatile_fields" time="0.000" /><testcase classname="tests.test_dependency_completions" name="test_document_hash_different_for_different_content" time="0.000" /><testcase classname="tests.test_dependency_completions" name="test_signature_hash_references_original_document" time="0.000" /><testcase classname="tests.test_dependency_completions" name="test_verify_document_hash_detects_tampering" time="0.000" /><testcase classname="tests.test_dependency_completions" name="test_completion_snapshot_created_on_status_transition" time="0.012" /><testcase classname="tests.test_dependency_completions" name="test_completion_snapshot_idempotent" time="0.008" /><testcase classname="tests.test_dependency_completions" name="test_cancelled_requires_status_reason" time="0.005" /><testcase classname="tests.test_dependency_completions" name="test_cancelled_with_reason_creates_snapshot_incomplete" time="0.007" /><testcase classname="tests.test_dependency_completions" name="test_failed_creates_snapshot" time="0.007" /><testcase classname="tests.test_dependency_completions" name="test_completion_data_quality_incomplete_when_no_grade_no_attendance" time="0.007" /><testcase classname="tests.test_dependency_completions" name="test_completion_data_quality_complete_when_both_present" time="0.008" /><testcase classname="tests.test_dependency_completions" name="test_document_status_mapping" time="0.000" /><testcase classname="tests.test_dependency_completions" name="test_verification_token_uniqueness_index_exists" time="0.004" /><testcase classname="tests.test_dependency_completions" name="test_document_hash_persists_through_revocation" time="0.007" /><testcase classname="tests.test_dependency_completions" name="test_snapshot_has_required_fields" time="0.006" /><testcase classname="tests.test_dependency_completions" name="test_audit_trail_has_creation_entry" time="0.006" /><testcase classname="tests.test_dependency_isolation_p0" name="test_regular_only_filter_shape" time="0.000" /><testcase classname="tests.test_dependency_isolation_p0" name="test_regular_only_aggregate_match_shape" time="0.000" /><testcase classname="tests.test_dependency_isolation_p0" name="test_with_regular_only_does_not_mutate_input" time="0.000" /><testcase classname="tests.test_dependency_isolation_p0" name="test_is_regular_grade_true_quando_sem_dep_id" time="0.000" /><testcase classname="tests.test_dependency_isolation_p0" name="test_is_regular_grade_false_quando_dep_id_presente" time="0.000" /><testcase classname="tests.test_dependency_isolation_p0" name="test_is_regular_grade_false_quando_grade_none" time="0.000" /><testcase classname="tests.test_dependency_isolation_p0" name="test_is_regular_attendance_record_true_quando_sem_dep_id" time="0.000" /><testcase classname="tests.test_dependency_isolation_p0" name="test_is_regular_attendance_record_false_quando_dep_id_presente" time="0.000" /><testcase classname="tests.test_dependency_isolation_p0" name="test_keep_regular_only_filtra_correctamente" time="0.000" /><testcase classname="tests.test_dependency_isolation_p0" name="test_dependency_grade_not_affect_regular_average" time="0.005" /><testcase classname="tests.test_dependency_isolation_p0" name="test_dependency_attendance_not_affect_regular_frequency" time="0.004" /><testcase classname="tests.test_dependency_isolation_p0" name="test_dependency_student_not_counted_twice_in_reports" time="0.004" /><testcase classname="tests.test_dependency_isolation_p0" name="test_dependency_status_values_are_canonical" time="0.000" /><testcase classname="tests.test_dependency_isolation_p0" name="test_dependency_type_values_are_canonical" time="0.000" /><testcase classname="tests.test_dependency_isolation_p0" name="test_normalize_dependency_status_aliases[active-active]" time="0.000" /><testcase classname="tests.test_dependency_isolation_p0" name="test_normalize_dependency_status_aliases[ACTIVE-active]" time="0.000" /><testcase classname="tests.test_dependency_isolation_p0" name="test_normalize_dependency_status_aliases[Active-active]" time="0.000" /><testcase classname="tests.test_dependency_isolation_p0" name="test_normalize_dependency_status_aliases[ativo-active]" time="0.000" /><testcase classname="tests.test_dependency_isolation_p0" name="test_normalize_dependency_status_aliases[Ativa-active]" time="0.000" /><testcase classname="tests.test_dependency_isolation_p0" name="test_normalize_dependency_status_aliases[CONCLU\xcdDO-completed]" time="0.000" /><testcase classname="tests.test_dependency_isolation_p0" name="test_normalize_dependency_status_aliases[concluida-completed]" time="0.000" /><testcase classname="tests.test_dependency_isolation_p0" name="test_normalize_dependency_status_aliases[reprovado-failed]" time="0.000" /><testcase classname="tests.test_dependency_isolation_p0" name="test_normalize_dependency_status_aliases[FAILED-failed]" time="0.000" /><testcase classname="tests.test_dependency_isolation_p0" name="test_normalize_dependency_status_aliases[CANCELADA-cancelled]" time="0.000" /><testcase classname="tests.test_dependency_isolation_p0" name="test_normalize_dependency_status_aliases[Canceled-cancelled]" time="0.000" /><testcase classname="tests.test_dependency_isolation_p0" name="test_normalize_dependency_status_falha_quando_invalido" time="0.000" /><testcase classname="tests.test_dependency_isolation_p0" name="test_normalize_dependency_status_none_returns_none" time="0.000" /><testcase classname="tests.test_dependency_isolation_p0" name="test_normalize_dependency_type_aliases[with_dependency-with_dependency]" time="0.000" /><testcase classname="tests.test_dependency_isolation_p0" name="test_normalize_dependency_type_aliases[with-dependency-with_dependency]" time="0.000" /><testcase classname="tests.test_dependency_isolation_p0" name="test_normalize_dependency_type_aliases[withDependency-with_dependency]" time="0.000" /><testcase classname="tests.test_dependency_isolation_p0" name="test_normalize_dependency_type_aliases[Com_Dependencia-with_dependency]" time="0.000" /><testcase classname="tests.test_dependency_isolation_p0" name="test_normalize_dependency_type_aliases[dependency_only-dependency_only]" time="0.000" /><testcase classname="tests.test_dependency_isolation_p0" name="test_normalize_dependency_type_aliases[dependency-only-dependency_only]" time="0.000" /><testcase classname="tests.test_dependency_isolation_p0" name="test_normalize_dependency_type_aliases[dependencyOnly-dependency_only]" time="0.000" /><testcase classname="tests.test_dependency_isolation_p0" name="test_normalize_dependency_type_aliases[apenas_dependencia-dependency_only]" time="0.000" /><testcase classname="tests.test_dependency_isolation_p0" name="test_normalize_dependency_type_aliases[none-none]" time="0.000" /><testcase classname="tests.test_dependency_isolation_p0" name="test_normalize_dependency_type_aliases[nenhum-none]" time="0.000" /><testcase classname="tests.test_dependency_isolation_p0" name="test_validate_dependency_status_obrigatorio" time="0.000" /><testcase classname="tests.test_dependency_isolation_p0" name="test_validate_dependency_type_obrigatorio" time="0.000" /><testcase classname="tests.test_dependency_isolation_p0" name="test_is_active_status_helper" time="0.000" /><testcase classname="tests.test_diary_phase2" name="test_c01_aluno_regular_puro" time="0.017" /><testcase classname="tests.test_diary_phase2" name="test_c02_apenas_dependencia_aparece_no_componente_vinculado" time="0.020" /><testcase classname="tests.test_diary_phase2" name="test_c03_with_dependency_aparece_apenas_uma_vez" time="0.017" /><testcase classname="tests.test_diary_phase2" name="test_c06_dep_cancelada_nao_aparece" time="0.016" /><testcase classname="tests.test_diary_phase2" name="test_c07_dep_completed_nao_aparece" time="0.017" /><testcase classname="tests.test_diary_phase2" name="test_meta_estrutura_e_dependency_ratio" time="0.017" /><testcase classname="tests.test_diary_phase2" name="test_payload_sem_divisor_fake" time="0.016" /><testcase classname="tests.test_diary_phase2" name="test_ordenacao_localecompare_pt_br" time="0.016" /><testcase classname="tests.test_diary_phase2" name="test_anti_n_plus_1" time="0.017" /><testcase classname="tests.test_diary_phase2" name="test_display_label_eh_constante_unica" time="0.016" /><testcase classname="tests.test_diary_phase2" name="test_warning_dep_greater_than_regular" time="0.020" /><testcase classname="tests.test_diary_phase2" name="test_validator_aceita_dep_valida" time="0.015" /><testcase classname="tests.test_diary_phase2" name="test_validator_rejeita_dep_inativa" time="0.015" /><testcase classname="tests.test_diary_phase2" name="test_validator_rejeita_student_mismatch" time="0.015" /><testcase classname="tests.test_diary_phase2" name="test_validator_rejeita_course_mismatch" time="0.017" /><testcase classname="tests.test_diary_phase2" name="test_validator_rejeita_tenant_mismatch" time="0.015" /><testcase classname="tests.test_diary_phase2" name="test_validator_rejeita_dep_inexistente" time="0.016" /><testcase classname="tests.test_diary_phase2" name="test_max_dependency_constant_value" time="0.012" /><testcase classname="tests.test_diary_phase2" name="test_label_constante_unica" time="0.012" /><testcase classname="tests.test_diary_pre_fase2.TestDiaryConstants" name="test_label_oficial_eh_dependencia" time="0.000" /><testcase classname="tests.test_diary_pre_fase2.TestDiaryConstants" name="test_label_oficial_nao_esta_na_lista_proibida" time="0.000" /><testcase classname="tests.test_diary_pre_fase2.TestDiaryConstants" name="test_variantes_proibidas_cobrem_casos_comuns" time="0.000" /><testcase classname="tests.test_diary_pre_fase2.TestDiaryConstants" name="test_limite_defensivo_e_30" time="0.000" /><testcase classname="tests.test_diary_pre_fase2.TestDiaryConstants" name="test_divider_item_tem_flag_e_label" time="0.000" /><testcase classname="tests.test_diary_pre_fase2.TestDiaryConstants" name="test_contract_version_v1" time="0.000" /><testcase classname="tests.test_diary_pre_fase2.TestDiaryConstants" name="test_validate_dependency_label_aceita_oficial" time="0.000" /><testcase classname="tests.test_diary_pre_fase2.TestDiaryConstants" name="test_validate_dependency_label_rejeita_variantes" time="0.000" /><testcase classname="tests.test_diary_pre_fase2.TestDiaryConstants" name="test_validate_dependency_label_rejeita_qualquer_outro" time="0.000" /><testcase classname="tests.test_diary_pre_fase2.TestAssertUsesIndex" name="test_ixscan_passa" time="0.000" /><testcase classname="tests.test_diary_pre_fase2.TestAssertUsesIndex" name="test_collscan_levanta" time="0.000" /><testcase classname="tests.test_diary_pre_fase2.TestAssertUsesIndex" name="test_sem_ixscan_levanta" time="0.000" /><testcase classname="tests.test_diary_pre_fase2.TestAssertUsesIndex" name="test_index_name_diferente_levanta" time="0.000" /><testcase classname="tests.test_diary_pre_fase2.TestAssertUsesIndex" name="test_index_name_igual_passa" time="0.000" /><testcase classname="tests.test_observability_channel.TestMetricChannel" name="test_snapshot_vazio" time="0.000" /><testcase classname="tests.test_observability_channel.TestMetricChannel" name="test_record_basico" time="0.000" /><testcase classname="tests.test_observability_channel.TestMetricChannel" name="test_top_tenants" time="0.000" /><testcase classname="tests.test_observability_channel.TestMetricChannel" name="test_p95_via_histogram" time="0.001" /><testcase classname="tests.test_observability_channel.TestMetricChannel" name="test_labels_agrupam" time="0.000" /><testcase classname="tests.test_observability_channel.TestMetricChannel" name="test_bucket_counters_acumulam" time="0.000" /><testcase classname="tests.test_observability_channel.TestMetricChannel" name="test_errors_e_rate_limited" time="0.000" /><testcase classname="tests.test_observability_channel.TestMetricChannel" name="test_canais_isolados" time="0.000" /><testcase classname="tests.test_observability_channel.TestMetricChannel" name="test_hash_label_estavel" time="0.000" /><testcase classname="tests.test_observability_channel.TestRecordDiaryLoad" name="test_helper_padroniza_counters_e_labels" time="0.000" /><testcase classname="tests.test_observability_channel.TestRecordDiaryLoad" name="test_helper_registra_erros" time="0.000" /><testcase classname="tests.test_student_dependencies" name="test_create_bloqueia_aluno_sem_dependency_mode" time="0.009" /><testcase classname="tests.test_student_dependencies" name="test_create_valida_limite_da_mantenedora" time="0.007" /><testcase classname="tests.test_student_dependencies" name="test_create_bloqueia_duplicidade_componente_ano_origem" time="0.008" /><testcase classname="tests.test_student_dependencies" name="test_create_sucesso_com_role_permitido" time="0.007" /><testcase classname="tests.test_student_dependencies" name="test_create_bloqueia_role_nao_permitido" time="0.008" /><testcase classname="tests.test_student_dependencies" name="test_summary_retorna_contadores" time="0.007" /><testcase classname="tests.test_student_dependencies" name="test_create_valida_modo_not_enabled_na_mantenedora" time="0.007" /><testcase classname="tests.test_student_dependencies" name="test_update_aceita_status_reason" time="0.009" /><testcase classname="tests.test_student_dependencies" name="test_summary_zero_quando_nenhuma_dep" time="0.007" /><testcase classname="tests.test_students_autocomplete.TestMaskCpf" name="test_cpf_formatado" time="0.000" /><testcase classname="tests.test_students_autocomplete.TestMaskCpf" name="test_cpf_apenas_digitos" time="0.000" /><testcase classname="tests.test_students_autocomplete.TestMaskCpf" name="test_cpf_invalido_retorna_none" time="0.000" /><testcase classname="tests.test_students_autocomplete.TestRateLimit" name="test_permite_até_30_chamadas" time="0.000" /><testcase classname="tests.test_students_autocomplete.TestRateLimit" name="test_isola_users" time="0.000" /><testcase classname="tests.test_students_autocomplete.TestRateLimit" name="test_rate_limit_aparece_no_snapshot" time="0.000" /><testcase classname="tests.test_students_autocomplete.TestRateLimit" name="test_user_id_vazio_não_trava" time="0.000" /><testcase classname="tests.test_students_autocomplete.TestCache" name="test_hit_e_miss" time="0.000" /><testcase classname="tests.test_students_autocomplete.TestCache" name="test_filters_hash_ordem_independente" time="0.000" /><testcase classname="tests.test_students_autocomplete.TestCache" name="test_cache_key_separa_tenants" time="0.000" /><testcase classname="tests.test_students_autocomplete.TestCache" name="test_ttl_expira" time="0.000" /><testcase classname="tests.test_students_autocomplete.TestObservabilitySnapshot" name="test_snapshot_vazio" time="0.000" /><testcase classname="tests.test_students_autocomplete.TestObservabilitySnapshot" name="test_metricas_basicas" time="0.000" /><testcase classname="tests.test_students_autocomplete.TestObservabilitySnapshot" name="test_top_queries_anonimizadas" time="0.000" /><testcase classname="tests.test_students_autocomplete.TestObservabilitySnapshot" name="test_top_tenants" time="0.000" /><testcase classname="tests.test_students_autocomplete.TestObservabilitySnapshot" name="test_query_length_distribution" time="0.000" /><testcase classname="tests.test_students_autocomplete.TestObservabilitySnapshot" name="test_p95_via_histogram" time="0.001" /><testcase classname="tests.test_students_autocomplete.TestObservabilitySnapshot" name="test_avg_latency" time="0.001" /></testsuite></testsuites>