<?xml version="1.0" encoding="utf-8"?><testsuites name="pytest tests"><testsuite name="pytest" errors="0" failures="0" skipped="0" tests="30" time="5.292" timestamp="2026-07-07T17:21:53.802362+00:00" hostname="agent-env-d0424b6b-e770-40f3-9f50-0a03f8720de2"><testcase classname="backend.tests.test_pme_reconciliation" name="test_matriculas_total_equals_rendimento_sum[educacao_infantil]" time="0.624" /><testcase classname="backend.tests.test_pme_reconciliation" name="test_matriculas_total_equals_rendimento_sum[anos_iniciais]" time="0.158" /><testcase classname="backend.tests.test_pme_reconciliation" name="test_matriculas_total_equals_rendimento_sum[anos_finais]" time="0.114" /><testcase classname="backend.tests.test_pme_reconciliation" name="test_matriculas_total_equals_rendimento_sum[eja]" time="0.151" /><testcase classname="backend.tests.test_pme_reconciliation" name="test_matriculas_ativos_equals_cursando_plus_aprovado[educacao_infantil]" time="0.143" /><testcase classname="backend.tests.test_pme_reconciliation" name="test_matriculas_ativos_equals_cursando_plus_aprovado[anos_iniciais]" time="0.119" /><testcase classname="backend.tests.test_pme_reconciliation" name="test_matriculas_ativos_equals_cursando_plus_aprovado[anos_finais]" time="0.111" /><testcase classname="backend.tests.test_pme_reconciliation" name="test_matriculas_ativos_equals_cursando_plus_aprovado[eja]" time="0.108" /><testcase classname="backend.tests.test_pme_reconciliation" name="test_matriculas_alunos_ativos_field_present[educacao_infantil]" time="0.119" /><testcase classname="backend.tests.test_pme_reconciliation" name="test_matriculas_alunos_ativos_field_present[anos_iniciais]" time="0.141" /><testcase classname="backend.tests.test_pme_reconciliation" name="test_matriculas_alunos_ativos_field_present[anos_finais]" time="0.108" /><testcase classname="backend.tests.test_pme_reconciliation" name="test_matriculas_alunos_ativos_field_present[eja]" time="0.130" /><testcase classname="backend.tests.test_pme_reconciliation" name="test_analytics_structure_regression[educacao_infantil]" time="0.119" /><testcase classname="backend.tests.test_pme_reconciliation" name="test_analytics_structure_regression[anos_iniciais]" time="0.103" /><testcase classname="backend.tests.test_pme_reconciliation" name="test_analytics_structure_regression[anos_finais]" time="0.123" /><testcase classname="backend.tests.test_pme_reconciliation" name="test_analytics_structure_regression[eja]" time="0.115" /><testcase classname="backend.tests.test_pme_anos_finais.TestAnalytics" name="test_analytics_2026_super_admin" time="0.458" /><testcase classname="backend.tests.test_pme_anos_finais.TestAnalytics" name="test_analytics_2024_empty_ok" time="0.155" /><testcase classname="backend.tests.test_pme_anos_finais.TestAnalytics" name="test_analytics_zona_filter" time="0.143" /><testcase classname="backend.tests.test_pme_anos_finais.TestAnalytics" name="test_analytics_default_year" time="0.114" /><testcase classname="backend.tests.test_pme_anos_finais.TestAnalytics" name="test_analytics_cor_raca_uses_color_race_field" time="0.111" /><testcase classname="backend.tests.test_pme_anos_finais.TestAnalytics" name="test_pme_cor_raca_matches_students_race_counts" time="0.275" /><testcase classname="backend.tests.test_pme_anos_finais.TestAnalytics" name="test_rendimento_por_cor_raca_keys" time="0.145" /><testcase classname="backend.tests.test_pme_anos_finais.TestExternalIndicators" name="test_get_external_2026" time="0.117" /><testcase classname="backend.tests.test_pme_anos_finais.TestExternalIndicators" name="test_put_external_creates_2025_and_persists" time="0.273" /><testcase classname="backend.tests.test_pme_anos_finais.TestExternalIndicators" name="test_put_without_csrf_rejected" time="0.104" /><testcase classname="backend.tests.test_pme_anos_finais.TestRBAC" name="test_professor_analytics_403" time="0.457" /><testcase classname="backend.tests.test_pme_anos_finais.TestRBAC" name="test_professor_external_get_403" time="0.110" /><testcase classname="backend.tests.test_pme_anos_finais.TestRBAC" name="test_professor_external_put_blocked" time="0.112" /><testcase classname="backend.tests.test_pme_anos_finais.TestRBAC" name="test_no_auth_returns_401" time="0.133" /></testsuite></testsuites>