<?xml version="1.0" encoding="utf-8"?><testsuites name="pytest tests"><testsuite name="pytest" errors="0" failures="0" skipped="0" tests="7" time="1.366" timestamp="2026-05-11T21:34:21.759430+00:00" hostname="agent-env-719edaa5-a3b2-450d-9491-d87295decc15"><testcase classname="backend.tests.test_dependency_bulletin_e2e_http" name="test_bulletins_index_returns_regular_plus_dep" time="0.704" /><testcase classname="backend.tests.test_dependency_bulletin_e2e_http" name="test_bulletins_index_invalid_year_returns_422" time="0.055" /><testcase classname="backend.tests.test_dependency_bulletin_e2e_http" name="test_bulletins_index_no_auth_returns_401_or_403" time="0.196" /><testcase classname="backend.tests.test_dependency_bulletin_e2e_http" name="test_dependency_bulletin_returns_dependency_type" time="0.061" /><testcase classname="backend.tests.test_dependency_bulletin_e2e_http" name="test_dependency_bulletin_missing_target_class_returns_422" time="0.056" /><testcase classname="backend.tests.test_dependency_bulletin_e2e_http" name="test_dependency_bulletin_unknown_class_returns_warning" time="0.072" /><testcase classname="backend.tests.test_dependency_bulletin_e2e_http" name="test_regular_bulletin_still_works" time="0.081" /></testsuite></testsuites>