<?xml version="1.0" encoding="utf-8"?><testsuites name="pytest tests"><testsuite name="pytest" errors="0" failures="0" skipped="0" tests="59" time="0.623" timestamp="2026-05-08T17:01:39.226341+00:00" hostname="agent-env-99ae23de-be19-41d0-a870-522d00f094b1"><testcase classname="tests.test_dependency_isolation_p0" name="test_regular_only_filter_shape" time="0.000" /><testcase classname="tests.test_dependency_isolation_p0" name="test_regular_only_aggregate_match_shape" time="0.000" /><testcase classname="tests.test_dependency_isolation_p0" name="test_with_regular_only_does_not_mutate_input" time="0.000" /><testcase classname="tests.test_dependency_isolation_p0" name="test_is_regular_grade_true_quando_sem_dep_id" time="0.000" /><testcase classname="tests.test_dependency_isolation_p0" name="test_is_regular_grade_false_quando_dep_id_presente" time="0.000" /><testcase classname="tests.test_dependency_isolation_p0" name="test_is_regular_grade_false_quando_grade_none" time="0.000" /><testcase classname="tests.test_dependency_isolation_p0" name="test_is_regular_attendance_record_true_quando_sem_dep_id" time="0.000" /><testcase classname="tests.test_dependency_isolation_p0" name="test_is_regular_attendance_record_false_quando_dep_id_presente" time="0.000" /><testcase classname="tests.test_dependency_isolation_p0" name="test_keep_regular_only_filtra_correctamente" time="0.000" /><testcase classname="tests.test_dependency_isolation_p0" name="test_dependency_grade_not_affect_regular_average" time="0.010" /><testcase classname="tests.test_dependency_isolation_p0" name="test_dependency_attendance_not_affect_regular_frequency" time="0.005" /><testcase classname="tests.test_dependency_isolation_p0" name="test_dependency_student_not_counted_twice_in_reports" time="0.005" /><testcase classname="tests.test_dependency_isolation_p0" name="test_dependency_status_values_are_canonical" time="0.000" /><testcase classname="tests.test_dependency_isolation_p0" name="test_dependency_type_values_are_canonical" time="0.000" /><testcase classname="tests.test_dependency_isolation_p0" name="test_normalize_dependency_status_aliases[active-active]" time="0.000" /><testcase classname="tests.test_dependency_isolation_p0" name="test_normalize_dependency_status_aliases[ACTIVE-active]" time="0.000" /><testcase classname="tests.test_dependency_isolation_p0" name="test_normalize_dependency_status_aliases[Active-active]" time="0.000" /><testcase classname="tests.test_dependency_isolation_p0" name="test_normalize_dependency_status_aliases[ativo-active]" time="0.000" /><testcase classname="tests.test_dependency_isolation_p0" name="test_normalize_dependency_status_aliases[Ativa-active]" time="0.000" /><testcase classname="tests.test_dependency_isolation_p0" name="test_normalize_dependency_status_aliases[CONCLU\xcdDO-completed]" time="0.000" /><testcase classname="tests.test_dependency_isolation_p0" name="test_normalize_dependency_status_aliases[concluida-completed]" time="0.000" /><testcase classname="tests.test_dependency_isolation_p0" name="test_normalize_dependency_status_aliases[reprovado-failed]" time="0.000" /><testcase classname="tests.test_dependency_isolation_p0" name="test_normalize_dependency_status_aliases[FAILED-failed]" time="0.000" /><testcase classname="tests.test_dependency_isolation_p0" name="test_normalize_dependency_status_aliases[CANCELADA-cancelled]" time="0.000" /><testcase classname="tests.test_dependency_isolation_p0" name="test_normalize_dependency_status_aliases[Canceled-cancelled]" time="0.000" /><testcase classname="tests.test_dependency_isolation_p0" name="test_normalize_dependency_status_falha_quando_invalido" time="0.000" /><testcase classname="tests.test_dependency_isolation_p0" name="test_normalize_dependency_status_none_returns_none" time="0.000" /><testcase classname="tests.test_dependency_isolation_p0" name="test_normalize_dependency_type_aliases[with_dependency-with_dependency]" time="0.000" /><testcase classname="tests.test_dependency_isolation_p0" name="test_normalize_dependency_type_aliases[with-dependency-with_dependency]" time="0.000" /><testcase classname="tests.test_dependency_isolation_p0" name="test_normalize_dependency_type_aliases[withDependency-with_dependency]" time="0.000" /><testcase classname="tests.test_dependency_isolation_p0" name="test_normalize_dependency_type_aliases[Com_Dependencia-with_dependency]" time="0.000" /><testcase classname="tests.test_dependency_isolation_p0" name="test_normalize_dependency_type_aliases[dependency_only-dependency_only]" time="0.000" /><testcase classname="tests.test_dependency_isolation_p0" name="test_normalize_dependency_type_aliases[dependency-only-dependency_only]" time="0.000" /><testcase classname="tests.test_dependency_isolation_p0" name="test_normalize_dependency_type_aliases[dependencyOnly-dependency_only]" time="0.000" /><testcase classname="tests.test_dependency_isolation_p0" name="test_normalize_dependency_type_aliases[apenas_dependencia-dependency_only]" time="0.000" /><testcase classname="tests.test_dependency_isolation_p0" name="test_normalize_dependency_type_aliases[none-none]" time="0.000" /><testcase classname="tests.test_dependency_isolation_p0" name="test_normalize_dependency_type_aliases[nenhum-none]" time="0.000" /><testcase classname="tests.test_dependency_isolation_p0" name="test_validate_dependency_status_obrigatorio" time="0.000" /><testcase classname="tests.test_dependency_isolation_p0" name="test_validate_dependency_type_obrigatorio" time="0.000" /><testcase classname="tests.test_dependency_isolation_p0" name="test_is_active_status_helper" time="0.000" /><testcase classname="tests.test_diary_phase2" name="test_c01_aluno_regular_puro" time="0.018" /><testcase classname="tests.test_diary_phase2" name="test_c02_apenas_dependencia_aparece_no_componente_vinculado" time="0.019" /><testcase classname="tests.test_diary_phase2" name="test_c03_with_dependency_aparece_apenas_uma_vez" time="0.017" /><testcase classname="tests.test_diary_phase2" name="test_c06_dep_cancelada_nao_aparece" time="0.016" /><testcase classname="tests.test_diary_phase2" name="test_c07_dep_completed_nao_aparece" time="0.016" /><testcase classname="tests.test_diary_phase2" name="test_meta_estrutura_e_dependency_ratio" time="0.016" /><testcase classname="tests.test_diary_phase2" name="test_payload_sem_divisor_fake" time="0.017" /><testcase classname="tests.test_diary_phase2" name="test_ordenacao_localecompare_pt_br" time="0.016" /><testcase classname="tests.test_diary_phase2" name="test_anti_n_plus_1" time="0.016" /><testcase classname="tests.test_diary_phase2" name="test_display_label_eh_constante_unica" time="0.016" /><testcase classname="tests.test_diary_phase2" name="test_warning_dep_greater_than_regular" time="0.020" /><testcase classname="tests.test_diary_phase2" name="test_validator_aceita_dep_valida" time="0.015" /><testcase classname="tests.test_diary_phase2" name="test_validator_rejeita_dep_inativa" time="0.015" /><testcase classname="tests.test_diary_phase2" name="test_validator_rejeita_student_mismatch" time="0.015" /><testcase classname="tests.test_diary_phase2" name="test_validator_rejeita_course_mismatch" time="0.014" /><testcase classname="tests.test_diary_phase2" name="test_validator_rejeita_tenant_mismatch" time="0.015" /><testcase classname="tests.test_diary_phase2" name="test_validator_rejeita_dep_inexistente" time="0.015" /><testcase classname="tests.test_diary_phase2" name="test_max_dependency_constant_value" time="0.011" /><testcase classname="tests.test_diary_phase2" name="test_label_constante_unica" time="0.012" /></testsuite></testsuites>