<?xml version="1.0" encoding="utf-8"?><testsuites name="pytest tests"><testsuite name="pytest" errors="0" failures="0" skipped="0" tests="9" time="1.608" timestamp="2026-05-08T19:03:56.873238+00:00" hostname="agent-env-99ae23de-be19-41d0-a870-522d00f094b1"><testcase classname="tests.test_dep_completions_e2e_http" name="test_01_put_dep_completed_creates_snapshot" time="0.523" /><testcase classname="tests.test_dep_completions_e2e_http" name="test_02_list_completions_returns_snapshot" time="0.050" /><testcase classname="tests.test_dep_completions_e2e_http" name="test_03_get_completion_full_returns_audit_trail" time="0.048" /><testcase classname="tests.test_dep_completions_e2e_http" name="test_04_public_verify_no_auth_no_pii" time="0.140" /><testcase classname="tests.test_dep_completions_e2e_http" name="test_05_sign_blocks_when_data_quality_partial" time="0.059" /><testcase classname="tests.test_dep_completions_e2e_http" name="test_06_cancelled_without_reason_returns_422" time="0.131" /><testcase classname="tests.test_dep_completions_e2e_http" name="test_07_backfill_dry_run" time="0.050" /><testcase classname="tests.test_dep_completions_e2e_http" name="test_08_revoke_too_short_returns_422" time="0.047" /><testcase classname="tests.test_dep_completions_e2e_http" name="test_09_revoke_ok_and_public_verify_revoked" time="0.496" /></testsuite></testsuites>