<?xml version="1.0" encoding="utf-8"?><testsuites name="pytest tests"><testsuite name="pytest" errors="0" failures="0" skipped="0" tests="6" time="1.542" timestamp="2026-06-25T20:07:13.248225+00:00" hostname="agent-env-18ad5a84-73ff-4a32-93e6-e326e3879408"><testcase classname="tests.test_grades_migrated_granular" name="test_batch_granular_freeze_b1_saves_b2" time="0.818" /><testcase classname="tests.test_grades_migrated_granular" name="test_batch_only_frozen_field_skipped" time="0.068" /><testcase classname="tests.test_grades_migrated_granular" name="test_put_grade_granular_freeze" time="0.065" /><testcase classname="tests.test_grades_migrated_granular" name="test_post_grade_update_granular_freeze" time="0.079" /><testcase classname="tests.test_grades_migrated_granular" name="test_secretario_can_edit_migrated_b1" time="0.384" /><testcase classname="tests.test_grades_migrated_granular" name="test_by_class_returns_migrated_bimesters" time="0.061" /></testsuite></testsuites>