<?xml version="1.0" encoding="utf-8"?><testsuites name="pytest tests"><testsuite name="pytest" errors="0" failures="0" skipped="0" tests="9" time="1.464" timestamp="2026-05-08T19:32:13.295591+00:00" hostname="agent-env-99ae23de-be19-41d0-a870-522d00f094b1"><testcase classname="tests.test_academic_events_e2e_http" name="test_01_rationale_too_short_returns_422" time="0.581" /><testcase classname="tests.test_academic_events_e2e_http" name="test_02_origin_equals_destination_returns_422" time="0.071" /><testcase classname="tests.test_academic_events_e2e_http" name="test_03_create_pending_then_approve" time="0.213" /><testcase classname="tests.test_academic_events_e2e_http" name="test_04_supersede_without_header_returns_428" time="0.073" /><testcase classname="tests.test_academic_events_e2e_http" name="test_05_supersede_with_header_marks_old_superseded" time="0.142" /><testcase classname="tests.test_academic_events_e2e_http" name="test_06_grade_post_blocked_by_event_lock" time="0.081" /><testcase classname="tests.test_academic_events_e2e_http" name="test_07_attendance_post_blocked_by_event_lock" time="0.070" /><testcase classname="tests.test_academic_events_e2e_http" name="test_08_audit_log_has_block_entries" time="0.084" /><testcase classname="tests.test_academic_events_e2e_http" name="test_09_diary_annotates_without_filtering" time="0.084" /></testsuite></testsuites>