<?xml version="1.0" encoding="utf-8"?><testsuites name="pytest tests"><testsuite name="pytest" errors="0" failures="0" skipped="0" tests="17" time="0.571" timestamp="2026-05-08T19:02:59.783615+00:00" hostname="agent-env-99ae23de-be19-41d0-a870-522d00f094b1"><testcase classname="tests.test_dependency_completions" name="test_document_hash_is_deterministic" time="0.000" /><testcase classname="tests.test_dependency_completions" name="test_document_hash_ignores_volatile_fields" time="0.000" /><testcase classname="tests.test_dependency_completions" name="test_document_hash_different_for_different_content" time="0.000" /><testcase classname="tests.test_dependency_completions" name="test_signature_hash_references_original_document" time="0.000" /><testcase classname="tests.test_dependency_completions" name="test_verify_document_hash_detects_tampering" time="0.000" /><testcase classname="tests.test_dependency_completions" name="test_completion_snapshot_created_on_status_transition" time="0.013" /><testcase classname="tests.test_dependency_completions" name="test_completion_snapshot_idempotent" time="0.008" /><testcase classname="tests.test_dependency_completions" name="test_cancelled_requires_status_reason" time="0.006" /><testcase classname="tests.test_dependency_completions" name="test_cancelled_with_reason_creates_snapshot_incomplete" time="0.007" /><testcase classname="tests.test_dependency_completions" name="test_failed_creates_snapshot" time="0.007" /><testcase classname="tests.test_dependency_completions" name="test_completion_data_quality_incomplete_when_no_grade_no_attendance" time="0.007" /><testcase classname="tests.test_dependency_completions" name="test_completion_data_quality_complete_when_both_present" time="0.008" /><testcase classname="tests.test_dependency_completions" name="test_document_status_mapping" time="0.000" /><testcase classname="tests.test_dependency_completions" name="test_verification_token_uniqueness_index_exists" time="0.004" /><testcase classname="tests.test_dependency_completions" name="test_document_hash_persists_through_revocation" time="0.007" /><testcase classname="tests.test_dependency_completions" name="test_snapshot_has_required_fields" time="0.006" /><testcase classname="tests.test_dependency_completions" name="test_audit_trail_has_creation_entry" time="0.008" /></testsuite></testsuites>