<?xml version="1.0" encoding="utf-8"?><testsuites name="pytest tests"><testsuite name="pytest" errors="0" failures="0" skipped="0" tests="12" time="0.189" timestamp="2026-05-08T19:30:08.865343+00:00" hostname="agent-env-99ae23de-be19-41d0-a870-522d00f094b1"><testcase classname="tests.test_academic_event_lens" name="test_origin_teacher_can_edit_before_effective_date" time="0.012" /><testcase classname="tests.test_academic_event_lens" name="test_origin_teacher_blocked_after_effective_date" time="0.007" /><testcase classname="tests.test_academic_event_lens" name="test_destination_teacher_readonly_before_effective_date" time="0.007" /><testcase classname="tests.test_academic_event_lens" name="test_destination_teacher_editable_after_effective_date" time="0.008" /><testcase classname="tests.test_academic_event_lens" name="test_superseded_event_not_deleted" time="0.008" /><testcase classname="tests.test_academic_event_lens" name="test_governing_event_precedence" time="0.005" /><testcase classname="tests.test_academic_event_lens" name="test_historical_visibility_preserved_after_transfer" time="0.007" /><testcase classname="tests.test_academic_event_lens" name="test_annotate_items_does_not_filter" time="0.007" /><testcase classname="tests.test_academic_event_lens" name="test_no_event_returns_default_decision" time="0.005" /><testcase classname="tests.test_academic_event_lens" name="test_pending_event_ignored_by_lens" time="0.011" /><testcase classname="tests.test_academic_event_lens" name="test_precedence_constant_order" time="0.000" /><testcase classname="tests.test_academic_event_lens" name="test_decision_version_is_v1" time="0.000" /></testsuite></testsuites>