<?xml version="1.0" encoding="utf-8"?><testsuites name="pytest tests"><testsuite name="pytest" errors="0" failures="1" skipped="0" tests="13" time="1.919" timestamp="2026-04-22T04:13:40.908823+00:00" hostname="agent-env-032cdbb2-53cf-4a88-8027-275e3ed5fad5"><testcase classname="backend.tests.test_tenant_regression" name="test_endpoint_returns_200[/api/mantenedora]" time="0.506" /><testcase classname="backend.tests.test_tenant_regression" name="test_endpoint_returns_200[/api/analytics/overview]" time="0.135" /><testcase classname="backend.tests.test_tenant_regression" name="test_endpoint_returns_200[/api/classes]" time="0.110" /><testcase classname="backend.tests.test_tenant_regression" name="test_endpoint_returns_200[/api/schools]" time="0.114" /><testcase classname="backend.tests.test_tenant_regression" name="test_endpoint_returns_200[/api/users]" time="0.108" /><testcase classname="backend.tests.test_tenant_regression" name="test_endpoint_returns_200[/api/students]" time="0.109" /><testcase classname="backend.tests.test_tenant_regression" name="test_endpoint_returns_200[/api/mantenedoras]" time="0.115" /><testcase classname="backend.tests.test_tenant_regression" name="test_mantenedora_endpoint_returns_data" time="0.110" /><testcase classname="backend.tests.test_tenant_regression" name="test_grades_endpoint_uses_cached_mantenedora" time="0.103" /><testcase classname="backend.tests.test_tenant_regression" name="test_attendance_ext_endpoint" time="0.105" /><testcase classname="backend.tests.test_tenant_regression" name="test_bolsa_familia_list" time="0.099" /><testcase classname="backend.tests.test_tenant_regression" name="test_class_details_requires_id_but_no_500" time="0.107" /><testcase classname="backend.tests.test_tenant_regression" name="test_mantenedoras_list_has_data" time="0.122"><failure message="AssertionError: assert 'name' in {'aprovacao_com_dependencia': False, 'bairro': None, 'brasao_url': None, 'celular': None, ...}">backend/tests/test_tenant_regression.py:97: in test_mantenedoras_list_has_data
    assert "name" in data[0]
E   AssertionError: assert 'name' in {'aprovacao_com_dependencia': False, 'bairro': None, 'brasao_url': None, 'celular': None, ...}</failure></testcase></testsuite></testsuites>