<?xml version="1.0" encoding="utf-8"?><testsuites name="pytest tests"><testsuite name="pytest" errors="0" failures="0" skipped="0" tests="5" time="1.223" timestamp="2026-06-25T18:49:23.003175+00:00" hostname="agent-env-595159b6-9209-4e65-92a8-c3994a935e0f"><testcase classname="tests.test_student_movement_consolidation" name="test_movement_backend_consolidates_freq_grades_content" time="0.597" /><testcase classname="tests.test_student_movement_consolidation" name="test_movement_idempotent" time="0.119" /><testcase classname="tests.test_student_movement_consolidation" name="test_historico_dedup_single_record" time="0.082" /><testcase classname="tests.test_student_movement_consolidation" name="test_reconstruction_dryrun_and_execute" time="0.247" /><testcase classname="tests.test_student_movement_consolidation" name="test_reconstruction_requires_super_admin" time="0.125" /></testsuite></testsuites>