<?xml version="1.0" encoding="utf-8"?><testsuites name="pytest tests"><testsuite name="pytest" errors="0" failures="0" skipped="0" tests="4" time="0.357" timestamp="2026-06-02T22:14:30.469475+00:00" hostname="agent-env-02389da4-38b5-458c-a3d0-d25b773dfd1e"><testcase classname="tests.test_online_users_login_count" name="test_login_count_returns_total_successful_by_category" time="0.276" /><testcase classname="tests.test_online_users_login_count" name="test_login_count_sum_equals_successful" time="0.018" /><testcase classname="tests.test_online_users_login_count" name="test_online_users_endpoint_still_works" time="0.004" /><testcase classname="tests.test_online_users_login_count" name="test_login_count_requires_auth" time="0.002" /></testsuite></testsuites>