<?xml version="1.0" encoding="utf-8"?><testsuites name="pytest tests"><testsuite name="pytest" errors="0" failures="0" skipped="0" tests="54" time="3.829" timestamp="2026-01-06T02:28:39.476125+00:00" hostname="agent-env-b1696c8e-9c66-4f1e-99c9-d1ac061b9bc7"><testcase classname="tests.test_mandatory_no_grade_bug.TestMandatoryNoGradeBugFix" name="test_mandatory_component_without_grade_should_be_reprovado" time="0.000" /><testcase classname="tests.test_mandatory_no_grade_bug.TestMandatoryNoGradeBugFix" name="test_ana_beatriz_scenario_10_components_without_grade" time="0.000" /><testcase classname="tests.test_mandatory_no_grade_bug.TestMandatoryNoGradeBugFix" name="test_optional_without_grade_should_be_ignored" time="0.000" /><testcase classname="tests.test_mandatory_no_grade_bug.TestMandatoryNoGradeBugFix" name="test_all_mandatory_with_passing_grades_should_be_aprovado" time="0.000" /><testcase classname="tests.test_mandatory_no_grade_bug.TestCalcResultadoComAvaliacaoMandatoryNoGrade" name="test_mandatory_without_grade_should_fail" time="0.000" /><testcase classname="tests.test_mandatory_no_grade_bug.TestCalcResultadoComAvaliacaoMandatoryNoGrade" name="test_optional_without_grade_should_be_ignored" time="0.000" /><testcase classname="tests.test_mandatory_no_grade_bug.TestMixedScenarios" name="test_mix_mandatory_with_and_without_grades" time="0.000" /><testcase classname="tests.test_mandatory_no_grade_bug.TestMixedScenarios" name="test_mandatory_failing_and_without_grade" time="0.000" /><testcase classname="tests.test_mandatory_no_grade_bug.TestMixedScenarios" name="test_optional_with_failing_grade_should_count" time="0.000" /><testcase classname="tests.test_mandatory_no_grade_bug.TestGradeFormatting" name="test_format_grade_uses_comma" time="0.000" /><testcase classname="tests.test_mandatory_no_grade_bug.TestGradeFormatting" name="test_format_grade_various_values" time="0.000" /><testcase classname="tests.test_mandatory_no_grade_bug.TestAnosIniciaisNoGrade" name="test_5_ano_mandatory_without_grade_reprovado" time="0.000" /><testcase classname="tests.test_mandatory_no_grade_bug.TestAnosIniciaisNoGrade" name="test_3_ano_all_mandatory_with_grades_aprovado" time="0.000" /><testcase classname="tests.test_pdf_generator_media.TestPdfGeneratorMediaCalculation" name="test_media_calculation_all_zeros" time="0.000" /><testcase classname="tests.test_pdf_generator_media.TestPdfGeneratorMediaCalculation" name="test_media_calculation_all_none" time="0.000" /><testcase classname="tests.test_pdf_generator_media.TestPdfGeneratorMediaCalculation" name="test_media_calculation_mixed_zero_and_none" time="0.000" /><testcase classname="tests.test_pdf_generator_media.TestPdfGeneratorMediaCalculation" name="test_media_calculation_normal_grades" time="0.000" /><testcase classname="tests.test_pdf_generator_media.TestPdfGeneratorMediaCalculation" name="test_media_calculation_partial_grades" time="0.000" /><testcase classname="tests.test_pdf_generator_media.TestMediaPorComponenteList" name="test_build_medias_list_with_zero_grades" time="0.000" /><testcase classname="tests.test_pdf_generator_media.TestMediaPorComponenteList" name="test_approval_check_with_zero_media" time="0.000" /><testcase classname="tests.test_promotion_pdf.TestPromotionPDFEndpoint" name="test_pdf_generation_3ano" time="0.730" /><testcase classname="tests.test_promotion_pdf.TestPromotionPDFEndpoint" name="test_pdf_generation_6ano" time="0.207" /><testcase classname="tests.test_promotion_pdf.TestPromotionPDFEndpoint" name="test_pdf_generation_9ano" time="0.200" /><testcase classname="tests.test_promotion_pdf.TestPromotionPDFEndpoint" name="test_pdf_requires_authentication" time="0.037" /><testcase classname="tests.test_promotion_pdf.TestPromotionPDFEndpoint" name="test_pdf_invalid_class_id" time="0.035" /><testcase classname="tests.test_promotion_pdf.TestPromotionPDFEndpoint" name="test_pdf_default_academic_year" time="0.201" /><testcase classname="tests.test_promotion_pdf.TestPromotionPageData" name="test_schools_list" time="0.047" /><testcase classname="tests.test_promotion_pdf.TestPromotionPageData" name="test_classes_list" time="0.039" /><testcase classname="tests.test_promotion_pdf.TestPromotionPageData" name="test_enrollments_by_class" time="0.039" /><testcase classname="tests.test_promotion_pdf_structure.TestPDFStructure" name="test_pdf_has_2_pages" time="0.578" /><testcase classname="tests.test_promotion_pdf_structure.TestPDFStructure" name="test_page1_contains_1st_semester_content" time="0.270" /><testcase classname="tests.test_promotion_pdf_structure.TestPDFStructure" name="test_page2_contains_2nd_semester_and_result" time="0.240" /><testcase classname="tests.test_promotion_pdf_structure.TestPDFStructure" name="test_pdf_contains_institutional_header" time="0.252" /><testcase classname="tests.test_promotion_pdf_structure.TestPDFStructure" name="test_pdf_contains_signatures" time="0.241" /><testcase classname="tests.test_promotion_pdf_structure.TestPDFStructure" name="test_pdf_contains_date" time="0.252" /><testcase classname="tests.test_promotion_pdf_structure.TestPDFStructure" name="test_pdf_size_reasonable" time="0.201" /><testcase classname="tests.test_zero_grade_bug.TestZeroGradeBugFix" name="test_all_grades_zero_should_be_reprovado" time="0.000" /><testcase classname="tests.test_zero_grade_bug.TestZeroGradeBugFix" name="test_single_component_zero_should_be_reprovado" time="0.000" /><testcase classname="tests.test_zero_grade_bug.TestZeroGradeBugFix" name="test_all_grades_none_should_be_em_andamento" time="0.000" /><testcase classname="tests.test_zero_grade_bug.TestZeroGradeBugFix" name="test_average_exactly_5_should_be_aprovado" time="0.000" /><testcase classname="tests.test_zero_grade_bug.TestZeroGradeBugFix" name="test_average_4_9_should_be_reprovado" time="0.000" /><testcase classname="tests.test_zero_grade_bug.TestCalcResultadoComAvaliacao" name="test_zero_average_component_should_fail" time="0.000" /><testcase classname="tests.test_zero_grade_bug.TestCalcResultadoComAvaliacao" name="test_all_passing_should_be_aprovado" time="0.000" /><testcase classname="tests.test_zero_grade_bug.TestWeightedAverageCalculation" name="test_all_zeros_should_return_zero_average" time="0.000" /><testcase classname="tests.test_zero_grade_bug.TestWeightedAverageCalculation" name="test_all_none_should_return_zero_average" time="0.000" /><testcase classname="tests.test_zero_grade_bug.TestWeightedAverageCalculation" name="test_weighted_formula_correct" time="0.000" /><testcase classname="tests.test_zero_grade_bug.TestDetermineStatus" name="test_zero_average_should_be_reprovado_nota" time="0.000" /><testcase classname="tests.test_zero_grade_bug.TestDetermineStatus" name="test_none_average_should_be_cursando" time="0.000" /><testcase classname="tests.test_zero_grade_bug.TestDetermineStatus" name="test_passing_average_should_be_aprovado" time="0.000" /><testcase classname="tests.test_zero_grade_bug.TestApprovalRulesByEducationLevel" name="test_anos_iniciais_no_dependency" time="0.000" /><testcase classname="tests.test_zero_grade_bug.TestApprovalRulesByEducationLevel" name="test_9_ano_no_aprovado_com_dependencia" time="0.000" /><testcase classname="tests.test_zero_grade_bug.TestEdgeCases" name="test_mixed_zero_and_none_grades" time="0.000" /><testcase classname="tests.test_zero_grade_bug.TestEdgeCases" name="test_optional_component_with_zero_ignored" time="0.000" /><testcase classname="tests.test_zero_grade_bug.TestEdgeCases" name="test_optional_component_without_grade_ignored" time="0.000" /></testsuite></testsuites>