<?xml version="1.0" encoding="utf-8"?><testsuites name="pytest tests"><testsuite name="pytest" errors="0" failures="0" skipped="0" tests="13" time="0.033" timestamp="2026-01-06T02:28:19.280265+00:00" hostname="agent-env-b1696c8e-9c66-4f1e-99c9-d1ac061b9bc7"><testcase classname="tests.test_mandatory_no_grade_bug.TestMandatoryNoGradeBugFix" name="test_mandatory_component_without_grade_should_be_reprovado" time="0.000" /><testcase classname="tests.test_mandatory_no_grade_bug.TestMandatoryNoGradeBugFix" name="test_ana_beatriz_scenario_10_components_without_grade" time="0.000" /><testcase classname="tests.test_mandatory_no_grade_bug.TestMandatoryNoGradeBugFix" name="test_optional_without_grade_should_be_ignored" time="0.000" /><testcase classname="tests.test_mandatory_no_grade_bug.TestMandatoryNoGradeBugFix" name="test_all_mandatory_with_passing_grades_should_be_aprovado" time="0.000" /><testcase classname="tests.test_mandatory_no_grade_bug.TestCalcResultadoComAvaliacaoMandatoryNoGrade" name="test_mandatory_without_grade_should_fail" time="0.000" /><testcase classname="tests.test_mandatory_no_grade_bug.TestCalcResultadoComAvaliacaoMandatoryNoGrade" name="test_optional_without_grade_should_be_ignored" time="0.000" /><testcase classname="tests.test_mandatory_no_grade_bug.TestMixedScenarios" name="test_mix_mandatory_with_and_without_grades" time="0.000" /><testcase classname="tests.test_mandatory_no_grade_bug.TestMixedScenarios" name="test_mandatory_failing_and_without_grade" time="0.000" /><testcase classname="tests.test_mandatory_no_grade_bug.TestMixedScenarios" name="test_optional_with_failing_grade_should_count" time="0.000" /><testcase classname="tests.test_mandatory_no_grade_bug.TestGradeFormatting" name="test_format_grade_uses_comma" time="0.000" /><testcase classname="tests.test_mandatory_no_grade_bug.TestGradeFormatting" name="test_format_grade_various_values" time="0.000" /><testcase classname="tests.test_mandatory_no_grade_bug.TestAnosIniciaisNoGrade" name="test_5_ano_mandatory_without_grade_reprovado" time="0.000" /><testcase classname="tests.test_mandatory_no_grade_bug.TestAnosIniciaisNoGrade" name="test_3_ano_all_mandatory_with_grades_aprovado" time="0.000" /></testsuite></testsuites>