<?xml version="1.0" encoding="utf-8"?><testsuites name="pytest tests"><testsuite name="pytest" errors="0" failures="1" skipped="0" tests="4" time="1.496" timestamp="2026-04-24T11:31:19.769429+00:00" hostname="agent-env-70171030-53a7-416f-8a67-d80c5289de1a"><testcase classname="backend.tests.test_student_dashboard_widgets.TestUpcomingEvents" name="test_student_can_fetch_upcoming_events" time="0.579" /><testcase classname="backend.tests.test_student_dashboard_widgets.TestAnnouncements" name="test_student_receives_seed_announcement" time="0.108" /><testcase classname="backend.tests.test_student_dashboard_widgets.TestAnnouncements" name="test_non_student_403" time="0.473" /><testcase classname="backend.tests.test_student_dashboard_widgets.TestClassTargetedAnnouncement" name="test_class_announcement_reaches_student" time="0.261"><failure message="AssertionError: aluno 92207223-0af8-446c-abfe-b2810dbbc48c deveria estar em target_user_ids; recebeu []&#10;assert '92207223-0af8-446c-abfe-b2810dbbc48c' in []">backend/tests/test_student_dashboard_widgets.py:137: in test_class_announcement_reaches_student
    assert STUDENT_USER_ID in target_ids, (
E   AssertionError: aluno 92207223-0af8-446c-abfe-b2810dbbc48c deveria estar em target_user_ids; recebeu []
E   assert '92207223-0af8-446c-abfe-b2810dbbc48c' in []</failure></testcase></testsuite></testsuites>