<?xml version="1.0" encoding="utf-8"?><testsuites name="pytest tests"><testsuite name="pytest" errors="0" failures="0" skipped="0" tests="13" time="3.803" timestamp="2026-03-11T11:53:45.421460+00:00" hostname="agent-env-b7cc699b-9136-4a94-b155-73cc340efbd8"><testcase classname="tests.test_auxiliar_secretaria_role.TestAuxiliarSecretariaLogin" name="test_auxiliar_login_success" time="0.483" /><testcase classname="tests.test_auxiliar_secretaria_role.TestAuxiliarSecretariaLogin" name="test_admin_login_success" time="0.277" /><testcase classname="tests.test_auxiliar_secretaria_role.TestAuxiliarSecretariaAPIAccess" name="test_get_classes_returns_200" time="0.458" /><testcase classname="tests.test_auxiliar_secretaria_role.TestAuxiliarSecretariaAPIAccess" name="test_get_students_returns_200" time="0.111" /><testcase classname="tests.test_auxiliar_secretaria_role.TestAuxiliarSecretariaAPIAccess" name="test_get_announcements_returns_200" time="0.115" /><testcase classname="tests.test_auxiliar_secretaria_role.TestAuxiliarSecretariaAPIAccess" name="test_get_analytics_overview_returns_200" time="0.116" /><testcase classname="tests.test_auxiliar_secretaria_role.TestAuxiliarSecretariaAPIAccess" name="test_get_grades_returns_200" time="0.113" /><testcase classname="tests.test_auxiliar_secretaria_role.TestAuxiliarSecretariaAPIAccess" name="test_get_schools_returns_200" time="0.131" /><testcase classname="tests.test_auxiliar_secretaria_role.TestAuxiliarSecretariaPermissions" name="test_get_permissions_endpoint" time="0.451" /><testcase classname="tests.test_auxiliar_secretaria_role.TestAuxiliarSecretariaPermissions" name="test_diary_dashboard_access" time="0.100" /><testcase classname="tests.test_auxiliar_secretaria_role.TestCompareWithAdmin" name="test_both_can_view_classes" time="0.892" /><testcase classname="tests.test_auxiliar_secretaria_role.TestCompareWithAdmin" name="test_both_can_view_students" time="0.227" /><testcase classname="tests.test_auxiliar_secretaria_role.TestCompareWithAdmin" name="test_both_can_view_grades" time="0.207" /></testsuite></testsuites>