<?xml version="1.0" encoding="utf-8"?><testsuites name="pytest tests"><testsuite name="pytest" errors="0" failures="0" skipped="0" tests="17" time="1.235" timestamp="2026-01-18T00:15:51.914563+00:00" hostname="agent-env-50ead60b-889d-4447-8331-30cd5e3bb4b1"><testcase classname="tests.test_sync_endpoints.TestSyncStatusEndpoint" name="test_sync_status_requires_authentication" time="0.074" /><testcase classname="tests.test_sync_endpoints.TestSyncStatusEndpoint" name="test_sync_status_returns_collection_counts" time="0.306" /><testcase classname="tests.test_sync_endpoints.TestSyncPullEndpoint" name="test_sync_pull_requires_authentication" time="0.039" /><testcase classname="tests.test_sync_endpoints.TestSyncPullEndpoint" name="test_sync_pull_returns_data_for_collections" time="0.046" /><testcase classname="tests.test_sync_endpoints.TestSyncPullEndpoint" name="test_sync_pull_with_class_filter" time="0.062" /><testcase classname="tests.test_sync_endpoints.TestSyncPullEndpoint" name="test_sync_pull_with_academic_year_filter" time="0.038" /><testcase classname="tests.test_sync_endpoints.TestSyncPullEndpoint" name="test_sync_pull_unknown_collection_returns_empty" time="0.033" /><testcase classname="tests.test_sync_endpoints.TestSyncPushEndpoint" name="test_sync_push_requires_authentication" time="0.032" /><testcase classname="tests.test_sync_endpoints.TestSyncPushEndpoint" name="test_sync_push_empty_operations" time="0.036" /><testcase classname="tests.test_sync_endpoints.TestSyncPushEndpoint" name="test_sync_push_create_operation" time="0.040" /><testcase classname="tests.test_sync_endpoints.TestSyncPushEndpoint" name="test_sync_push_update_operation" time="0.057" /><testcase classname="tests.test_sync_endpoints.TestSyncPushEndpoint" name="test_sync_push_delete_operation" time="0.043" /><testcase classname="tests.test_sync_endpoints.TestSyncPushEndpoint" name="test_sync_push_unknown_collection_fails" time="0.035" /><testcase classname="tests.test_sync_endpoints.TestSyncPushEndpoint" name="test_sync_push_unknown_operation_fails" time="0.033" /><testcase classname="tests.test_sync_endpoints.TestSyncPushEndpoint" name="test_sync_push_update_nonexistent_record_fails" time="0.041" /><testcase classname="tests.test_sync_endpoints.TestSyncPushEndpoint" name="test_sync_push_multiple_operations" time="0.058" /><testcase classname="tests.test_sync_endpoints.TestSyncAttendanceOperations" name="test_sync_push_create_attendance" time="0.064" /></testsuite></testsuites>