<?xml version="1.0" encoding="utf-8"?><testsuites name="pytest tests"><testsuite name="pytest" errors="0" failures="0" skipped="0" tests="9" time="1.138" timestamp="2026-05-08T03:03:25.254947+00:00" hostname="agent-env-99ae23de-be19-41d0-a870-522d00f094b1"><testcase classname="tests.test_diary_phase2_e2e_http" name="test_diary_canonical_endpoint_shape" time="0.560" /><testcase classname="tests.test_diary_phase2_e2e_http" name="test_grades_by_class_includes_dependency" time="0.087" /><testcase classname="tests.test_diary_phase2_e2e_http" name="test_attendance_by_class_includes_dependency" time="0.063" /><testcase classname="tests.test_diary_phase2_e2e_http" name="test_observability_snapshot_has_dep_metrics" time="0.064" /><testcase classname="tests.test_diary_phase2_e2e_http" name="test_post_grades_dep_valida_aceita" time="0.070" /><testcase classname="tests.test_diary_phase2_e2e_http" name="test_post_grades_student_mismatch_422" time="0.056" /><testcase classname="tests.test_diary_phase2_e2e_http" name="test_post_grades_course_mismatch_422" time="0.056" /><testcase classname="tests.test_diary_phase2_e2e_http" name="test_post_grades_dep_inativa_422" time="0.061" /><testcase classname="tests.test_diary_phase2_e2e_http" name="test_post_grades_dep_inexistente_422" time="0.057" /></testsuite></testsuites>