<?xml version="1.0" encoding="utf-8"?><testsuites name="pytest tests"><testsuite name="pytest" errors="0" failures="1" skipped="0" tests="8" time="1.777" timestamp="2026-03-06T22:37:20.235402+00:00" hostname="agent-env-86b911e5-bd29-467c-9535-273dc1676a17"><testcase classname="backend.tests.test_classes_aee_restructure.TestClassesAEERestructure" name="test_school_has_required_programs" time="0.538"><failure message="AssertionError: School must have aulas_complementares (Recomposição) enabled&#10;assert False == True&#10; +  where False = &lt;built-in method get of dict object at 0xf836d0c72b00&gt;('aulas_complementares')&#10; +    where &lt;built-in method get of dict object at 0xf836d0c72b00&gt; = {'abastecimento_agua': None, 'aee': True, 'anexa_a': None, 'anos_letivos': {}, ...}.get">backend/tests/test_classes_aee_restructure.py:53: in test_school_has_required_programs
    assert school.get("aulas_complementares") == True, "School must have aulas_complementares (Recomposição) enabled"
E   AssertionError: School must have aulas_complementares (Recomposição) enabled
E   assert False == True
E    +  where False = &lt;built-in method get of dict object at 0xf836d0c72b00&gt;('aulas_complementares')
E    +    where &lt;built-in method get of dict object at 0xf836d0c72b00&gt; = {'abastecimento_agua': None, 'aee': True, 'anexa_a': None, 'anos_letivos': {}, ...}.get</failure></testcase><testcase classname="backend.tests.test_classes_aee_restructure.TestClassesAEERestructure" name="test_create_aee_class_without_education_level" time="0.176" /><testcase classname="backend.tests.test_classes_aee_restructure.TestClassesAEERestructure" name="test_create_aee_multiseriada_class" time="0.151" /><testcase classname="backend.tests.test_classes_aee_restructure.TestClassesAEERestructure" name="test_create_recomposicao_class_without_education_level" time="0.184" /><testcase classname="backend.tests.test_classes_aee_restructure.TestClassesAEERestructure" name="test_create_regular_class_requires_education_level" time="0.180" /><testcase classname="backend.tests.test_classes_aee_restructure.TestClassesAEERestructure" name="test_list_classes_with_various_programs" time="0.108" /><testcase classname="backend.tests.test_classes_aee_restructure.TestClassesAPIValidation" name="test_classes_endpoint_accessible" time="0.161" /><testcase classname="backend.tests.test_classes_aee_restructure.TestClassesAPIValidation" name="test_classes_by_school" time="0.138" /></testsuite></testsuites>