<?xml version="1.0" encoding="utf-8"?><testsuites name="pytest tests"><testsuite name="pytest" errors="0" failures="0" skipped="0" tests="19" time="4.069" timestamp="2026-02-26T00:54:11.395711+00:00" hostname="agent-env-69db117e-f754-4cf7-98f0-4ad92a213ea2"><testcase classname="tests.test_semed3_role.TestSemed3ReadAccess" name="test_get_schools" time="0.476" /><testcase classname="tests.test_semed3_role.TestSemed3ReadAccess" name="test_get_classes" time="0.150" /><testcase classname="tests.test_semed3_role.TestSemed3ReadAccess" name="test_get_students" time="0.111" /><testcase classname="tests.test_semed3_role.TestSemed3ReadAccess" name="test_get_users" time="0.162" /><testcase classname="tests.test_semed3_role.TestSemed3ReadAccess" name="test_get_staff" time="0.133" /><testcase classname="tests.test_semed3_role.TestSemed3ReadAccess" name="test_get_courses" time="0.113" /><testcase classname="tests.test_semed3_role.TestSemed3ReadAccess" name="test_get_analytics_overview" time="0.114" /><testcase classname="tests.test_semed3_role.TestSemed3ReadAccess" name="test_get_calendar_events" time="0.125" /><testcase classname="tests.test_semed3_role.TestSemed3ReadAccess" name="test_get_announcements" time="0.135" /><testcase classname="tests.test_semed3_role.TestSemed3WriteAccessDenied" name="test_cannot_create_school" time="0.110" /><testcase classname="tests.test_semed3_role.TestSemed3WriteAccessDenied" name="test_cannot_create_class" time="0.556" /><testcase classname="tests.test_semed3_role.TestSemed3WriteAccessDenied" name="test_cannot_create_student" time="0.248" /><testcase classname="tests.test_semed3_role.TestSemed3WriteAccessDenied" name="test_cannot_delete_user" time="0.263" /><testcase classname="tests.test_semed3_role.TestSemed3WriteAccessDenied" name="test_cannot_update_school" time="0.215" /><testcase classname="tests.test_semed3_role.TestSemed3WriteAccessDenied" name="test_cannot_update_user" time="0.234" /><testcase classname="tests.test_semed3_role.TestSemed3WriteAccessDenied" name="test_cannot_delete_school" time="0.218" /><testcase classname="tests.test_semed3_role.TestSemed3WriteAccessDenied" name="test_cannot_create_staff" time="0.150" /><testcase classname="tests.test_semed3_role.TestSemed3UserProperties" name="test_semed3_login_returns_correct_role" time="0.349" /><testcase classname="tests.test_semed3_role.TestSemed3UserProperties" name="test_semed3_me_endpoint" time="0.151" /></testsuite></testsuites>