<?xml version="1.0" encoding="utf-8"?><testsuites name="pytest tests"><testsuite name="pytest" errors="0" failures="0" skipped="1" tests="6" time="3.383" timestamp="2026-02-24T19:24:00.203283+00:00" hostname="agent-env-4f363c3f-3293-46bb-a8dc-e3ce54068668"><testcase classname="backend.tests.test_school_status_bug.TestSchoolStatusUpdate" name="test_update_school_status_to_inactive" time="0.665" /><testcase classname="backend.tests.test_school_status_bug.TestSchoolStatusUpdate" name="test_update_school_status_to_active" time="0.730" /><testcase classname="backend.tests.test_school_status_bug.TestSchoolStatusUpdate" name="test_update_school_with_multiple_fields" time="0.507" /><testcase classname="backend.tests.test_school_status_bug.TestSchoolStatusUpdate" name="test_get_schools_list_shows_correct_status" time="0.612" /><testcase classname="backend.tests.test_school_status_bug.TestClassCreation" name="test_create_class" time="0.613" /><testcase classname="backend.tests.test_school_status_bug.TestClassCreation" name="test_list_classes" time="0.198"><skipped type="pytest.skip" message="Authentication failed: 429">/app/backend/tests/test_school_status_bug.py:207: Authentication failed: 429</skipped></testcase></testsuite></testsuites>