<?xml version="1.0" encoding="utf-8"?><testsuites name="pytest tests"><testsuite name="pytest" errors="0" failures="0" skipped="0" tests="20" time="8.711" timestamp="2026-03-27T00:34:08.941535+00:00" hostname="agent-env-da71bccd-568f-43b7-9fe8-7a706c7df846"><testcase classname="backend.tests.test_hr_pdf_reports.TestHRPDFReports" name="test_consolidado_rede_requires_auth" time="0.607" /><testcase classname="backend.tests.test_hr_pdf_reports.TestHRPDFReports" name="test_auditoria_requires_auth" time="0.459" /><testcase classname="backend.tests.test_hr_pdf_reports.TestHRPDFReports" name="test_folha_escola_requires_auth" time="0.486" /><testcase classname="backend.tests.test_hr_pdf_reports.TestHRPDFReports" name="test_espelho_requires_auth" time="0.458" /><testcase classname="backend.tests.test_hr_pdf_reports.TestHRPDFReports" name="test_consolidado_rede_returns_pdf" time="0.413" /><testcase classname="backend.tests.test_hr_pdf_reports.TestHRPDFReports" name="test_consolidado_rede_nonexistent_competency" time="0.410" /><testcase classname="backend.tests.test_hr_pdf_reports.TestHRPDFReports" name="test_auditoria_returns_pdf" time="0.377" /><testcase classname="backend.tests.test_hr_pdf_reports.TestHRPDFReports" name="test_auditoria_nonexistent_competency" time="0.385" /><testcase classname="backend.tests.test_hr_pdf_reports.TestHRPDFReports" name="test_folha_escola_returns_pdf" time="0.406" /><testcase classname="backend.tests.test_hr_pdf_reports.TestHRPDFReports" name="test_folha_escola_nonexistent_payroll" time="0.387" /><testcase classname="backend.tests.test_hr_pdf_reports.TestHRPDFReports" name="test_espelho_nonexistent_item" time="0.383" /><testcase classname="backend.tests.test_hr_pdf_reports.TestHRPDFReports" name="test_espelho_with_valid_item" time="0.434" /><testcase classname="backend.tests.test_hr_pdf_reports.TestHRPDFReports" name="test_consolidado_requires_admin_or_semed_role" time="0.451" /><testcase classname="backend.tests.test_hr_pdf_reports.TestHRPDFReports" name="test_auditoria_requires_admin_or_semed_role" time="0.493" /><testcase classname="backend.tests.test_hr_pdf_reports.TestHRPDFReports" name="test_consolidado_pdf_has_content" time="0.401" /><testcase classname="backend.tests.test_hr_pdf_reports.TestHRPDFReports" name="test_auditoria_pdf_has_content" time="0.397" /><testcase classname="backend.tests.test_hr_pdf_reports.TestHRPDFReports" name="test_folha_escola_pdf_has_content" time="0.465" /><testcase classname="backend.tests.test_hr_pdf_reports.TestHRDashboardAndPayrollDetail" name="test_dashboard_returns_competency_data" time="0.417" /><testcase classname="backend.tests.test_hr_pdf_reports.TestHRDashboardAndPayrollDetail" name="test_payroll_detail_returns_items" time="0.379" /><testcase classname="backend.tests.test_hr_pdf_reports.TestHRDashboardAndPayrollDetail" name="test_competencies_list" time="0.388" /></testsuite></testsuites>