<?xml version="1.0" encoding="utf-8"?><testsuites name="pytest tests"><testsuite name="pytest" errors="0" failures="0" skipped="0" tests="13" time="2.666" timestamp="2026-03-27T00:42:49.863517+00:00" hostname="agent-env-da71bccd-568f-43b7-9fe8-7a706c7df846"><testcase classname="backend.tests.test_hr_analytics.TestHRAnalyticsEndpoint" name="test_analytics_requires_auth" time="0.235" /><testcase classname="backend.tests.test_hr_analytics.TestHRAnalyticsEndpoint" name="test_analytics_requires_competency_id" time="0.525" /><testcase classname="backend.tests.test_hr_analytics.TestHRAnalyticsEndpoint" name="test_analytics_invalid_competency_returns_404" time="0.125" /><testcase classname="backend.tests.test_hr_analytics.TestHRAnalyticsEndpoint" name="test_analytics_returns_correct_structure" time="0.109" /><testcase classname="backend.tests.test_hr_analytics.TestHRAnalyticsEndpoint" name="test_analytics_status_distribution_structure" time="0.123" /><testcase classname="backend.tests.test_hr_analytics.TestHRAnalyticsEndpoint" name="test_analytics_schools_ranking_structure" time="0.115" /><testcase classname="backend.tests.test_hr_analytics.TestHRAnalyticsEndpoint" name="test_analytics_network_summary_structure" time="0.141" /><testcase classname="backend.tests.test_hr_analytics.TestHRAnalyticsEndpoint" name="test_analytics_conformity_structure" time="0.117" /><testcase classname="backend.tests.test_hr_analytics.TestHRAnalyticsEndpoint" name="test_analytics_conformity_counts_consistent" time="0.127" /><testcase classname="backend.tests.test_hr_analytics.TestHRAnalyticsEndpoint" name="test_analytics_schools_ranking_sorted_by_absences" time="0.116" /><testcase classname="backend.tests.test_hr_analytics.TestHRAnalyticsEndpoint" name="test_analytics_schools_ranking_max_15" time="0.116" /><testcase classname="backend.tests.test_hr_analytics.TestHRAnalyticsIntegration" name="test_analytics_total_payrolls_matches_dashboard" time="0.619" /><testcase classname="backend.tests.test_hr_analytics.TestHRAnalyticsIntegration" name="test_analytics_status_distribution_sums_to_total" time="0.130" /></testsuite></testsuites>