<?xml version="1.0" encoding="utf-8"?><testsuites name="pytest tests"><testsuite name="pytest" errors="0" failures="0" skipped="0" tests="9" time="3.023" timestamp="2026-03-02T15:13:33.909677+00:00" hostname="agent-env-c4f88931-dc70-4b99-95e0-84e7d24ff16f"><testcase classname="tests.test_teacher_allocation_courses.TestCoursesAPI" name="test_courses_list_returns_data" time="0.531" /><testcase classname="tests.test_teacher_allocation_courses.TestCoursesAPI" name="test_courses_have_required_fields" time="0.117" /><testcase classname="tests.test_teacher_allocation_courses.TestCoursesAPI" name="test_courses_have_atendimento_integral_field" time="0.117" /><testcase classname="tests.test_teacher_allocation_courses.TestClassesAPI" name="test_classes_have_education_level" time="0.529" /><testcase classname="tests.test_teacher_allocation_courses.TestClassesAPI" name="test_classes_match_courses_nivel_ensino" time="0.220" /><testcase classname="tests.test_teacher_allocation_courses.TestTeacherAllocationFlow" name="test_professor_has_school_assignment" time="0.609" /><testcase classname="tests.test_teacher_allocation_courses.TestTeacherAllocationFlow" name="test_school_has_classes" time="0.117" /><testcase classname="tests.test_teacher_allocation_courses.TestTeacherAllocationFlow" name="test_courses_available_for_class_nivel" time="0.244" /><testcase classname="tests.test_teacher_allocation_courses.TestSchoolAtendimentoIntegral" name="test_school_has_atendimento_integral" time="0.488" /></testsuite></testsuites>