<?xml version="1.0" encoding="utf-8"?><testsuites name="pytest tests"><testsuite name="pytest" errors="0" failures="0" skipped="0" tests="13" time="5.991" timestamp="2026-04-15T00:11:33.840772+00:00" hostname="agent-env-3b912986-fa35-4e17-b0ec-337ec1517553"><testcase classname="tests.test_vaccines.TestVaccineAgentAuth" name="test_vaccine_agent_login_success" time="0.474" /><testcase classname="tests.test_vaccines.TestVaccineAgentAuth" name="test_admin_login_success" time="0.370" /><testcase classname="tests.test_vaccines.TestVaccineAPIs" name="test_get_vaccine_summary" time="0.454" /><testcase classname="tests.test_vaccines.TestVaccineAPIs" name="test_list_students_vaccine_status" time="0.558" /><testcase classname="tests.test_vaccines.TestVaccineAPIs" name="test_update_vaccine_status_up_to_date" time="0.603" /><testcase classname="tests.test_vaccines.TestVaccineAPIs" name="test_update_vaccine_status_not_up_to_date" time="0.638" /><testcase classname="tests.test_vaccines.TestVaccineAPIs" name="test_update_vaccine_status_invalid" time="0.665" /><testcase classname="tests.test_vaccines.TestVaccineAPIs" name="test_get_vaccine_status_batch" time="0.694" /><testcase classname="tests.test_vaccines.TestVaccineAPIs" name="test_search_students_by_name" time="0.469" /><testcase classname="tests.test_vaccines.TestVaccineAPIs" name="test_filter_students_by_status" time="0.485" /><testcase classname="tests.test_vaccines.TestVaccineAPIPermissions" name="test_summary_requires_auth" time="0.105" /><testcase classname="tests.test_vaccines.TestVaccineAPIPermissions" name="test_students_requires_auth" time="0.253" /><testcase classname="tests.test_vaccines.TestVaccineAPIPermissions" name="test_update_status_requires_auth" time="0.109" /></testsuite></testsuites>