<?xml version="1.0" encoding="utf-8"?><testsuites name="pytest tests"><testsuite name="pytest" errors="2" failures="0" skipped="0" tests="8" time="3.979" timestamp="2026-03-08T01:01:27.569740+00:00" hostname="agent-env-86b911e5-bd29-467c-9535-273dc1676a17"><testcase classname="backend.tests.test_sigesc_v32_columns.TestClassDetailsEndpoint" name="test_class_details_student_series_not_null" time="0.735" /><testcase classname="backend.tests.test_sigesc_v32_columns.TestClassDetailsEndpoint" name="test_class_details_series_count_not_zero_for_enrolled" time="0.619" /><testcase classname="backend.tests.test_sigesc_v32_columns.TestClassesFilterByYear" name="test_classes_have_academic_year" time="0.640" /><testcase classname="backend.tests.test_sigesc_v32_columns.TestClassesFilterByYear" name="test_filter_classes_by_year_2026" time="0.469" /><testcase classname="backend.tests.test_sigesc_v32_columns.TestClassesFilterByYear" name="test_filter_classes_by_year_2025_returns_different_count" time="0.444" /><testcase classname="backend.tests.test_sigesc_v32_columns.TestStudentsDataStructure" name="test_students_have_class_id_field" time="0.191"><error message="failed on setup with &quot;assert 429 == 200&#10; +  where 429 = &lt;Response [429]&gt;.status_code&quot;">backend/tests/test_sigesc_v32_columns.py:187: in setup
    assert login_response.status_code == 200
E   assert 429 == 200
E    +  where 429 = &lt;Response [429]&gt;.status_code</error></testcase><testcase classname="backend.tests.test_sigesc_v32_columns.TestStudentsDataStructure" name="test_students_no_school_name_in_table_response" time="0.630" /><testcase classname="backend.tests.test_sigesc_v32_columns.TestEnrollmentStudentSeries" name="test_get_enrollments_includes_student_series" time="0.128"><error message="failed on setup with &quot;assert 429 == 200&#10; +  where 429 = &lt;Response [429]&gt;.status_code&quot;">backend/tests/test_sigesc_v32_columns.py:261: in setup
    assert login_response.status_code == 200
E   assert 429 == 200
E    +  where 429 = &lt;Response [429]&gt;.status_code</error></testcase></testsuite></testsuites>