<?xml version="1.0" encoding="utf-8"?><testsuites name="pytest tests"><testsuite name="pytest" errors="0" failures="0" skipped="0" tests="9" time="1.344" timestamp="2026-01-04T20:57:57.644183+00:00" hostname="agent-env-f8acb9d1-e7bc-4feb-932b-a1871e4a0774"><testcase classname="tests.test_promotion_pdf.TestPromotionPDFEndpoint" name="test_pdf_generation_3ano" time="0.501" /><testcase classname="tests.test_promotion_pdf.TestPromotionPDFEndpoint" name="test_pdf_generation_6ano" time="0.203" /><testcase classname="tests.test_promotion_pdf.TestPromotionPDFEndpoint" name="test_pdf_generation_9ano" time="0.204" /><testcase classname="tests.test_promotion_pdf.TestPromotionPDFEndpoint" name="test_pdf_requires_authentication" time="0.032" /><testcase classname="tests.test_promotion_pdf.TestPromotionPDFEndpoint" name="test_pdf_invalid_class_id" time="0.041" /><testcase classname="tests.test_promotion_pdf.TestPromotionPDFEndpoint" name="test_pdf_default_academic_year" time="0.196" /><testcase classname="tests.test_promotion_pdf.TestPromotionPageData" name="test_schools_list" time="0.042" /><testcase classname="tests.test_promotion_pdf.TestPromotionPageData" name="test_classes_list" time="0.035" /><testcase classname="tests.test_promotion_pdf.TestPromotionPageData" name="test_enrollments_by_class" time="0.037" /></testsuite></testsuites>