<?xml version="1.0" encoding="utf-8"?><testsuites name="pytest tests"><testsuite name="pytest" errors="0" failures="0" skipped="0" tests="9" time="3.775" timestamp="2026-02-15T18:40:56.041825+00:00" hostname="agent-env-52512a09-2883-43b0-8558-dd684cd94f5b"><testcase classname="backend.tests.test_attendance_pdf_bimestre.TestAttendancePdfBimestreEndpoint" name="test_pdf_bimestre_1_returns_200" time="1.355" /><testcase classname="backend.tests.test_attendance_pdf_bimestre.TestAttendancePdfBimestreEndpoint" name="test_pdf_bimestre_2_returns_200" time="0.245" /><testcase classname="backend.tests.test_attendance_pdf_bimestre.TestAttendancePdfBimestreEndpoint" name="test_pdf_bimestre_3_returns_200" time="0.257" /><testcase classname="backend.tests.test_attendance_pdf_bimestre.TestAttendancePdfBimestreEndpoint" name="test_pdf_bimestre_4_returns_200" time="0.247" /><testcase classname="backend.tests.test_attendance_pdf_bimestre.TestAttendancePdfBimestreEndpoint" name="test_pdf_content_is_valid_pdf" time="0.393" /><testcase classname="backend.tests.test_attendance_pdf_bimestre.TestAttendancePdfBimestreEndpoint" name="test_pdf_invalid_bimestre_returns_422" time="0.279" /><testcase classname="backend.tests.test_attendance_pdf_bimestre.TestAttendancePdfBimestreEndpoint" name="test_pdf_invalid_class_returns_404" time="0.158" /><testcase classname="backend.tests.test_attendance_pdf_bimestre.TestAttendancePdfBimestreEndpoint" name="test_pdf_without_auth_returns_401" time="0.376" /><testcase classname="backend.tests.test_attendance_pdf_bimestre.TestAttendancePdfBimestreEndpoint" name="test_pdf_content_disposition_header" time="0.252" /></testsuite></testsuites>