<?xml version="1.0" encoding="utf-8"?><testsuites name="pytest tests"><testsuite name="pytest" errors="0" failures="0" skipped="0" tests="19" time="4.927" timestamp="2026-03-27T02:10:08.758626+00:00" hostname="agent-env-da71bccd-568f-43b7-9fe8-7a706c7df846"><testcase classname="backend.tests.test_permissions_v44.TestAEEPermissions" name="test_aee_roles_write_list" time="0.398" /><testcase classname="backend.tests.test_permissions_v44.TestAEEPermissions" name="test_aee_roles_view_list" time="0.353" /><testcase classname="backend.tests.test_permissions_v44.TestAEEPermissions" name="test_aee_planos_get_with_admin" time="0.435" /><testcase classname="backend.tests.test_permissions_v44.TestAEEPermissions" name="test_aee_planos_post_with_admin" time="0.436" /><testcase classname="backend.tests.test_permissions_v44.TestAuditPermissions" name="test_audit_logs_admin_access" time="0.460" /><testcase classname="backend.tests.test_permissions_v44.TestAuditPermissions" name="test_audit_logs_user_endpoint_admin" time="0.470" /><testcase classname="backend.tests.test_permissions_v44.TestAuditPermissions" name="test_audit_logs_critical_admin" time="0.476" /><testcase classname="backend.tests.test_permissions_v44.TestAuditPermissions" name="test_audit_logs_stats_admin" time="0.466" /><testcase classname="backend.tests.test_permissions_v44.TestAnnouncementsPermissions" name="test_announcements_list" time="0.461" /><testcase classname="backend.tests.test_permissions_v44.TestAnnouncementsPermissions" name="test_announcements_create_admin" time="0.584" /><testcase classname="backend.tests.test_permissions_v44.TestAnnouncementsPermissions" name="test_can_user_create_announcement_logic" time="0.327" /><testcase classname="backend.tests.test_permissions_v44.TestCodeReviewMatrix" name="test_matrix_diretor_permissions" time="0.000" /><testcase classname="backend.tests.test_permissions_v44.TestCodeReviewMatrix" name="test_matrix_avisos_all_roles_full" time="0.000" /><testcase classname="backend.tests.test_permissions_v44.TestCodeReviewMatrix" name="test_matrix_diario_aee_permissions" time="0.000" /><testcase classname="backend.tests.test_permissions_v44.TestCodeReviewMatrix" name="test_matrix_auditoria_permissions" time="0.000" /><testcase classname="backend.tests.test_permissions_v44.TestCodeReviewUsePermissions" name="test_diretor_default_permissions" time="0.000" /><testcase classname="backend.tests.test_permissions_v44.TestCodeReviewFrontendRoutes" name="test_diario_aee_route_roles" time="0.000" /><testcase classname="backend.tests.test_permissions_v44.TestCodeReviewFrontendRoutes" name="test_audit_logs_route_roles" time="0.000" /><testcase classname="backend.tests.test_permissions_v44.TestBackendAuditRolesIssue" name="test_audit_logs_main_endpoint_roles" time="0.000" /></testsuite></testsuites>