<?xml version="1.0" encoding="utf-8"?><testsuites name="pytest tests"><testsuite name="pytest" errors="1" failures="0" skipped="0" tests="8" time="5.335" timestamp="2026-02-25T13:12:44.113460+00:00" hostname="agent-env-4f363c3f-3293-46bb-a8dc-e3ce54068668"><testcase classname="backend.tests.test_atendimento_programa.TestAtendimentoProgramaAPI" name="test_school_has_program_fields" time="0.742" /><testcase classname="backend.tests.test_atendimento_programa.TestAtendimentoProgramaAPI" name="test_student_has_atendimento_programa_fields" time="0.775" /><testcase classname="backend.tests.test_atendimento_programa.TestAtendimentoProgramaAPI" name="test_update_student_with_atendimento_programa" time="0.893" /><testcase classname="backend.tests.test_atendimento_programa.TestAtendimentoProgramaAPI" name="test_update_student_clear_atendimento_programa" time="0.806" /><testcase classname="backend.tests.test_atendimento_programa.TestAtendimentoProgramaAPI" name="test_school_program_types_filtering_logic" time="0.729" /><testcase classname="backend.tests.test_atendimento_programa.TestAtendimentoProgramaAPI" name="test_classes_have_atendimento_programa_field" time="0.748" /><testcase classname="backend.tests.test_atendimento_programa.TestStudentDisabilityFields" name="test_student_has_disability_fields" time="0.465" /><testcase classname="backend.tests.test_atendimento_programa.TestStudentDisabilityFields" name="test_update_student_disability" time="0.110"><error message="failed on setup with &quot;assert 429 == 200&#10; +  where 429 = &lt;Response [429]&gt;.status_code&quot;">backend/tests/test_atendimento_programa.py:191: in setup
    assert login_response.status_code == 200
E   assert 429 == 200
E    +  where 429 = &lt;Response [429]&gt;.status_code</error></testcase></testsuite></testsuites>