<?xml version="1.0" encoding="utf-8"?><testsuites name="pytest tests"><testsuite name="pytest" errors="0" failures="0" skipped="0" tests="9" time="1.537" timestamp="2026-04-24T03:08:08.242917+00:00" hostname="agent-env-70171030-53a7-416f-8a67-d80c5289de1a"><testcase classname="tests.test_student_portal.TestStudentAuth" name="test_login_student_returns_role_aluno" time="0.410" /><testcase classname="tests.test_student_portal.TestStudentMe" name="test_student_me_returns_student_data" time="0.355" /><testcase classname="tests.test_student_portal.TestStudentMe" name="test_student_me_no_token_is_401" time="0.053" /><testcase classname="tests.test_student_portal.TestReportCard" name="test_report_card_ok_and_shape" time="0.053" /><testcase classname="tests.test_student_portal.TestReportCard" name="test_report_card_conceito_fields_when_usa_conceito" time="0.059" /><testcase classname="tests.test_student_portal.TestReportCard" name="test_report_card_situacao_final_valid" time="0.052" /><testcase classname="tests.test_student_portal.TestReportCard" name="test_report_card_alerts_coherence" time="0.052" /><testcase classname="tests.test_student_portal.TestReportCard" name="test_report_card_forbidden_for_non_aluno" time="0.341" /><testcase classname="tests.test_student_portal.TestReportCard" name="test_report_card_no_token_returns_401" time="0.051" /></testsuite></testsuites>