<?xml version="1.0" encoding="utf-8"?><testsuites name="pytest tests"><testsuite name="pytest" errors="0" failures="4" skipped="0" tests="27" time="5.511" timestamp="2026-02-23T16:08:58.880815+00:00" hostname="agent-env-14741748-ded9-42f5-81b2-cba5841a7a84"><testcase classname="tests.test_sigesc_comprehensive.TestHealthAndAuth" name="test_health_endpoint" time="0.193" /><testcase classname="tests.test_sigesc_comprehensive.TestHealthAndAuth" name="test_login_success" time="0.425" /><testcase classname="tests.test_sigesc_comprehensive.TestHealthAndAuth" name="test_login_invalid_credentials" time="0.160" /><testcase classname="tests.test_sigesc_comprehensive.TestHealthAndAuth" name="test_protected_endpoint_without_token" time="0.144" /><testcase classname="tests.test_sigesc_comprehensive.TestSchoolsAPI" name="test_get_all_schools" time="0.482" /><testcase classname="tests.test_sigesc_comprehensive.TestSchoolsAPI" name="test_get_school_by_id" time="0.312" /><testcase classname="tests.test_sigesc_comprehensive.TestClassesAPI" name="test_get_all_classes" time="0.142" /><testcase classname="tests.test_sigesc_comprehensive.TestClassesAPI" name="test_get_class_by_id" time="0.339" /><testcase classname="tests.test_sigesc_comprehensive.TestStudentsAPI" name="test_get_all_students" time="0.117" /><testcase classname="tests.test_sigesc_comprehensive.TestStudentsAPI" name="test_get_student_by_id" time="0.242" /><testcase classname="tests.test_sigesc_comprehensive.TestStudentsAPI" name="test_search_students" time="0.168" /><testcase classname="tests.test_sigesc_comprehensive.TestUsersAPI" name="test_get_all_users" time="0.132" /><testcase classname="tests.test_sigesc_comprehensive.TestUsersAPI" name="test_get_current_user" time="0.152" /><testcase classname="tests.test_sigesc_comprehensive.TestStaffAPI" name="test_get_all_staff" time="0.335" /><testcase classname="tests.test_sigesc_comprehensive.TestCoursesAPI" name="test_get_all_courses" time="0.123" /><testcase classname="tests.test_sigesc_comprehensive.TestGradesAPI" name="test_get_grades_for_class" time="0.281" /><testcase classname="tests.test_sigesc_comprehensive.TestAttendanceAPI" name="test_get_attendance_settings" time="0.127"><failure message="assert 405 in [200, 404]&#10; +  where 405 = &lt;Response [405]&gt;.status_code">tests/test_sigesc_comprehensive.py:250: in test_get_attendance_settings
    assert response.status_code in [200, 404]
E   assert 405 in [200, 404]
E    +  where 405 = &lt;Response [405]&gt;.status_code</failure></testcase><testcase classname="tests.test_sigesc_comprehensive.TestEnrollmentsAPI" name="test_get_all_enrollments" time="0.133" /><testcase classname="tests.test_sigesc_comprehensive.TestCalendarAPI" name="test_get_calendar_events" time="0.143"><failure message="assert 404 == 200&#10; +  where 404 = &lt;Response [404]&gt;.status_code">tests/test_sigesc_comprehensive.py:272: in test_get_calendar_events
    assert response.status_code == 200
E   assert 404 == 200
E    +  where 404 = &lt;Response [404]&gt;.status_code</failure></testcase><testcase classname="tests.test_sigesc_comprehensive.TestAnnouncementsAPI" name="test_get_all_announcements" time="0.127" /><testcase classname="tests.test_sigesc_comprehensive.TestGuardiansAPI" name="test_get_all_guardians" time="0.133" /><testcase classname="tests.test_sigesc_comprehensive.TestSchoolAssignmentsAPI" name="test_get_all_assignments" time="0.153" /><testcase classname="tests.test_sigesc_comprehensive.TestTeacherAssignmentsAPI" name="test_get_all_teacher_assignments" time="0.172" /><testcase classname="tests.test_sigesc_comprehensive.TestDiaryDashboardAPI" name="test_diary_dashboard_endpoint" time="0.108" /><testcase classname="tests.test_sigesc_comprehensive.TestAnalyticsAPI" name="test_analytics_summary" time="0.150"><failure message="assert 404 == 200&#10; +  where 404 = &lt;Response [404]&gt;.status_code">tests/test_sigesc_comprehensive.py:340: in test_analytics_summary
    assert response.status_code == 200
E   assert 404 == 200
E    +  where 404 = &lt;Response [404]&gt;.status_code</failure></testcase><testcase classname="tests.test_sigesc_comprehensive.TestAuditAPI" name="test_audit_logs" time="0.150"><failure message="assert 404 in [200, 403]&#10; +  where 404 = &lt;Response [404]&gt;.status_code">tests/test_sigesc_comprehensive.py:351: in test_audit_logs
    assert response.status_code in [200, 403]
E   assert 404 in [200, 403]
E    +  where 404 = &lt;Response [404]&gt;.status_code</failure></testcase><testcase classname="tests.test_sigesc_comprehensive.TestProfilesAPI" name="test_get_my_profile" time="0.122" /></testsuite></testsuites>