<?xml version="1.0" encoding="utf-8"?><testsuites name="pytest tests"><testsuite name="pytest" errors="2" failures="0" skipped="0" tests="9" time="4.968" timestamp="2026-02-25T12:43:26.548057+00:00" hostname="agent-env-4f363c3f-3293-46bb-a8dc-e3ce54068668"><testcase classname="tests.test_sigesc_features_v23.TestSchoolsRecomposicaoAprendizagem" name="test_get_school_has_recomposicao_field" time="0.677" /><testcase classname="tests.test_sigesc_features_v23.TestSchoolsRecomposicaoAprendizagem" name="test_update_school_recomposicao_true" time="0.588" /><testcase classname="tests.test_sigesc_features_v23.TestSchoolsRecomposicaoAprendizagem" name="test_update_school_recomposicao_false" time="0.593" /><testcase classname="tests.test_sigesc_features_v23.TestStudentsAPI" name="test_get_students_with_school_filter" time="0.661" /><testcase classname="tests.test_sigesc_features_v23.TestStudentsAPI" name="test_student_has_atendimento_programa_fields" time="0.657" /><testcase classname="tests.test_sigesc_features_v23.TestStudentsAPI" name="test_create_student_with_atendimento_programa" time="0.890" /><testcase classname="tests.test_sigesc_features_v23.TestAEEStudents" name="test_aee_estudantes_endpoint" time="0.150"><error message="failed on setup with &quot;assert 429 == 200&#10; +  where 429 = &lt;Response [429]&gt;.status_code&quot;">tests/test_sigesc_features_v23.py:174: in setup
    assert login_response.status_code == 200
E   assert 429 == 200
E    +  where 429 = &lt;Response [429]&gt;.status_code</error></testcase><testcase classname="tests.test_sigesc_features_v23.TestStudentsListBehavior" name="test_get_students_without_filter_returns_empty_or_error" time="0.440" /><testcase classname="tests.test_sigesc_features_v23.TestStudentsListBehavior" name="test_search_students_by_name" time="0.107"><error message="failed on setup with &quot;assert 429 == 200&#10; +  where 429 = &lt;Response [429]&gt;.status_code&quot;">tests/test_sigesc_features_v23.py:211: in setup
    assert login_response.status_code == 200
E   assert 429 == 200
E    +  where 429 = &lt;Response [429]&gt;.status_code</error></testcase></testsuite></testsuites>