<?xml version="1.0" encoding="utf-8"?><testsuites name="pytest tests"><testsuite name="pytest" errors="0" failures="0" skipped="0" tests="2" time="3.269" timestamp="2026-04-24T11:20:59.968455+00:00" hostname="agent-env-70171030-53a7-416f-8a67-d80c5289de1a"><testcase classname="backend.tests.test_class_details_pdf_aee.TestClassDetailsPDFAEE" name="test_aee_class_shows_dash_in_serie_etapa" time="1.889" /><testcase classname="backend.tests.test_class_details_pdf_aee.TestClassDetailsPDFAEE" name="test_non_aee_class_shows_grade_level" time="1.324" /></testsuite></testsuites>