<?xml version="1.0" encoding="utf-8"?><testsuites name="pytest tests"><testsuite name="pytest" errors="0" failures="0" skipped="0" tests="16" time="3.229" timestamp="2026-04-22T01:35:15.358418+00:00" hostname="agent-env-032cdbb2-53cf-4a88-8027-275e3ed5fad5"><testcase classname="backend.tests.test_multitenant_phase1.TestAuth" name="test_login_returns_super_admin_with_mantenedora" time="0.540" /><testcase classname="backend.tests.test_multitenant_phase1.TestAuth" name="test_auth_me_returns_super_admin_and_mantenedora" time="0.480" /><testcase classname="backend.tests.test_multitenant_phase1.TestListings" name="test_schools_returns_data" time="0.121" /><testcase classname="backend.tests.test_multitenant_phase1.TestListings" name="test_classes_returns_data" time="0.117" /><testcase classname="backend.tests.test_multitenant_phase1.TestListings" name="test_students_paginated" time="0.117" /><testcase classname="backend.tests.test_multitenant_phase1.TestListings" name="test_staff_returns_200" time="0.131" /><testcase classname="backend.tests.test_multitenant_phase1.TestListings" name="test_courses_returns_200" time="0.111" /><testcase classname="backend.tests.test_multitenant_phase1.TestListings" name="test_enrollments_2026" time="0.136" /><testcase classname="backend.tests.test_multitenant_phase1.TestListings" name="test_mantenedoras_endpoint" time="0.117" /><testcase classname="backend.tests.test_multitenant_phase1.TestListings" name="test_school_assignments_returns_200" time="0.128" /><testcase classname="backend.tests.test_multitenant_phase1.TestListings" name="test_teacher_assignments_returns_200" time="0.124" /><testcase classname="backend.tests.test_multitenant_phase1.TestDiaryEndpoints" name="test_grades_endpoint_no_403" time="0.118" /><testcase classname="backend.tests.test_multitenant_phase1.TestDiaryEndpoints" name="test_attendance_no_403" time="0.118" /><testcase classname="backend.tests.test_multitenant_phase1.TestDiaryEndpoints" name="test_learning_objects_no_403" time="0.121" /><testcase classname="backend.tests.test_multitenant_phase1.TestDiaryEndpoints" name="test_documents_no_403" time="0.119" /><testcase classname="backend.tests.test_multitenant_phase1.TestTenantInjection" name="test_create_school_injects_mantenedora_id" time="0.562" /></testsuite></testsuites>