<?xml version="1.0" encoding="utf-8"?><testsuites name="pytest tests"><testsuite name="pytest" errors="0" failures="0" skipped="0" tests="18" time="0.035" timestamp="2026-01-06T02:06:37.147375+00:00" hostname="agent-env-b1696c8e-9c66-4f1e-99c9-d1ac061b9bc7"><testcase classname="tests.test_zero_grade_bug.TestZeroGradeBugFix" name="test_all_grades_zero_should_be_reprovado" time="0.000" /><testcase classname="tests.test_zero_grade_bug.TestZeroGradeBugFix" name="test_single_component_zero_should_be_reprovado" time="0.000" /><testcase classname="tests.test_zero_grade_bug.TestZeroGradeBugFix" name="test_all_grades_none_should_be_em_andamento" time="0.000" /><testcase classname="tests.test_zero_grade_bug.TestZeroGradeBugFix" name="test_average_exactly_5_should_be_aprovado" time="0.000" /><testcase classname="tests.test_zero_grade_bug.TestZeroGradeBugFix" name="test_average_4_9_should_be_reprovado" time="0.000" /><testcase classname="tests.test_zero_grade_bug.TestCalcResultadoComAvaliacao" name="test_zero_average_component_should_fail" time="0.000" /><testcase classname="tests.test_zero_grade_bug.TestCalcResultadoComAvaliacao" name="test_all_passing_should_be_aprovado" time="0.000" /><testcase classname="tests.test_zero_grade_bug.TestWeightedAverageCalculation" name="test_all_zeros_should_return_zero_average" time="0.000" /><testcase classname="tests.test_zero_grade_bug.TestWeightedAverageCalculation" name="test_all_none_should_return_zero_average" time="0.000" /><testcase classname="tests.test_zero_grade_bug.TestWeightedAverageCalculation" name="test_weighted_formula_correct" time="0.000" /><testcase classname="tests.test_zero_grade_bug.TestDetermineStatus" name="test_zero_average_should_be_reprovado_nota" time="0.000" /><testcase classname="tests.test_zero_grade_bug.TestDetermineStatus" name="test_none_average_should_be_cursando" time="0.000" /><testcase classname="tests.test_zero_grade_bug.TestDetermineStatus" name="test_passing_average_should_be_aprovado" time="0.000" /><testcase classname="tests.test_zero_grade_bug.TestApprovalRulesByEducationLevel" name="test_anos_iniciais_no_dependency" time="0.000" /><testcase classname="tests.test_zero_grade_bug.TestApprovalRulesByEducationLevel" name="test_9_ano_no_aprovado_com_dependencia" time="0.000" /><testcase classname="tests.test_zero_grade_bug.TestEdgeCases" name="test_mixed_zero_and_none_grades" time="0.000" /><testcase classname="tests.test_zero_grade_bug.TestEdgeCases" name="test_optional_component_with_zero_ignored" time="0.000" /><testcase classname="tests.test_zero_grade_bug.TestEdgeCases" name="test_optional_component_without_grade_ignored" time="0.000" /></testsuite></testsuites>