<?xml version="1.0" encoding="utf-8"?><testsuites name="pytest tests"><testsuite name="pytest" errors="0" failures="0" skipped="0" tests="22" time="3.891" timestamp="2026-04-22T02:07:21.606275+00:00" hostname="agent-env-032cdbb2-53cf-4a88-8027-275e3ed5fad5"><testcase classname="backend.tests.test_multitenant_phase2.TestRegression" name="test_super_admin_login" time="0.735" /><testcase classname="backend.tests.test_multitenant_phase2.TestRegression" name="test_no_header_sees_all_schools" time="0.123" /><testcase classname="backend.tests.test_multitenant_phase2.TestRegression" name="test_t1_header_sees_multisseriada" time="0.121" /><testcase classname="backend.tests.test_multitenant_phase2.TestRegression" name="test_classes_count_t1" time="0.153" /><testcase classname="backend.tests.test_multitenant_phase2.TestRegression" name="test_students_count_t1" time="0.118" /><testcase classname="backend.tests.test_multitenant_phase2.TestRegression" name="test_staff_count_t1" time="0.117" /><testcase classname="backend.tests.test_multitenant_phase2.TestRegression" name="test_courses_count_t1" time="0.130" /><testcase classname="backend.tests.test_multitenant_phase2.TestRegression" name="test_enrollments_t1_2026" time="0.107" /><testcase classname="backend.tests.test_multitenant_phase2.TestTenantScoping" name="test_create_school_in_t2_persists_tenant" time="0.341" /><testcase classname="backend.tests.test_multitenant_phase2.TestTenantScoping" name="test_super_admin_no_header_sees_both" time="0.209" /><testcase classname="backend.tests.test_multitenant_phase2.TestTenantScoping" name="test_super_admin_t1_header_excludes_t2_school" time="0.117" /><testcase classname="backend.tests.test_multitenant_phase2.TestTenantScoping" name="test_super_admin_t2_header_only_sees_t2_schools" time="0.121" /><testcase classname="backend.tests.test_multitenant_phase2.TestTenantScoping" name="test_cross_tenant_get_school_returns_403" time="0.107" /><testcase classname="backend.tests.test_multitenant_phase2.TestTenantScoping" name="test_cross_tenant_put_school_returns_403" time="0.146" /><testcase classname="backend.tests.test_multitenant_phase2.TestTenantScoping" name="test_cross_tenant_delete_school_returns_403" time="0.136" /><testcase classname="backend.tests.test_multitenant_phase2.TestT2EmptyListings" name="test_t2_classes_empty" time="0.115" /><testcase classname="backend.tests.test_multitenant_phase2.TestT2EmptyListings" name="test_t2_students_empty" time="0.145" /><testcase classname="backend.tests.test_multitenant_phase2.TestT2EmptyListings" name="test_t2_courses_empty" time="0.113" /><testcase classname="backend.tests.test_multitenant_phase2.TestT2EmptyListings" name="test_t2_staff_empty" time="0.138" /><testcase classname="backend.tests.test_multitenant_phase2.TestT2EmptyListings" name="test_t2_school_assignments_empty" time="0.114" /><testcase classname="backend.tests.test_multitenant_phase2.TestT2EmptyListings" name="test_t2_teacher_assignments_empty" time="0.126" /><testcase classname="backend.tests.test_multitenant_phase2.TestCleanup" name="test_delete_t2_school" time="0.272" /></testsuite></testsuites>