<?xml version="1.0" encoding="utf-8"?><testsuites name="pytest tests"><testsuite name="pytest" errors="0" failures="0" skipped="0" tests="71" time="0.925" timestamp="2026-05-08T03:02:05.168854+00:00" hostname="agent-env-99ae23de-be19-41d0-a870-522d00f094b1"><testcase classname="tests.test_diary_phase2" name="test_c01_aluno_regular_puro" time="0.022" /><testcase classname="tests.test_diary_phase2" name="test_c02_apenas_dependencia_aparece_no_componente_vinculado" time="0.019" /><testcase classname="tests.test_diary_phase2" name="test_c03_with_dependency_aparece_apenas_uma_vez" time="0.016" /><testcase classname="tests.test_diary_phase2" name="test_c06_dep_cancelada_nao_aparece" time="0.017" /><testcase classname="tests.test_diary_phase2" name="test_c07_dep_completed_nao_aparece" time="0.016" /><testcase classname="tests.test_diary_phase2" name="test_meta_estrutura_e_dependency_ratio" time="0.015" /><testcase classname="tests.test_diary_phase2" name="test_payload_sem_divisor_fake" time="0.015" /><testcase classname="tests.test_diary_phase2" name="test_ordenacao_localecompare_pt_br" time="0.016" /><testcase classname="tests.test_diary_phase2" name="test_anti_n_plus_1" time="0.015" /><testcase classname="tests.test_diary_phase2" name="test_display_label_eh_constante_unica" time="0.016" /><testcase classname="tests.test_diary_phase2" name="test_warning_dep_greater_than_regular" time="0.020" /><testcase classname="tests.test_diary_phase2" name="test_validator_aceita_dep_valida" time="0.015" /><testcase classname="tests.test_diary_phase2" name="test_validator_rejeita_dep_inativa" time="0.014" /><testcase classname="tests.test_diary_phase2" name="test_validator_rejeita_student_mismatch" time="0.016" /><testcase classname="tests.test_diary_phase2" name="test_validator_rejeita_course_mismatch" time="0.015" /><testcase classname="tests.test_diary_phase2" name="test_validator_rejeita_tenant_mismatch" time="0.015" /><testcase classname="tests.test_diary_phase2" name="test_validator_rejeita_dep_inexistente" time="0.016" /><testcase classname="tests.test_diary_phase2" name="test_max_dependency_constant_value" time="0.012" /><testcase classname="tests.test_diary_phase2" name="test_label_constante_unica" time="0.012" /><testcase classname="tests.test_diary_pre_fase2.TestDiaryConstants" name="test_label_oficial_eh_dependencia" time="0.000" /><testcase classname="tests.test_diary_pre_fase2.TestDiaryConstants" name="test_label_oficial_nao_esta_na_lista_proibida" time="0.000" /><testcase classname="tests.test_diary_pre_fase2.TestDiaryConstants" name="test_variantes_proibidas_cobrem_casos_comuns" time="0.000" /><testcase classname="tests.test_diary_pre_fase2.TestDiaryConstants" name="test_limite_defensivo_e_30" time="0.000" /><testcase classname="tests.test_diary_pre_fase2.TestDiaryConstants" name="test_divider_item_tem_flag_e_label" time="0.000" /><testcase classname="tests.test_diary_pre_fase2.TestDiaryConstants" name="test_contract_version_v1" time="0.000" /><testcase classname="tests.test_diary_pre_fase2.TestDiaryConstants" name="test_validate_dependency_label_aceita_oficial" time="0.000" /><testcase classname="tests.test_diary_pre_fase2.TestDiaryConstants" name="test_validate_dependency_label_rejeita_variantes" time="0.000" /><testcase classname="tests.test_diary_pre_fase2.TestDiaryConstants" name="test_validate_dependency_label_rejeita_qualquer_outro" time="0.000" /><testcase classname="tests.test_diary_pre_fase2.TestAssertUsesIndex" name="test_ixscan_passa" time="0.000" /><testcase classname="tests.test_diary_pre_fase2.TestAssertUsesIndex" name="test_collscan_levanta" time="0.000" /><testcase classname="tests.test_diary_pre_fase2.TestAssertUsesIndex" name="test_sem_ixscan_levanta" time="0.000" /><testcase classname="tests.test_diary_pre_fase2.TestAssertUsesIndex" name="test_index_name_diferente_levanta" time="0.000" /><testcase classname="tests.test_diary_pre_fase2.TestAssertUsesIndex" name="test_index_name_igual_passa" time="0.000" /><testcase classname="tests.test_observability_channel.TestMetricChannel" name="test_snapshot_vazio" time="0.000" /><testcase classname="tests.test_observability_channel.TestMetricChannel" name="test_record_basico" time="0.000" /><testcase classname="tests.test_observability_channel.TestMetricChannel" name="test_top_tenants" time="0.000" /><testcase classname="tests.test_observability_channel.TestMetricChannel" name="test_p95_via_histogram" time="0.001" /><testcase classname="tests.test_observability_channel.TestMetricChannel" name="test_labels_agrupam" time="0.000" /><testcase classname="tests.test_observability_channel.TestMetricChannel" name="test_bucket_counters_acumulam" time="0.000" /><testcase classname="tests.test_observability_channel.TestMetricChannel" name="test_errors_e_rate_limited" time="0.000" /><testcase classname="tests.test_observability_channel.TestMetricChannel" name="test_canais_isolados" time="0.000" /><testcase classname="tests.test_observability_channel.TestMetricChannel" name="test_hash_label_estavel" time="0.000" /><testcase classname="tests.test_observability_channel.TestRecordDiaryLoad" name="test_helper_padroniza_counters_e_labels" time="0.000" /><testcase classname="tests.test_observability_channel.TestRecordDiaryLoad" name="test_helper_registra_erros" time="0.000" /><testcase classname="tests.test_student_dependencies" name="test_create_bloqueia_aluno_sem_dependency_mode" time="0.238" /><testcase classname="tests.test_student_dependencies" name="test_create_valida_limite_da_mantenedora" time="0.008" /><testcase classname="tests.test_student_dependencies" name="test_create_bloqueia_duplicidade_componente_ano_origem" time="0.009" /><testcase classname="tests.test_student_dependencies" name="test_create_sucesso_com_role_permitido" time="0.008" /><testcase classname="tests.test_student_dependencies" name="test_create_bloqueia_role_nao_permitido" time="0.008" /><testcase classname="tests.test_student_dependencies" name="test_summary_retorna_contadores" time="0.008" /><testcase classname="tests.test_student_dependencies" name="test_create_valida_modo_not_enabled_na_mantenedora" time="0.008" /><testcase classname="tests.test_student_dependencies" name="test_update_aceita_status_reason" time="0.009" /><testcase classname="tests.test_student_dependencies" name="test_summary_zero_quando_nenhuma_dep" time="0.008" /><testcase classname="tests.test_students_autocomplete.TestMaskCpf" name="test_cpf_formatado" time="0.000" /><testcase classname="tests.test_students_autocomplete.TestMaskCpf" name="test_cpf_apenas_digitos" time="0.000" /><testcase classname="tests.test_students_autocomplete.TestMaskCpf" name="test_cpf_invalido_retorna_none" time="0.000" /><testcase classname="tests.test_students_autocomplete.TestRateLimit" name="test_permite_até_30_chamadas" time="0.000" /><testcase classname="tests.test_students_autocomplete.TestRateLimit" name="test_isola_users" time="0.000" /><testcase classname="tests.test_students_autocomplete.TestRateLimit" name="test_rate_limit_aparece_no_snapshot" time="0.000" /><testcase classname="tests.test_students_autocomplete.TestRateLimit" name="test_user_id_vazio_não_trava" time="0.000" /><testcase classname="tests.test_students_autocomplete.TestCache" name="test_hit_e_miss" time="0.000" /><testcase classname="tests.test_students_autocomplete.TestCache" name="test_filters_hash_ordem_independente" time="0.000" /><testcase classname="tests.test_students_autocomplete.TestCache" name="test_cache_key_separa_tenants" time="0.000" /><testcase classname="tests.test_students_autocomplete.TestCache" name="test_ttl_expira" time="0.000" /><testcase classname="tests.test_students_autocomplete.TestObservabilitySnapshot" name="test_snapshot_vazio" time="0.000" /><testcase classname="tests.test_students_autocomplete.TestObservabilitySnapshot" name="test_metricas_basicas" time="0.001" /><testcase classname="tests.test_students_autocomplete.TestObservabilitySnapshot" name="test_top_queries_anonimizadas" time="0.000" /><testcase classname="tests.test_students_autocomplete.TestObservabilitySnapshot" name="test_top_tenants" time="0.000" /><testcase classname="tests.test_students_autocomplete.TestObservabilitySnapshot" name="test_query_length_distribution" time="0.000" /><testcase classname="tests.test_students_autocomplete.TestObservabilitySnapshot" name="test_p95_via_histogram" time="0.001" /><testcase classname="tests.test_students_autocomplete.TestObservabilitySnapshot" name="test_avg_latency" time="0.001" /></testsuite></testsuites>