<?xml version="1.0" encoding="utf-8"?><testsuites name="pytest tests"><testsuite name="pytest" errors="0" failures="0" skipped="0" tests="4" time="2.790" timestamp="2026-03-03T18:15:45.015806+00:00" hostname="agent-env-86b911e5-bd29-467c-9535-273dc1676a17"><testcase classname="backend.tests.test_classes_cache_busting.TestClassesCacheBusting" name="test_classes_endpoint_without_t_parameter" time="0.692" /><testcase classname="backend.tests.test_classes_cache_busting.TestClassesCacheBusting" name="test_classes_endpoint_with_t_parameter" time="0.461" /><testcase classname="backend.tests.test_classes_cache_busting.TestClassesCacheBusting" name="test_classes_endpoint_with_school_id_and_t_parameter" time="0.630" /><testcase classname="backend.tests.test_classes_cache_busting.TestClassesCacheBusting" name="test_classes_creation_and_immediate_list" time="0.908" /></testsuite></testsuites>