<?xml version="1.0" encoding="utf-8"?><testsuites name="pytest tests"><testsuite name="pytest" errors="0" failures="0" skipped="0" tests="17" time="14.383" timestamp="2026-03-19T21:49:24.154253+00:00" hostname="agent-env-b8e9ef6e-13f7-4ffe-8257-3f14e447766e"><testcase classname="tests.test_learning_objects_pdf.TestLearningObjectsPDFEndpoint" name="test_pdf_endpoint_returns_200_with_records" time="2.523" /><testcase classname="tests.test_learning_objects_pdf.TestLearningObjectsPDFEndpoint" name="test_pdf_endpoint_returns_200_without_records" time="1.935" /><testcase classname="tests.test_learning_objects_pdf.TestLearningObjectsPDFEndpoint" name="test_pdf_content_disposition" time="1.922" /><testcase classname="tests.test_learning_objects_pdf.TestLearningObjectsPDFEndpoint" name="test_pdf_is_valid" time="1.951" /><testcase classname="tests.test_learning_objects_pdf.TestLearningObjectsPDFContent" name="test_page_numbering_format" time="1.915" /><testcase classname="tests.test_learning_objects_pdf.TestLearningObjectsPDFContent" name="test_date_format_dd_mm" time="0.003" /><testcase classname="tests.test_learning_objects_pdf.TestLearningObjectsPDFContent" name="test_title_registro_objetos_conhecimento" time="0.000" /><testcase classname="tests.test_learning_objects_pdf.TestLearningObjectsPDFContent" name="test_total_registros_label" time="0.000" /><testcase classname="tests.test_learning_objects_pdf.TestLearningObjectsPDFContent" name="test_total_aulas_label" time="0.000" /><testcase classname="tests.test_learning_objects_pdf.TestLearningObjectsPDFContent" name="test_professor_label" time="0.000" /><testcase classname="tests.test_learning_objects_pdf.TestLearningObjectsPDFContent" name="test_bimestre_info" time="0.000" /><testcase classname="tests.test_learning_objects_pdf.TestLearningObjectsPDFContent" name="test_academic_year_info" time="0.000" /><testcase classname="tests.test_learning_objects_pdf.TestLearningObjectsPDFContent" name="test_turma_label" time="0.000" /><testcase classname="tests.test_learning_objects_pdf.TestLearningObjectsPDFContent" name="test_turno_label" time="0.000" /><testcase classname="tests.test_learning_objects_pdf.TestLearningObjectsPDFContent" name="test_nivel_label" time="0.000" /><testcase classname="tests.test_learning_objects_pdf.TestAttendancePDFStillWorks" name="test_attendance_pdf_still_works" time="1.927" /><testcase classname="tests.test_learning_objects_pdf.TestChronologicalOrder" name="test_records_chronological_order" time="2.027" /></testsuite></testsuites>