<?xml version="1.0" encoding="utf-8"?><testsuites name="pytest tests"><testsuite name="pytest" errors="0" failures="0" skipped="3" tests="10" time="3.892" timestamp="2026-03-06T22:18:57.667908+00:00" hostname="agent-env-86b911e5-bd29-467c-9535-273dc1676a17"><testcase classname="backend.tests.test_teacher_allocation_integral.TestTeacherAllocationIntegralClasses" name="test_courses_api_returns_atendimento_programa" time="0.601" /><testcase classname="backend.tests.test_teacher_allocation_integral.TestTeacherAllocationIntegralClasses" name="test_courses_with_different_atendimento_programa_types" time="0.431" /><testcase classname="backend.tests.test_teacher_allocation_integral.TestTeacherAllocationIntegralClasses" name="test_school_with_atendimento_integral_flag" time="0.455" /><testcase classname="backend.tests.test_teacher_allocation_integral.TestTeacherAllocationIntegralClasses" name="test_class_with_atendimento_programa_integral" time="0.505" /><testcase classname="backend.tests.test_teacher_allocation_integral.TestTeacherAllocationIntegralClasses" name="test_class_with_atendimento_programa_aee" time="0.453" /><testcase classname="backend.tests.test_teacher_allocation_integral.TestTeacherAllocationIntegralClasses" name="test_regular_class_exists" time="0.483" /><testcase classname="backend.tests.test_teacher_allocation_integral.TestTeacherAllocationIntegralClasses" name="test_professor_has_lotacao_in_school" time="0.479" /><testcase classname="backend.tests.test_teacher_allocation_integral.TestFilteredCoursesLogic" name="test_logic_for_integral_class_should_show_regular_courses" time="0.102"><skipped type="pytest.skip" message="Authentication failed - skipping tests">/app/backend/tests/test_teacher_allocation_integral.py:229: Authentication failed - skipping tests</skipped></testcase><testcase classname="backend.tests.test_teacher_allocation_integral.TestFilteredCoursesLogic" name="test_logic_for_aee_class_should_only_show_aee_courses" time="0.156"><skipped type="pytest.skip" message="Authentication failed - skipping tests">/app/backend/tests/test_teacher_allocation_integral.py:286: Authentication failed - skipping tests</skipped></testcase><testcase classname="backend.tests.test_teacher_allocation_integral.TestFilteredCoursesLogic" name="test_logic_for_regular_class_in_integral_school" time="0.137"><skipped type="pytest.skip" message="Authentication failed - skipping tests">/app/backend/tests/test_teacher_allocation_integral.py:330: Authentication failed - skipping tests</skipped></testcase></testsuite></testsuites>