<?xml version="1.0" encoding="utf-8"?><testsuites name="pytest tests"><testsuite name="pytest" errors="0" failures="0" skipped="0" tests="8" time="2.175" timestamp="2026-05-04T16:38:08.854597+00:00" hostname="agent-env-58fcc95f-228c-4639-8789-7d9a8af1843d"><testcase classname="tests.test_branding_g4" name="test_branding_requires_auth" time="0.296" /><testcase classname="tests.test_branding_g4" name="test_branding_rejects_invalid_hex" time="0.925" /><testcase classname="tests.test_branding_g4" name="test_branding_rejects_invalid_secondary_hex" time="0.154" /><testcase classname="tests.test_branding_g4" name="test_branding_updates_with_valid_payload" time="0.144" /><testcase classname="tests.test_branding_g4" name="test_branding_persistence_via_mantenedora_get" time="0.116" /><testcase classname="tests.test_branding_g4" name="test_mantenedoras_list_super_admin" time="0.113" /><testcase classname="tests.test_branding_g4" name="test_branding_empty_payload_rejected" time="0.111" /><testcase classname="tests.test_branding_g4" name="test_branding_invalid_tenant_returns_404" time="0.156" /></testsuite></testsuites>