<?xml version="1.0" encoding="utf-8"?><testsuites name="pytest tests"><testsuite name="pytest" errors="0" failures="0" skipped="0" tests="7" time="0.024" timestamp="2026-01-06T02:07:18.751141+00:00" hostname="agent-env-b1696c8e-9c66-4f1e-99c9-d1ac061b9bc7"><testcase classname="tests.test_pdf_generator_media.TestPdfGeneratorMediaCalculation" name="test_media_calculation_all_zeros" time="0.000" /><testcase classname="tests.test_pdf_generator_media.TestPdfGeneratorMediaCalculation" name="test_media_calculation_all_none" time="0.000" /><testcase classname="tests.test_pdf_generator_media.TestPdfGeneratorMediaCalculation" name="test_media_calculation_mixed_zero_and_none" time="0.000" /><testcase classname="tests.test_pdf_generator_media.TestPdfGeneratorMediaCalculation" name="test_media_calculation_normal_grades" time="0.000" /><testcase classname="tests.test_pdf_generator_media.TestPdfGeneratorMediaCalculation" name="test_media_calculation_partial_grades" time="0.000" /><testcase classname="tests.test_pdf_generator_media.TestMediaPorComponenteList" name="test_build_medias_list_with_zero_grades" time="0.000" /><testcase classname="tests.test_pdf_generator_media.TestMediaPorComponenteList" name="test_approval_check_with_zero_media" time="0.000" /></testsuite></testsuites>