<?xml version="1.0" encoding="utf-8"?><testsuites name="pytest tests"><testsuite name="pytest" errors="0" failures="0" skipped="0" tests="6" time="1.120" timestamp="2026-01-11T21:19:03.270459+00:00" hostname="agent-env-50ead60b-889d-4447-8331-30cd5e3bb4b1"><testcase classname="tests.test_pre_matricula.TestPreMatriculaPublicEndpoints" name="test_get_schools_with_pre_matricula_active" time="0.109" /><testcase classname="tests.test_pre_matricula.TestPreMatriculaPublicEndpoints" name="test_submit_pre_matricula_success" time="0.080" /><testcase classname="tests.test_pre_matricula.TestPreMatriculaPublicEndpoints" name="test_submit_pre_matricula_missing_required_fields" time="0.082" /><testcase classname="tests.test_pre_matricula.TestPreMatriculaAuthenticatedEndpoints" name="test_list_pre_matriculas" time="0.316" /><testcase classname="tests.test_pre_matricula.TestPreMatriculaAuthenticatedEndpoints" name="test_list_pre_matriculas_without_auth" time="0.035" /><testcase classname="tests.test_pre_matricula.TestSchoolPreMatriculaToggle" name="test_school_has_pre_matricula_field" time="0.311" /></testsuite></testsuites>