<?xml version="1.0" encoding="utf-8"?><testsuites name="pytest tests"><testsuite name="pytest" errors="0" failures="0" skipped="0" tests="5" time="1.636" timestamp="2026-03-08T15:40:42.697250+00:00" hostname="agent-env-86b911e5-bd29-467c-9535-273dc1676a17"><testcase classname="backend.tests.test_student_series.TestStudentSeriesFeature" name="test_create_student_with_student_series_in_multigrade_class" time="0.605" /><testcase classname="backend.tests.test_student_series.TestStudentSeriesFeature" name="test_get_student_returns_student_series_from_enrollment" time="0.258" /><testcase classname="backend.tests.test_student_series.TestStudentSeriesFeature" name="test_update_student_series_in_multigrade_class" time="0.300" /><testcase classname="backend.tests.test_student_series.TestStudentSeriesFeature" name="test_create_student_in_normal_class_uses_grade_level" time="0.181" /><testcase classname="backend.tests.test_student_series.TestStudentSeriesFeature" name="test_student_series_preserved_after_other_updates" time="0.236" /></testsuite></testsuites>