<?xml version="1.0" encoding="utf-8"?><testsuites name="pytest tests"><testsuite name="pytest" errors="0" failures="0" skipped="0" tests="21" time="2.625" timestamp="2026-03-27T01:30:28.476552+00:00" hostname="agent-env-da71bccd-568f-43b7-9fe8-7a706c7df846"><testcase classname="backend.tests.test_semed_roles_restructure.TestHRRoleGroups" name="test_hr_competencies_requires_admin_or_semed_analista_or_viewer" time="0.711" /><testcase classname="backend.tests.test_semed_roles_restructure.TestHRRoleGroups" name="test_hr_competencies_without_auth_returns_401" time="0.151" /><testcase classname="backend.tests.test_semed_roles_restructure.TestHRRoleGroups" name="test_hr_dashboard_analytics_requires_admin_or_semed" time="0.121" /><testcase classname="backend.tests.test_semed_roles_restructure.TestSemedRoleRestrictions" name="test_semed_base_cannot_access_hr_competencies" time="0.111" /><testcase classname="backend.tests.test_semed_roles_restructure.TestSemedRoleRestrictions" name="test_semed1_cannot_access_hr_competencies" time="0.121" /><testcase classname="backend.tests.test_semed_roles_restructure.TestSemed2AnalistaPermissions" name="test_approve_endpoint_allows_admin_and_semed2" time="0.114" /><testcase classname="backend.tests.test_semed_roles_restructure.TestSemed2AnalistaPermissions" name="test_return_endpoint_allows_admin_and_semed2" time="0.117" /><testcase classname="backend.tests.test_semed_roles_restructure.TestSemed3ViewerPermissions" name="test_semed3_can_view_hr_competencies" time="0.134" /><testcase classname="backend.tests.test_semed_roles_restructure.TestSemed3ViewerPermissions" name="test_semed3_can_view_hr_dashboard_analytics" time="0.171" /><testcase classname="backend.tests.test_semed_roles_restructure.TestAnalyticsRoleRestrictions" name="test_analytics_overview_allows_semed3" time="0.111" /><testcase classname="backend.tests.test_semed_roles_restructure.TestAnalyticsRoleRestrictions" name="test_analytics_schools_ranking_restricts_non_global" time="0.128" /><testcase classname="backend.tests.test_semed_roles_restructure.TestDiaryDashboardRoles" name="test_diary_dashboard_attendance_accessible" time="0.149" /><testcase classname="backend.tests.test_semed_roles_restructure.TestDiaryDashboardRoles" name="test_diary_dashboard_grades_accessible" time="0.152" /><testcase classname="backend.tests.test_semed_roles_restructure.TestDiaryDashboardRoles" name="test_diary_dashboard_content_accessible" time="0.126" /><testcase classname="backend.tests.test_semed_roles_restructure.TestHRWriteRolesExcludesSemed3" name="test_hr_write_roles_definition" time="0.144" /><testcase classname="backend.tests.test_semed_roles_restructure.TestFrontendRouteAllowedRoles" name="test_analytics_route_includes_semed3_not_semed" time="0.000" /><testcase classname="backend.tests.test_semed_roles_restructure.TestFrontendRouteAllowedRoles" name="test_hr_route_includes_semed2_semed3_not_semed_semed1" time="0.000" /><testcase classname="backend.tests.test_semed_roles_restructure.TestFrontendRouteAllowedRoles" name="test_diary_dashboard_route_includes_all_semed" time="0.000" /><testcase classname="backend.tests.test_semed_roles_restructure.TestFrontendRouteAllowedRoles" name="test_diario_aee_route_includes_semed1_semed2_semed3_not_semed" time="0.000" /><testcase classname="backend.tests.test_semed_roles_restructure.TestFrontendRouteAllowedRoles" name="test_pre_matriculas_route_includes_semed3_not_others" time="0.000" /><testcase classname="backend.tests.test_semed_roles_restructure.TestHRPayrollIsEditableLogic" name="test_is_editable_false_for_semed3" time="0.000" /></testsuite></testsuites>