<?xml version="1.0" encoding="utf-8"?><testsuites name="pytest tests"><testsuite name="pytest" errors="0" failures="0" skipped="0" tests="18" time="1.521" timestamp="2026-02-02T21:42:46.259240+00:00" hostname="agent-env-b30b869e-1c43-4a88-9578-3bc7749d9eea"><testcase classname="backend.tests.test_student_actions.TestStudentActionsAPI" name="test_login_success" time="0.313" /><testcase classname="backend.tests.test_student_actions.TestStudentActionsAPI" name="test_login_invalid_credentials" time="0.033" /><testcase classname="backend.tests.test_student_actions.TestStudentActionsAPI" name="test_get_students_list" time="0.725" /><testcase classname="backend.tests.test_student_actions.TestStudentActionsAPI" name="test_get_students_with_limit" time="0.014" /><testcase classname="backend.tests.test_student_actions.TestStudentActionsAPI" name="test_students_have_transferred_status" time="0.018" /><testcase classname="backend.tests.test_student_actions.TestStudentActionsAPI" name="test_update_student_observations" time="0.033" /><testcase classname="backend.tests.test_student_actions.TestStudentActionsAPI" name="test_update_student_status_to_active" time="0.043" /><testcase classname="backend.tests.test_student_actions.TestStudentActionsAPI" name="test_update_nonexistent_student" time="0.009" /><testcase classname="backend.tests.test_student_actions.TestStudentActionsAPI" name="test_get_student_history" time="0.014" /><testcase classname="backend.tests.test_student_actions.TestStudentActionsAPI" name="test_history_contains_action_types" time="0.012" /><testcase classname="backend.tests.test_student_actions.TestStudentActionsAPI" name="test_history_nonexistent_student" time="0.008" /><testcase classname="backend.tests.test_student_actions.TestStudentActionsAPI" name="test_get_schools" time="0.017" /><testcase classname="backend.tests.test_student_actions.TestStudentActionsAPI" name="test_get_classes" time="0.007" /><testcase classname="backend.tests.test_student_actions.TestStudentActionsAPI" name="test_matricular_action_requires_transferred_status" time="0.017" /><testcase classname="backend.tests.test_student_actions.TestStudentActionsAPI" name="test_update_creates_history_entry" time="0.035" /><testcase classname="backend.tests.test_student_actions.TestStudentActionsWithoutAuth" name="test_students_requires_auth" time="0.034" /><testcase classname="backend.tests.test_student_actions.TestStudentActionsWithoutAuth" name="test_student_update_requires_auth" time="0.032" /><testcase classname="backend.tests.test_student_actions.TestStudentActionsWithoutAuth" name="test_student_history_requires_auth" time="0.034" /></testsuite></testsuites>