<?xml version="1.0" encoding="utf-8"?><testsuites name="pytest tests"><testsuite name="pytest" errors="0" failures="0" skipped="0" tests="15" time="1.471" timestamp="2026-04-01T23:46:26.775488+00:00" hostname="agent-env-3db53975-09ba-4cff-85de-268d58407b0c"><testcase classname="tests.test_attendance_filter_course.TestHealthCheck" name="test_health_endpoint" time="0.290" /><testcase classname="tests.test_attendance_filter_course.TestAttendanceReportClassEndpoint" name="test_endpoint_accepts_course_id_param" time="0.532" /><testcase classname="tests.test_attendance_filter_course.TestAttendanceReportClassEndpoint" name="test_endpoint_accepts_bimestre_param" time="0.053" /><testcase classname="tests.test_attendance_filter_course.TestAttendanceReportClassEndpoint" name="test_endpoint_accepts_both_params" time="0.047" /><testcase classname="tests.test_attendance_filter_course.TestAttendanceReportClassEndpoint" name="test_bimestre_validation_range" time="0.214" /><testcase classname="tests.test_attendance_filter_course.TestAttendancePdfBimestreEndpoint" name="test_endpoint_exists" time="0.060" /><testcase classname="tests.test_attendance_filter_course.TestAttendancePdfBimestreEndpoint" name="test_endpoint_accepts_course_id_param" time="0.055" /><testcase classname="tests.test_attendance_filter_course.TestAttendancePdfBimestreEndpoint" name="test_bimestre_is_required" time="0.054" /><testcase classname="tests.test_attendance_filter_course.TestAttendancePdfBimestreEndpoint" name="test_bimestre_validation" time="0.058" /><testcase classname="tests.test_attendance_filter_course.TestCodeReviewVerification" name="test_attendance_py_has_bimestre_param" time="0.000" /><testcase classname="tests.test_attendance_filter_course.TestCodeReviewVerification" name="test_attendance_py_filters_by_bimestre" time="0.001" /><testcase classname="tests.test_attendance_filter_course.TestCodeReviewVerification" name="test_attendance_ext_py_has_course_id_filter" time="0.000" /><testcase classname="tests.test_attendance_filter_course.TestCodeReviewVerification" name="test_attendance_ext_py_teacher_query_uses_course_id" time="0.000" /><testcase classname="tests.test_attendance_filter_course.TestFrontendCodeVerification" name="test_api_js_getClassReport_has_bimestre" time="0.001" /><testcase classname="tests.test_attendance_filter_course.TestFrontendCodeVerification" name="test_attendance_js_passes_bimestre" time="0.001" /></testsuite></testsuites>