<?xml version="1.0" encoding="utf-8"?><testsuites name="pytest tests"><testsuite name="pytest" errors="0" failures="0" skipped="0" tests="5" time="1.635" timestamp="2026-05-04T17:19:05.382336+00:00" hostname="agent-env-58fcc95f-228c-4639-8789-7d9a8af1843d"><testcase classname="backend.tests.test_aee_csrf_fix" name="test_post_planos_without_csrf_returns_403" time="0.525" /><testcase classname="backend.tests.test_aee_csrf_fix" name="test_post_atendimentos_without_csrf_returns_403" time="0.125" /><testcase classname="backend.tests.test_aee_csrf_fix" name="test_post_templates_without_csrf_returns_403" time="0.160" /><testcase classname="backend.tests.test_aee_csrf_fix" name="test_post_planos_with_csrf_passes_middleware" time="0.139" /><testcase classname="backend.tests.test_aee_csrf_fix" name="test_full_create_plano_flow_with_csrf" time="0.609" /></testsuite></testsuites>