<?xml version="1.0" encoding="utf-8"?><testsuites name="pytest tests"><testsuite name="pytest" errors="0" failures="1" skipped="0" tests="19" time="4.533" timestamp="2026-02-26T00:51:13.475981+00:00" hostname="agent-env-69db117e-f754-4cf7-98f0-4ad92a213ea2"><testcase classname="tests.test_semed3_role.TestSemed3ReadAccess" name="test_get_schools" time="0.627" /><testcase classname="tests.test_semed3_role.TestSemed3ReadAccess" name="test_get_classes" time="0.131" /><testcase classname="tests.test_semed3_role.TestSemed3ReadAccess" name="test_get_students" time="0.142" /><testcase classname="tests.test_semed3_role.TestSemed3ReadAccess" name="test_get_users" time="0.116" /><testcase classname="tests.test_semed3_role.TestSemed3ReadAccess" name="test_get_staff" time="0.136" /><testcase classname="tests.test_semed3_role.TestSemed3ReadAccess" name="test_get_courses" time="0.106" /><testcase classname="tests.test_semed3_role.TestSemed3ReadAccess" name="test_get_analytics_overview" time="0.130" /><testcase classname="tests.test_semed3_role.TestSemed3ReadAccess" name="test_get_calendar_events" time="0.106" /><testcase classname="tests.test_semed3_role.TestSemed3ReadAccess" name="test_get_announcements" time="0.153" /><testcase classname="tests.test_semed3_role.TestSemed3WriteAccessDenied" name="test_cannot_create_school" time="0.111" /><testcase classname="tests.test_semed3_role.TestSemed3WriteAccessDenied" name="test_cannot_create_class" time="0.654"><failure message="AssertionError: Expected 403, got 422: {&quot;detail&quot;:[{&quot;type&quot;:&quot;missing&quot;,&quot;loc&quot;:[&quot;body&quot;,&quot;grade_level&quot;],&quot;msg&quot;:&quot;Field required&quot;,&quot;input&quot;:{&quot;name&quot;:&quot;Test Class&quot;,&quot;school_id&quot;:&quot;220d4022-ec5e-4fb6-86fc-9233112b87b2&quot;,&quot;academic_year&quot;:2025,&quot;shift&quot;:&quot;morning&quot;},&quot;url&quot;:&quot;https://errors.pydantic.dev/2.12/v/missing&quot;}]}&#10;assert 422 == 403&#10; +  where 422 = &lt;Response [422]&gt;.status_code">tests/test_semed3_role.py:140: in test_cannot_create_class
    assert response.status_code == 403, f"Expected 403, got {response.status_code}: {response.text}"
E   AssertionError: Expected 403, got 422: {"detail":[{"type":"missing","loc":["body","grade_level"],"msg":"Field required","input":{"name":"Test Class","school_id":"220d4022-ec5e-4fb6-86fc-9233112b87b2","academic_year":2025,"shift":"morning"},"url":"https://errors.pydantic.dev/2.12/v/missing"}]}
E   assert 422 == 403
E    +  where 422 = &lt;Response [422]&gt;.status_code</failure></testcase><testcase classname="tests.test_semed3_role.TestSemed3WriteAccessDenied" name="test_cannot_create_student" time="0.249" /><testcase classname="tests.test_semed3_role.TestSemed3WriteAccessDenied" name="test_cannot_delete_user" time="0.232" /><testcase classname="tests.test_semed3_role.TestSemed3WriteAccessDenied" name="test_cannot_update_school" time="0.310" /><testcase classname="tests.test_semed3_role.TestSemed3WriteAccessDenied" name="test_cannot_update_user" time="0.233" /><testcase classname="tests.test_semed3_role.TestSemed3WriteAccessDenied" name="test_cannot_delete_school" time="0.231" /><testcase classname="tests.test_semed3_role.TestSemed3WriteAccessDenied" name="test_cannot_create_staff" time="0.163" /><testcase classname="tests.test_semed3_role.TestSemed3UserProperties" name="test_semed3_login_returns_correct_role" time="0.436" /><testcase classname="tests.test_semed3_role.TestSemed3UserProperties" name="test_semed3_me_endpoint" time="0.131" /></testsuite></testsuites>