<?xml version="1.0" encoding="utf-8"?><testsuites name="pytest tests"><testsuite name="pytest" errors="0" failures="1" skipped="0" tests="24" time="9.757" timestamp="2026-03-09T21:05:54.502437+00:00" hostname="agent-env-572e09c5-305e-441c-bcbd-753469062b6e"><testcase classname="tests.test_backend_modular_regression.TestHealthCheck" name="test_api_root" time="0.223" /><testcase classname="tests.test_backend_modular_regression.TestHealthCheck" name="test_health_check" time="0.142" /><testcase classname="tests.test_backend_modular_regression.TestAuthentication" name="test_login_admin" time="0.356" /><testcase classname="tests.test_backend_modular_regression.TestAuthentication" name="test_login_semed3" time="0.368"><failure message="assert 401 == 200&#10; +  where 401 = &lt;Response [401]&gt;.status_code">tests/test_backend_modular_regression.py:85: in test_login_semed3
    assert response.status_code == 200
E   assert 401 == 200
E    +  where 401 = &lt;Response [401]&gt;.status_code</failure></testcase><testcase classname="tests.test_backend_modular_regression.TestAuthentication" name="test_login_invalid_credentials" time="0.112" /><testcase classname="tests.test_backend_modular_regression.TestSchools" name="test_list_schools" time="0.508" /><testcase classname="tests.test_backend_modular_regression.TestStudents" name="test_list_students_paginated" time="0.451" /><testcase classname="tests.test_backend_modular_regression.TestClasses" name="test_list_classes" time="0.485" /><testcase classname="tests.test_backend_modular_regression.TestCourses" name="test_list_courses" time="0.489" /><testcase classname="tests.test_backend_modular_regression.TestUsers" name="test_list_users" time="0.470" /><testcase classname="tests.test_backend_modular_regression.TestEnrollments" name="test_list_enrollments" time="0.453" /><testcase classname="tests.test_backend_modular_regression.TestStaff" name="test_list_staff" time="0.439" /><testcase classname="tests.test_backend_modular_regression.TestGrades" name="test_list_grades" time="0.443" /><testcase classname="tests.test_backend_modular_regression.TestCalendar" name="test_list_calendar_events" time="0.473" /><testcase classname="tests.test_backend_modular_regression.TestAnnouncements" name="test_list_announcements" time="0.461" /><testcase classname="tests.test_backend_modular_regression.TestSchoolAssignments" name="test_list_school_assignments" time="0.492" /><testcase classname="tests.test_backend_modular_regression.TestMantenedora" name="test_get_mantenedora" time="0.492" /><testcase classname="tests.test_backend_modular_regression.TestAnalytics" name="test_analytics_overview" time="0.458" /><testcase classname="tests.test_backend_modular_regression.TestPreMatriculas" name="test_list_pre_matriculas" time="0.439" /><testcase classname="tests.test_backend_modular_regression.TestGuardians" name="test_list_guardians" time="0.453" /><testcase classname="tests.test_backend_modular_regression.TestAuditLogs" name="test_list_audit_logs" time="0.462" /><testcase classname="tests.test_backend_modular_regression.TestNotifications" name="test_unread_count" time="0.471" /><testcase classname="tests.test_backend_modular_regression.TestAuthMe" name="test_auth_me" time="0.471" /><testcase classname="tests.test_backend_modular_regression" name="test_summary" time="0.000" /></testsuite></testsuites>