<?xml version="1.0" encoding="utf-8"?><testsuites name="pytest tests"><testsuite name="pytest" errors="0" failures="0" skipped="0" tests="14" time="2.683" timestamp="2026-04-02T01:08:43.719680+00:00" hostname="agent-env-3db53975-09ba-4cff-85de-268d58407b0c"><testcase classname="tests.test_messaging_direct.TestMessagingDirectConnection" name="test_health_check" time="0.135" /><testcase classname="tests.test_messaging_direct.TestMessagingDirectConnection" name="test_admin_login" time="0.344" /><testcase classname="tests.test_messaging_direct.TestMessagingDirectConnection" name="test_get_connection_status_self" time="0.232" /><testcase classname="tests.test_messaging_direct.TestMessagingDirectConnection" name="test_get_connection_status_admin_direct" time="0.267" /><testcase classname="tests.test_messaging_direct.TestMessagingDirectConnection" name="test_create_direct_connection_admin_to_user" time="0.131" /><testcase classname="tests.test_messaging_direct.TestMessagingDirectConnection" name="test_create_direct_connection_invalid_user" time="0.111" /><testcase classname="tests.test_messaging_direct.TestMessagingDirectConnection" name="test_create_direct_connection_self" time="0.133" /><testcase classname="tests.test_messaging_direct.TestMessagingDirectConnection" name="test_list_connections" time="0.110" /><testcase classname="tests.test_messaging_direct.TestMessagingDirectConnection" name="test_send_message_admin_to_user" time="0.113" /><testcase classname="tests.test_messaging_direct.TestMessagingDirectConnection" name="test_send_message_empty_content" time="0.112" /><testcase classname="tests.test_messaging_direct.TestMessagingDirectConnection" name="test_get_unread_count" time="0.133" /><testcase classname="tests.test_messaging_direct.TestMessagingDirectConnection" name="test_list_conversations" time="0.130" /><testcase classname="tests.test_messaging_direct.TestMessagingDirectConnection" name="test_notifications_unread_count" time="0.116" /><testcase classname="tests.test_messaging_direct.TestConnectionStatusEndpoint" name="test_status_endpoint_returns_correct_fields" time="0.565" /></testsuite></testsuites>