<?xml version="1.0" encoding="utf-8"?><testsuites name="pytest tests"><testsuite name="pytest" errors="0" failures="0" skipped="0" tests="9" time="1.489" timestamp="2026-03-09T19:41:07.559769+00:00" hostname="agent-env-b99f9661-2d5d-495e-a45f-ba3068700d26"><testcase classname="backend.tests.test_students_pagination.TestStudentsPagination" name="test_pagination_response_structure" time="0.628" /><testcase classname="backend.tests.test_students_pagination.TestStudentsPagination" name="test_page_size_limits_results" time="0.063" /><testcase classname="backend.tests.test_students_pagination.TestStudentsPagination" name="test_total_pages_calculation" time="0.058" /><testcase classname="backend.tests.test_students_pagination.TestStudentsSearch" name="test_search_by_name_minimum_3_chars" time="0.109" /><testcase classname="backend.tests.test_students_pagination.TestStudentsSearch" name="test_search_returns_filtered_total" time="0.114" /><testcase classname="backend.tests.test_students_pagination.TestStudentsSchoolFilter" name="test_school_filter_returns_only_school_students" time="0.103" /><testcase classname="backend.tests.test_students_pagination.TestStudentsCombinedFilters" name="test_combined_school_and_search" time="0.105" /><testcase classname="backend.tests.test_students_pagination.TestStudentsCombinedFilters" name="test_status_filter" time="0.111" /><testcase classname="backend.tests.test_students_pagination.TestStudentsCombinedFilters" name="test_class_filter" time="0.130" /></testsuite></testsuites>