<?xml version="1.0" encoding="utf-8"?><testsuites name="pytest tests"><testsuite name="pytest" errors="0" failures="1" skipped="1" tests="15" time="6.452" timestamp="2026-03-21T16:15:07.969066+00:00" hostname="agent-env-17e0c346-397b-4311-84d3-4602685fc5fe"><testcase classname="tests.test_grades_blocking.TestAuthentication" name="test_admin_login_returns_access_token" time="0.542" /><testcase classname="tests.test_grades_blocking.TestAuthentication" name="test_secretario_login_returns_access_token" time="0.096"><failure message="AssertionError: Login failed: {&quot;detail&quot;:&quot;Email ou senha incorretos&quot;}&#10;assert 401 == 200&#10; +  where 401 = &lt;Response [401]&gt;.status_code">tests/test_grades_blocking.py:53: in test_secretario_login_returns_access_token
    assert response.status_code == 200, f"Login failed: {response.text}"
E   AssertionError: Login failed: {"detail":"Email ou senha incorretos"}
E   assert 401 == 200
E    +  where 401 = &lt;Response [401]&gt;.status_code</failure></testcase><testcase classname="tests.test_grades_blocking.TestGradesByClassEndpoint" name="test_endpoint_returns_200" time="0.452" /><testcase classname="tests.test_grades_blocking.TestGradesByClassEndpoint" name="test_response_is_list" time="0.443" /><testcase classname="tests.test_grades_blocking.TestGradesByClassEndpoint" name="test_student_object_has_required_fields" time="0.499" /><testcase classname="tests.test_grades_blocking.TestGradesByClassEndpoint" name="test_blocked_after_action_contains_valid_bimestres" time="0.438" /><testcase classname="tests.test_grades_blocking.TestGradesByClassEndpoint" name="test_blocked_before_enrollment_contains_valid_bimestres" time="0.563" /><testcase classname="tests.test_grades_blocking.TestBlockedAfterActionLogic" name="test_transferred_student_has_blocked_after_action" time="0.460" /><testcase classname="tests.test_grades_blocking.TestBlockedAfterActionLogic" name="test_student_without_action_has_empty_blocked_after" time="0.457" /><testcase classname="tests.test_grades_blocking.TestBlockedBeforeEnrollmentLogic" name="test_enrollment_date_is_returned" time="0.434" /><testcase classname="tests.test_grades_blocking.TestBlockedBeforeEnrollmentLogic" name="test_late_enrollment_blocks_early_bimestres" time="0.430" /><testcase classname="tests.test_grades_blocking.TestGradeObjectStructure" name="test_grade_object_has_bimestre_fields" time="0.469" /><testcase classname="tests.test_grades_blocking.TestGradeObjectStructure" name="test_grade_object_has_recovery_fields" time="0.476" /><testcase classname="tests.test_grades_blocking.TestGradeObjectStructure" name="test_grade_object_has_status_and_average" time="0.455" /><testcase classname="tests.test_grades_blocking.TestSecretarioAccess" name="test_secretario_can_access_grades_by_class" time="0.100"><skipped type="pytest.skip" message="Secretario authentication failed">/app/backend/tests/test_grades_blocking.py:349: Secretario authentication failed</skipped></testcase></testsuite></testsuites>