<?xml version="1.0" encoding="utf-8"?><testsuites name="pytest tests"><testsuite name="pytest" errors="0" failures="0" skipped="0" tests="7" time="0.857" timestamp="2026-02-05T00:44:30.690606+00:00" hostname="agent-env-cf2dc20d-96c2-4d22-befd-43f5691fcffd"><testcase classname="tests.test_multi_grade.TestClassMultiGradeModel" name="test_create_regular_class" time="0.434" /><testcase classname="tests.test_multi_grade.TestClassMultiGradeModel" name="test_create_multi_grade_class" time="0.017" /><testcase classname="tests.test_multi_grade.TestClassMultiGradeModel" name="test_update_class_to_multi_grade" time="0.025" /><testcase classname="tests.test_multi_grade.TestClassMultiGradeModel" name="test_get_class_with_multi_grade_fields" time="0.029" /><testcase classname="tests.test_multi_grade.TestEnrollmentStudentSeries" name="test_create_enrollment_with_student_series" time="0.075" /><testcase classname="tests.test_multi_grade.TestEnrollmentStudentSeries" name="test_enrollment_without_student_series" time="0.058" /><testcase classname="tests.test_multi_grade.TestClassListWithMultiGrade" name="test_list_classes_includes_multi_grade_fields" time="0.036" /></testsuite></testsuites>