<?xml version="1.0" encoding="utf-8"?><testsuites name="pytest tests"><testsuite name="pytest" errors="3" failures="0" skipped="0" tests="10" time="4.881" timestamp="2026-02-16T01:11:04.423167+00:00" hostname="agent-env-8599342d-6c0a-407b-9504-55003112ac79"><testcase classname="tests.test_diary_dashboard.TestDiaryDashboardEndpoints" name="test_attendance_stats_endpoint" time="0.634" /><testcase classname="tests.test_diary_dashboard.TestDiaryDashboardEndpoints" name="test_grades_stats_endpoint" time="0.538" /><testcase classname="tests.test_diary_dashboard.TestDiaryDashboardEndpoints" name="test_content_stats_endpoint" time="0.620" /><testcase classname="tests.test_diary_dashboard.TestDiaryDashboardEndpoints" name="test_attendance_with_school_filter" time="0.647" /><testcase classname="tests.test_diary_dashboard.TestDiaryDashboardEndpoints" name="test_grades_with_filters" time="0.747" /><testcase classname="tests.test_diary_dashboard.TestRolePermissions" name="test_admin_can_access_diary_dashboard" time="0.526" /><testcase classname="tests.test_diary_dashboard.TestRolePermissions" name="test_permissions_endpoint_returns_correct_structure" time="0.477" /><testcase classname="tests.test_diary_dashboard.TestNewRolesDefinition" name="test_users_endpoint_works" time="0.134"><error message="failed on setup with &quot;assert 429 == 200&#10; +  where 429 = &lt;Response [429]&gt;.status_code&quot;">tests/test_diary_dashboard.py:200: in setup
    assert login_response.status_code == 200
E   assert 429 == 200
E    +  where 429 = &lt;Response [429]&gt;.status_code</error></testcase><testcase classname="tests.test_diary_dashboard.TestDiaryDashboardFilters" name="test_academic_year_filter_required" time="0.176"><error message="failed on setup with &quot;assert 429 == 200&#10; +  where 429 = &lt;Response [429]&gt;.status_code&quot;">tests/test_diary_dashboard.py:234: in setup
    assert login_response.status_code == 200
E   assert 429 == 200
E    +  where 429 = &lt;Response [429]&gt;.status_code</error></testcase><testcase classname="tests.test_diary_dashboard.TestDiaryDashboardFilters" name="test_different_academic_years" time="0.163"><error message="failed on setup with &quot;assert 429 == 200&#10; +  where 429 = &lt;Response [429]&gt;.status_code&quot;">tests/test_diary_dashboard.py:234: in setup
    assert login_response.status_code == 200
E   assert 429 == 200
E    +  where 429 = &lt;Response [429]&gt;.status_code</error></testcase></testsuite></testsuites>