<?xml version="1.0" encoding="utf-8"?><testsuites name="pytest tests"><testsuite name="pytest" errors="0" failures="0" skipped="0" tests="9" time="1.034" timestamp="2026-01-04T20:37:11.258592+00:00" hostname="agent-env-f8acb9d1-e7bc-4feb-932b-a1871e4a0774"><testcase classname="tests.test_promotion_pdf.TestPromotionPDFEndpoint" name="test_pdf_generation_3ano" time="0.396" /><testcase classname="tests.test_promotion_pdf.TestPromotionPDFEndpoint" name="test_pdf_generation_6ano" time="0.117" /><testcase classname="tests.test_promotion_pdf.TestPromotionPDFEndpoint" name="test_pdf_generation_9ano" time="0.116" /><testcase classname="tests.test_promotion_pdf.TestPromotionPDFEndpoint" name="test_pdf_requires_authentication" time="0.034" /><testcase classname="tests.test_promotion_pdf.TestPromotionPDFEndpoint" name="test_pdf_invalid_class_id" time="0.037" /><testcase classname="tests.test_promotion_pdf.TestPromotionPDFEndpoint" name="test_pdf_default_academic_year" time="0.116" /><testcase classname="tests.test_promotion_pdf.TestPromotionPageData" name="test_schools_list" time="0.038" /><testcase classname="tests.test_promotion_pdf.TestPromotionPageData" name="test_classes_list" time="0.033" /><testcase classname="tests.test_promotion_pdf.TestPromotionPageData" name="test_enrollments_by_class" time="0.035" /></testsuite></testsuites>