<?xml version="1.0" encoding="utf-8"?><testsuites name="pytest tests"><testsuite name="pytest" errors="0" failures="0" skipped="0" tests="10" time="2.177" timestamp="2026-04-22T02:52:18.431520+00:00" hostname="agent-env-032cdbb2-53cf-4a88-8027-275e3ed5fad5"><testcase classname="backend.tests.test_mantenedora_active.TestGetMantenedoraActive" name="test_no_header_returns_first_mantenedora" time="0.568" /><testcase classname="backend.tests.test_mantenedora_active.TestGetMantenedoraActive" name="test_header_t1_returns_t1_mantenedora" time="0.117" /><testcase classname="backend.tests.test_mantenedora_active.TestGetMantenedoraActive" name="test_header_t2_returns_t2_mantenedora" time="0.307" /><testcase classname="backend.tests.test_mantenedora_active.TestPutMantenedoraActive" name="test_super_admin_can_put_t1" time="0.319" /><testcase classname="backend.tests.test_mantenedora_active.TestPutMantenedoraActive" name="test_super_admin_can_put_t2" time="0.144" /><testcase classname="backend.tests.test_mantenedora_active.TestPutMantenedoraActive" name="test_put_writes_to_mantenedoras_plural_collection" time="0.081" /><testcase classname="backend.tests.test_mantenedora_active.TestRegressionPhase2" name="test_me_returns_super_admin" time="0.122" /><testcase classname="backend.tests.test_mantenedora_active.TestRegressionPhase2" name="test_t1_schools_still_visible" time="0.107" /><testcase classname="backend.tests.test_mantenedora_active.TestRegressionPhase2" name="test_classes_count_t1" time="0.130" /><testcase classname="backend.tests.test_mantenedora_active.TestRegressionPhase2" name="test_mantenedoras_list_visible" time="0.229" /></testsuite></testsuites>