<?xml version="1.0" encoding="utf-8"?><testsuites name="pytest tests"><testsuite name="pytest" errors="0" failures="0" skipped="0" tests="9" time="2.932" timestamp="2026-06-10T02:04:52.268333+00:00" hostname="agent-env-6ced6dab-aac7-4778-b0e5-5d74014dfd9c"><testcase classname="tests.test_sie_endpoints.TestSIEConfig" name="test_get_config_creates_defaults" time="0.582" /><testcase classname="tests.test_sie_endpoints.TestSIEConfig" name="test_put_config_persists" time="0.396" /><testcase classname="tests.test_sie_endpoints.TestSIEConfig" name="test_put_config_coordenador_forbidden" time="0.496" /><testcase classname="tests.test_sie_endpoints.TestSIEStudent" name="test_get_student_live" time="0.245" /><testcase classname="tests.test_sie_endpoints.TestSIEStudent" name="test_post_compute_persists_and_idempotent" time="0.389" /><testcase classname="tests.test_sie_endpoints.TestSIEStudent" name="test_snapshots_endpoint" time="0.112" /><testcase classname="tests.test_sie_endpoints.TestSIEBatch" name="test_batch_compute_returns_stats" time="0.247" /><testcase classname="tests.test_sie_endpoints.TestSIEBatch" name="test_alerts_list" time="0.117" /><testcase classname="tests.test_sie_endpoints.TestSIEBatch" name="test_risk_list_filters" time="0.266" /></testsuite></testsuites>