<?xml version="1.0" encoding="utf-8"?><testsuites name="pytest tests"><testsuite name="pytest" errors="0" failures="0" skipped="0" tests="5" time="4.381" timestamp="2026-06-02T12:03:04.204039+00:00" hostname="agent-env-02389da4-38b5-458c-a3d0-d25b773dfd1e"><testcase classname="backend.tests.test_students_completeness" name="test_completeness_counts_present" time="3.793" /><testcase classname="backend.tests.test_students_completeness" name="test_filter_band_red" time="0.125" /><testcase classname="backend.tests.test_students_completeness" name="test_filter_band_yellow" time="0.168" /><testcase classname="backend.tests.test_students_completeness" name="test_filter_band_green" time="0.109" /><testcase classname="backend.tests.test_students_completeness" name="test_counts_match_unfiltered_total" time="0.125" /></testsuite></testsuites>