<?xml version="1.0" encoding="utf-8"?><testsuites name="pytest tests"><testsuite name="pytest" errors="0" failures="0" skipped="0" tests="28" time="9.423" timestamp="2026-08-10T03:14:38.601644+00:00" hostname="agent-env-d0424b6b-e770-40f3-9f50-0a03f8720de2"><testcase classname="tests.test_teachers_performance_bycomponent.TestShape" name="test_status_and_fields" time="3.867" /><testcase classname="tests.test_teachers_performance_bycomponent.TestShape" name="test_no_mongo_id_leak" time="0.000" /><testcase classname="tests.test_teachers_performance_bycomponent.TestInvariants" name="test_diario_real_ge_diario_pct" time="0.000" /><testcase classname="tests.test_teachers_performance_bycomponent.TestInvariants" name="test_no_double_100_inflation" time="0.000" /><testcase classname="tests.test_teachers_performance_bycomponent.TestInvariants" name="test_sla_components_consistent_with_diario_pct" time="0.000" /><testcase classname="tests.test_teachers_performance_bycomponent.TestInvariants" name="test_sorted_by_score_desc" time="0.000" /><testcase classname="tests.test_teachers_performance_bycomponent.TestFilters" name="test_limit" time="0.077" /><testcase classname="tests.test_teachers_performance_bycomponent.TestFilters" name="test_school_id_filter" time="0.139" /><testcase classname="tests.test_teachers_performance_bycomponent.TestFilters" name="test_invalid_school_id_returns_empty" time="0.054" /><testcase classname="tests.test_teachers_performance_bycomponent.TestEmptyYear" name="test_year_without_data[2019]" time="0.052" /><testcase classname="tests.test_teachers_performance_bycomponent.TestEmptyYear" name="test_year_without_data[1999]" time="0.059" /><testcase classname="tests.test_teachers_performance_bycomponent.TestPdf" name="test_pdf_ok" time="1.506" /><testcase classname="tests.test_teachers_performance_bycomponent.TestPdf" name="test_pdf_empty_year" time="1.339" /><testcase classname="tests.test_teachers_performance_bycomponent.TestAnalyticsRegression" name="test_endpoint_200[/api/analytics/overview-params0]" time="0.055" /><testcase classname="tests.test_teachers_performance_bycomponent.TestAnalyticsRegression" name="test_endpoint_200[/api/analytics/enrollments/trend-params1]" time="0.055" /><testcase classname="tests.test_teachers_performance_bycomponent.TestAnalyticsRegression" name="test_endpoint_200[/api/analytics/attendance/monthly-params2]" time="0.053" /><testcase classname="tests.test_teachers_performance_bycomponent.TestAnalyticsRegression" name="test_endpoint_200[/api/analytics/grades/by-subject-params3]" time="0.055" /><testcase classname="tests.test_teachers_performance_bycomponent.TestAnalyticsRegression" name="test_endpoint_200[/api/analytics/grades/by-period-params4]" time="0.056" /><testcase classname="tests.test_teachers_performance_bycomponent.TestAnalyticsRegression" name="test_endpoint_200[/api/analytics/schools/ranking-params5]" time="0.062" /><testcase classname="tests.test_teachers_performance_bycomponent.TestAnalyticsRegression" name="test_endpoint_200[/api/analytics/students/performance-params6]" time="0.060" /><testcase classname="tests.test_teachers_performance_bycomponent.TestAnalyticsRegression" name="test_endpoint_200[/api/analytics/distribution/grades-params7]" time="0.056" /><testcase classname="tests.test_teachers_performance_bycomponent.TestAuth" name="test_requires_auth" time="0.167" /><testcase classname="tests.test_teachers_performance_bycomponent_seeded.TestByComponentFix" name="test_both_teachers_returned" time="0.405" /><testcase classname="tests.test_teachers_performance_bycomponent_seeded.TestByComponentFix" name="test_no_inflation_for_low_coverage_teacher" time="0.000" /><testcase classname="tests.test_teachers_performance_bycomponent_seeded.TestByComponentFix" name="test_invariant_strict_when_late_launches" time="0.000" /><testcase classname="tests.test_teachers_performance_bycomponent_seeded.TestByComponentFix" name="test_coverage_is_double_the_sla" time="0.000" /><testcase classname="tests.test_teachers_performance_bycomponent_seeded.TestByComponentFix" name="test_other_teacher_component_does_not_leak" time="0.000" /><testcase classname="tests.test_teachers_performance_bycomponent_seeded.TestByComponentFix" name="test_pdf_with_seed" time="1.232" /></testsuite></testsuites>